[2023-07-21T16:46:45.786+0000] {processor.py:157} INFO - Started process (PID=31) to work on /opt/airflow/dags/asm08/asm_dag.py
[2023-07-21T16:46:45.789+0000] {processor.py:826} INFO - Processing file /opt/airflow/dags/asm08/asm_dag.py for tasks to queue
[2023-07-21T16:46:45.793+0000] {logging_mixin.py:150} INFO - [2023-07-21T16:46:45.793+0000] {dagbag.py:541} INFO - Filling up the DagBag from /opt/airflow/dags/asm08/asm_dag.py
[2023-07-21T16:46:45.836+0000] {processor.py:836} INFO - DAG(s) dict_keys(['ETL_toll_data']) retrieved from /opt/airflow/dags/asm08/asm_dag.py
[2023-07-21T16:46:46.264+0000] {logging_mixin.py:150} INFO - [2023-07-21T16:46:46.264+0000] {dag.py:2742} INFO - Sync 1 DAGs
[2023-07-21T16:46:46.300+0000] {logging_mixin.py:150} INFO - [2023-07-21T16:46:46.300+0000] {dag.py:3508} INFO - Setting next_dagrun for ETL_toll_data to 2023-07-21T00:00:00+00:00, run_after=2023-07-22T00:00:00+00:00
[2023-07-21T16:46:46.343+0000] {processor.py:179} INFO - Processing /opt/airflow/dags/asm08/asm_dag.py took 0.563 seconds
[2023-07-21T16:47:17.202+0000] {processor.py:157} INFO - Started process (PID=97) to work on /opt/airflow/dags/asm08/asm_dag.py
[2023-07-21T16:47:17.203+0000] {processor.py:826} INFO - Processing file /opt/airflow/dags/asm08/asm_dag.py for tasks to queue
[2023-07-21T16:47:17.205+0000] {logging_mixin.py:150} INFO - [2023-07-21T16:47:17.204+0000] {dagbag.py:541} INFO - Filling up the DagBag from /opt/airflow/dags/asm08/asm_dag.py
[2023-07-21T16:47:17.214+0000] {processor.py:836} INFO - DAG(s) dict_keys(['ETL_toll_data']) retrieved from /opt/airflow/dags/asm08/asm_dag.py
[2023-07-21T16:47:17.236+0000] {logging_mixin.py:150} INFO - [2023-07-21T16:47:17.236+0000] {dag.py:2742} INFO - Sync 1 DAGs
[2023-07-21T16:47:17.256+0000] {logging_mixin.py:150} INFO - [2023-07-21T16:47:17.256+0000] {dag.py:3508} INFO - Setting next_dagrun for ETL_toll_data to 2023-07-21T00:00:00+00:00, run_after=2023-07-22T00:00:00+00:00
[2023-07-21T16:47:17.270+0000] {processor.py:179} INFO - Processing /opt/airflow/dags/asm08/asm_dag.py took 0.071 seconds
[2023-07-21T16:47:47.732+0000] {processor.py:157} INFO - Started process (PID=157) to work on /opt/airflow/dags/asm08/asm_dag.py
[2023-07-21T16:47:47.735+0000] {processor.py:826} INFO - Processing file /opt/airflow/dags/asm08/asm_dag.py for tasks to queue
[2023-07-21T16:47:47.736+0000] {logging_mixin.py:150} INFO - [2023-07-21T16:47:47.736+0000] {dagbag.py:541} INFO - Filling up the DagBag from /opt/airflow/dags/asm08/asm_dag.py
[2023-07-21T16:47:47.745+0000] {processor.py:836} INFO - DAG(s) dict_keys(['ETL_toll_data']) retrieved from /opt/airflow/dags/asm08/asm_dag.py
[2023-07-21T16:47:47.767+0000] {logging_mixin.py:150} INFO - [2023-07-21T16:47:47.767+0000] {dag.py:2742} INFO - Sync 1 DAGs
[2023-07-21T16:47:47.786+0000] {logging_mixin.py:150} INFO - [2023-07-21T16:47:47.786+0000] {dag.py:3508} INFO - Setting next_dagrun for ETL_toll_data to 2023-07-21T00:00:00+00:00, run_after=2023-07-22T00:00:00+00:00
[2023-07-21T16:47:47.799+0000] {processor.py:179} INFO - Processing /opt/airflow/dags/asm08/asm_dag.py took 0.072 seconds
[2023-07-21T16:48:18.321+0000] {processor.py:157} INFO - Started process (PID=217) to work on /opt/airflow/dags/asm08/asm_dag.py
[2023-07-21T16:48:18.323+0000] {processor.py:826} INFO - Processing file /opt/airflow/dags/asm08/asm_dag.py for tasks to queue
[2023-07-21T16:48:18.324+0000] {logging_mixin.py:150} INFO - [2023-07-21T16:48:18.324+0000] {dagbag.py:541} INFO - Filling up the DagBag from /opt/airflow/dags/asm08/asm_dag.py
[2023-07-21T16:48:18.332+0000] {processor.py:836} INFO - DAG(s) dict_keys(['ETL_toll_data']) retrieved from /opt/airflow/dags/asm08/asm_dag.py
[2023-07-21T16:48:18.354+0000] {logging_mixin.py:150} INFO - [2023-07-21T16:48:18.354+0000] {dag.py:2742} INFO - Sync 1 DAGs
[2023-07-21T16:48:18.373+0000] {logging_mixin.py:150} INFO - [2023-07-21T16:48:18.373+0000] {dag.py:3508} INFO - Setting next_dagrun for ETL_toll_data to 2023-07-21T00:00:00+00:00, run_after=2023-07-22T00:00:00+00:00
[2023-07-21T16:48:18.386+0000] {processor.py:179} INFO - Processing /opt/airflow/dags/asm08/asm_dag.py took 0.068 seconds
[2023-07-21T16:48:48.997+0000] {processor.py:157} INFO - Started process (PID=277) to work on /opt/airflow/dags/asm08/asm_dag.py
[2023-07-21T16:48:49.000+0000] {processor.py:826} INFO - Processing file /opt/airflow/dags/asm08/asm_dag.py for tasks to queue
[2023-07-21T16:48:49.001+0000] {logging_mixin.py:150} INFO - [2023-07-21T16:48:49.001+0000] {dagbag.py:541} INFO - Filling up the DagBag from /opt/airflow/dags/asm08/asm_dag.py
[2023-07-21T16:48:49.009+0000] {processor.py:836} INFO - DAG(s) dict_keys(['ETL_toll_data']) retrieved from /opt/airflow/dags/asm08/asm_dag.py
[2023-07-21T16:48:49.031+0000] {logging_mixin.py:150} INFO - [2023-07-21T16:48:49.031+0000] {dag.py:2742} INFO - Sync 1 DAGs
[2023-07-21T16:48:49.050+0000] {logging_mixin.py:150} INFO - [2023-07-21T16:48:49.050+0000] {dag.py:3508} INFO - Setting next_dagrun for ETL_toll_data to 2023-07-21T00:00:00+00:00, run_after=2023-07-22T00:00:00+00:00
[2023-07-21T16:48:49.063+0000] {processor.py:179} INFO - Processing /opt/airflow/dags/asm08/asm_dag.py took 0.069 seconds
[2023-07-21T16:49:19.679+0000] {processor.py:157} INFO - Started process (PID=337) to work on /opt/airflow/dags/asm08/asm_dag.py
[2023-07-21T16:49:19.682+0000] {processor.py:826} INFO - Processing file /opt/airflow/dags/asm08/asm_dag.py for tasks to queue
[2023-07-21T16:49:19.683+0000] {logging_mixin.py:150} INFO - [2023-07-21T16:49:19.682+0000] {dagbag.py:541} INFO - Filling up the DagBag from /opt/airflow/dags/asm08/asm_dag.py
[2023-07-21T16:49:19.691+0000] {processor.py:836} INFO - DAG(s) dict_keys(['ETL_toll_data']) retrieved from /opt/airflow/dags/asm08/asm_dag.py
[2023-07-21T16:49:19.713+0000] {logging_mixin.py:150} INFO - [2023-07-21T16:49:19.713+0000] {dag.py:2742} INFO - Sync 1 DAGs
[2023-07-21T16:49:19.732+0000] {logging_mixin.py:150} INFO - [2023-07-21T16:49:19.732+0000] {dag.py:3508} INFO - Setting next_dagrun for ETL_toll_data to 2023-07-21T00:00:00+00:00, run_after=2023-07-22T00:00:00+00:00
[2023-07-21T16:49:19.746+0000] {processor.py:179} INFO - Processing /opt/airflow/dags/asm08/asm_dag.py took 0.071 seconds
[2023-07-21T16:49:50.406+0000] {processor.py:157} INFO - Started process (PID=397) to work on /opt/airflow/dags/asm08/asm_dag.py
[2023-07-21T16:49:50.408+0000] {processor.py:826} INFO - Processing file /opt/airflow/dags/asm08/asm_dag.py for tasks to queue
[2023-07-21T16:49:50.409+0000] {logging_mixin.py:150} INFO - [2023-07-21T16:49:50.409+0000] {dagbag.py:541} INFO - Filling up the DagBag from /opt/airflow/dags/asm08/asm_dag.py
[2023-07-21T16:49:50.418+0000] {processor.py:836} INFO - DAG(s) dict_keys(['ETL_toll_data']) retrieved from /opt/airflow/dags/asm08/asm_dag.py
[2023-07-21T16:49:50.440+0000] {logging_mixin.py:150} INFO - [2023-07-21T16:49:50.440+0000] {dag.py:2742} INFO - Sync 1 DAGs
[2023-07-21T16:49:50.459+0000] {logging_mixin.py:150} INFO - [2023-07-21T16:49:50.459+0000] {dag.py:3508} INFO - Setting next_dagrun for ETL_toll_data to 2023-07-21T00:00:00+00:00, run_after=2023-07-22T00:00:00+00:00
[2023-07-21T16:49:50.472+0000] {processor.py:179} INFO - Processing /opt/airflow/dags/asm08/asm_dag.py took 0.070 seconds
[2023-07-21T16:50:20.963+0000] {processor.py:157} INFO - Started process (PID=457) to work on /opt/airflow/dags/asm08/asm_dag.py
[2023-07-21T16:50:20.964+0000] {processor.py:826} INFO - Processing file /opt/airflow/dags/asm08/asm_dag.py for tasks to queue
[2023-07-21T16:50:20.966+0000] {logging_mixin.py:150} INFO - [2023-07-21T16:50:20.966+0000] {dagbag.py:541} INFO - Filling up the DagBag from /opt/airflow/dags/asm08/asm_dag.py
[2023-07-21T16:50:20.976+0000] {processor.py:836} INFO - DAG(s) dict_keys(['ETL_toll_data']) retrieved from /opt/airflow/dags/asm08/asm_dag.py
[2023-07-21T16:50:20.998+0000] {logging_mixin.py:150} INFO - [2023-07-21T16:50:20.997+0000] {dag.py:2742} INFO - Sync 1 DAGs
[2023-07-21T16:50:21.017+0000] {logging_mixin.py:150} INFO - [2023-07-21T16:50:21.017+0000] {dag.py:3508} INFO - Setting next_dagrun for ETL_toll_data to 2023-07-21T00:00:00+00:00, run_after=2023-07-22T00:00:00+00:00
[2023-07-21T16:50:21.032+0000] {processor.py:179} INFO - Processing /opt/airflow/dags/asm08/asm_dag.py took 0.073 seconds
[2023-07-21T16:50:51.531+0000] {processor.py:157} INFO - Started process (PID=517) to work on /opt/airflow/dags/asm08/asm_dag.py
[2023-07-21T16:50:51.532+0000] {processor.py:826} INFO - Processing file /opt/airflow/dags/asm08/asm_dag.py for tasks to queue
[2023-07-21T16:50:51.533+0000] {logging_mixin.py:150} INFO - [2023-07-21T16:50:51.533+0000] {dagbag.py:541} INFO - Filling up the DagBag from /opt/airflow/dags/asm08/asm_dag.py
[2023-07-21T16:50:51.541+0000] {processor.py:836} INFO - DAG(s) dict_keys(['ETL_toll_data']) retrieved from /opt/airflow/dags/asm08/asm_dag.py
[2023-07-21T16:50:51.563+0000] {logging_mixin.py:150} INFO - [2023-07-21T16:50:51.563+0000] {dag.py:2742} INFO - Sync 1 DAGs
[2023-07-21T16:50:51.583+0000] {logging_mixin.py:150} INFO - [2023-07-21T16:50:51.583+0000] {dag.py:3508} INFO - Setting next_dagrun for ETL_toll_data to 2023-07-21T00:00:00+00:00, run_after=2023-07-22T00:00:00+00:00
[2023-07-21T16:50:51.597+0000] {processor.py:179} INFO - Processing /opt/airflow/dags/asm08/asm_dag.py took 0.070 seconds
[2023-07-21T16:51:22.277+0000] {processor.py:157} INFO - Started process (PID=578) to work on /opt/airflow/dags/asm08/asm_dag.py
[2023-07-21T16:51:22.278+0000] {processor.py:826} INFO - Processing file /opt/airflow/dags/asm08/asm_dag.py for tasks to queue
[2023-07-21T16:51:22.279+0000] {logging_mixin.py:150} INFO - [2023-07-21T16:51:22.279+0000] {dagbag.py:541} INFO - Filling up the DagBag from /opt/airflow/dags/asm08/asm_dag.py
[2023-07-21T16:51:22.288+0000] {processor.py:836} INFO - DAG(s) dict_keys(['ETL_toll_data']) retrieved from /opt/airflow/dags/asm08/asm_dag.py
[2023-07-21T16:51:22.310+0000] {logging_mixin.py:150} INFO - [2023-07-21T16:51:22.310+0000] {dag.py:2742} INFO - Sync 1 DAGs
[2023-07-21T16:51:22.329+0000] {logging_mixin.py:150} INFO - [2023-07-21T16:51:22.329+0000] {dag.py:3508} INFO - Setting next_dagrun for ETL_toll_data to 2023-07-21T00:00:00+00:00, run_after=2023-07-22T00:00:00+00:00
[2023-07-21T16:51:22.342+0000] {processor.py:179} INFO - Processing /opt/airflow/dags/asm08/asm_dag.py took 0.068 seconds
[2023-07-21T16:51:52.879+0000] {processor.py:157} INFO - Started process (PID=638) to work on /opt/airflow/dags/asm08/asm_dag.py
[2023-07-21T16:51:52.880+0000] {processor.py:826} INFO - Processing file /opt/airflow/dags/asm08/asm_dag.py for tasks to queue
[2023-07-21T16:51:52.882+0000] {logging_mixin.py:150} INFO - [2023-07-21T16:51:52.881+0000] {dagbag.py:541} INFO - Filling up the DagBag from /opt/airflow/dags/asm08/asm_dag.py
[2023-07-21T16:51:52.898+0000] {processor.py:836} INFO - DAG(s) dict_keys(['ETL_toll_data']) retrieved from /opt/airflow/dags/asm08/asm_dag.py
[2023-07-21T16:51:52.929+0000] {logging_mixin.py:150} INFO - [2023-07-21T16:51:52.929+0000] {dag.py:2742} INFO - Sync 1 DAGs
[2023-07-21T16:51:52.953+0000] {logging_mixin.py:150} INFO - [2023-07-21T16:51:52.953+0000] {dag.py:3508} INFO - Setting next_dagrun for ETL_toll_data to 2023-07-21T00:00:00+00:00, run_after=2023-07-22T00:00:00+00:00
[2023-07-21T16:51:52.978+0000] {processor.py:179} INFO - Processing /opt/airflow/dags/asm08/asm_dag.py took 0.104 seconds
[2023-07-21T16:52:23.478+0000] {processor.py:157} INFO - Started process (PID=698) to work on /opt/airflow/dags/asm08/asm_dag.py
[2023-07-21T16:52:23.479+0000] {processor.py:826} INFO - Processing file /opt/airflow/dags/asm08/asm_dag.py for tasks to queue
[2023-07-21T16:52:23.481+0000] {logging_mixin.py:150} INFO - [2023-07-21T16:52:23.481+0000] {dagbag.py:541} INFO - Filling up the DagBag from /opt/airflow/dags/asm08/asm_dag.py
[2023-07-21T16:52:23.491+0000] {processor.py:836} INFO - DAG(s) dict_keys(['ETL_toll_data']) retrieved from /opt/airflow/dags/asm08/asm_dag.py
[2023-07-21T16:52:23.513+0000] {logging_mixin.py:150} INFO - [2023-07-21T16:52:23.513+0000] {dag.py:2742} INFO - Sync 1 DAGs
[2023-07-21T16:52:23.533+0000] {logging_mixin.py:150} INFO - [2023-07-21T16:52:23.533+0000] {dag.py:3508} INFO - Setting next_dagrun for ETL_toll_data to 2023-07-21T00:00:00+00:00, run_after=2023-07-22T00:00:00+00:00
[2023-07-21T16:52:23.546+0000] {processor.py:179} INFO - Processing /opt/airflow/dags/asm08/asm_dag.py took 0.074 seconds
[2023-07-21T16:52:54.234+0000] {processor.py:157} INFO - Started process (PID=758) to work on /opt/airflow/dags/asm08/asm_dag.py
[2023-07-21T16:52:54.237+0000] {processor.py:826} INFO - Processing file /opt/airflow/dags/asm08/asm_dag.py for tasks to queue
[2023-07-21T16:52:54.238+0000] {logging_mixin.py:150} INFO - [2023-07-21T16:52:54.238+0000] {dagbag.py:541} INFO - Filling up the DagBag from /opt/airflow/dags/asm08/asm_dag.py
[2023-07-21T16:52:54.246+0000] {processor.py:836} INFO - DAG(s) dict_keys(['ETL_toll_data']) retrieved from /opt/airflow/dags/asm08/asm_dag.py
[2023-07-21T16:52:54.268+0000] {logging_mixin.py:150} INFO - [2023-07-21T16:52:54.268+0000] {dag.py:2742} INFO - Sync 1 DAGs
[2023-07-21T16:52:54.288+0000] {logging_mixin.py:150} INFO - [2023-07-21T16:52:54.287+0000] {dag.py:3508} INFO - Setting next_dagrun for ETL_toll_data to 2023-07-21T00:00:00+00:00, run_after=2023-07-22T00:00:00+00:00
[2023-07-21T16:52:54.303+0000] {processor.py:179} INFO - Processing /opt/airflow/dags/asm08/asm_dag.py took 0.073 seconds
[2023-07-21T16:53:24.975+0000] {processor.py:157} INFO - Started process (PID=818) to work on /opt/airflow/dags/asm08/asm_dag.py
[2023-07-21T16:53:24.976+0000] {processor.py:826} INFO - Processing file /opt/airflow/dags/asm08/asm_dag.py for tasks to queue
[2023-07-21T16:53:24.978+0000] {logging_mixin.py:150} INFO - [2023-07-21T16:53:24.977+0000] {dagbag.py:541} INFO - Filling up the DagBag from /opt/airflow/dags/asm08/asm_dag.py
[2023-07-21T16:53:24.986+0000] {processor.py:836} INFO - DAG(s) dict_keys(['ETL_toll_data']) retrieved from /opt/airflow/dags/asm08/asm_dag.py
[2023-07-21T16:53:25.008+0000] {logging_mixin.py:150} INFO - [2023-07-21T16:53:25.008+0000] {dag.py:2742} INFO - Sync 1 DAGs
[2023-07-21T16:53:25.027+0000] {logging_mixin.py:150} INFO - [2023-07-21T16:53:25.026+0000] {dag.py:3508} INFO - Setting next_dagrun for ETL_toll_data to 2023-07-21T00:00:00+00:00, run_after=2023-07-22T00:00:00+00:00
[2023-07-21T16:53:25.040+0000] {processor.py:179} INFO - Processing /opt/airflow/dags/asm08/asm_dag.py took 0.070 seconds
[2023-07-21T16:53:55.808+0000] {processor.py:157} INFO - Started process (PID=878) to work on /opt/airflow/dags/asm08/asm_dag.py
[2023-07-21T16:53:55.810+0000] {processor.py:826} INFO - Processing file /opt/airflow/dags/asm08/asm_dag.py for tasks to queue
[2023-07-21T16:53:55.811+0000] {logging_mixin.py:150} INFO - [2023-07-21T16:53:55.811+0000] {dagbag.py:541} INFO - Filling up the DagBag from /opt/airflow/dags/asm08/asm_dag.py
[2023-07-21T16:53:55.819+0000] {processor.py:836} INFO - DAG(s) dict_keys(['ETL_toll_data']) retrieved from /opt/airflow/dags/asm08/asm_dag.py
[2023-07-21T16:53:55.842+0000] {logging_mixin.py:150} INFO - [2023-07-21T16:53:55.841+0000] {dag.py:2742} INFO - Sync 1 DAGs
[2023-07-21T16:53:55.862+0000] {logging_mixin.py:150} INFO - [2023-07-21T16:53:55.862+0000] {dag.py:3508} INFO - Setting next_dagrun for ETL_toll_data to 2023-07-21T00:00:00+00:00, run_after=2023-07-22T00:00:00+00:00
[2023-07-21T16:53:55.876+0000] {processor.py:179} INFO - Processing /opt/airflow/dags/asm08/asm_dag.py took 0.071 seconds
[2023-07-21T16:54:26.437+0000] {processor.py:157} INFO - Started process (PID=938) to work on /opt/airflow/dags/asm08/asm_dag.py
[2023-07-21T16:54:26.438+0000] {processor.py:826} INFO - Processing file /opt/airflow/dags/asm08/asm_dag.py for tasks to queue
[2023-07-21T16:54:26.440+0000] {logging_mixin.py:150} INFO - [2023-07-21T16:54:26.439+0000] {dagbag.py:541} INFO - Filling up the DagBag from /opt/airflow/dags/asm08/asm_dag.py
[2023-07-21T16:54:26.448+0000] {processor.py:836} INFO - DAG(s) dict_keys(['ETL_toll_data']) retrieved from /opt/airflow/dags/asm08/asm_dag.py
[2023-07-21T16:54:26.472+0000] {logging_mixin.py:150} INFO - [2023-07-21T16:54:26.471+0000] {dag.py:2742} INFO - Sync 1 DAGs
[2023-07-21T16:54:26.491+0000] {logging_mixin.py:150} INFO - [2023-07-21T16:54:26.491+0000] {dag.py:3508} INFO - Setting next_dagrun for ETL_toll_data to 2023-07-21T00:00:00+00:00, run_after=2023-07-22T00:00:00+00:00
[2023-07-21T16:54:26.506+0000] {processor.py:179} INFO - Processing /opt/airflow/dags/asm08/asm_dag.py took 0.072 seconds
[2023-07-21T16:54:56.978+0000] {processor.py:157} INFO - Started process (PID=998) to work on /opt/airflow/dags/asm08/asm_dag.py
[2023-07-21T16:54:56.979+0000] {processor.py:826} INFO - Processing file /opt/airflow/dags/asm08/asm_dag.py for tasks to queue
[2023-07-21T16:54:56.981+0000] {logging_mixin.py:150} INFO - [2023-07-21T16:54:56.981+0000] {dagbag.py:541} INFO - Filling up the DagBag from /opt/airflow/dags/asm08/asm_dag.py
[2023-07-21T16:54:56.992+0000] {processor.py:836} INFO - DAG(s) dict_keys(['ETL_toll_data']) retrieved from /opt/airflow/dags/asm08/asm_dag.py
[2023-07-21T16:54:57.018+0000] {logging_mixin.py:150} INFO - [2023-07-21T16:54:57.018+0000] {dag.py:2742} INFO - Sync 1 DAGs
[2023-07-21T16:54:57.039+0000] {logging_mixin.py:150} INFO - [2023-07-21T16:54:57.039+0000] {dag.py:3508} INFO - Setting next_dagrun for ETL_toll_data to 2023-07-21T00:00:00+00:00, run_after=2023-07-22T00:00:00+00:00
[2023-07-21T16:54:57.056+0000] {processor.py:179} INFO - Processing /opt/airflow/dags/asm08/asm_dag.py took 0.084 seconds
[2023-07-21T16:55:27.819+0000] {processor.py:157} INFO - Started process (PID=1058) to work on /opt/airflow/dags/asm08/asm_dag.py
[2023-07-21T16:55:27.822+0000] {processor.py:826} INFO - Processing file /opt/airflow/dags/asm08/asm_dag.py for tasks to queue
[2023-07-21T16:55:27.824+0000] {logging_mixin.py:150} INFO - [2023-07-21T16:55:27.823+0000] {dagbag.py:541} INFO - Filling up the DagBag from /opt/airflow/dags/asm08/asm_dag.py
[2023-07-21T16:55:27.835+0000] {processor.py:836} INFO - DAG(s) dict_keys(['ETL_toll_data']) retrieved from /opt/airflow/dags/asm08/asm_dag.py
[2023-07-21T16:55:27.858+0000] {logging_mixin.py:150} INFO - [2023-07-21T16:55:27.858+0000] {dag.py:2742} INFO - Sync 1 DAGs
[2023-07-21T16:55:27.878+0000] {logging_mixin.py:150} INFO - [2023-07-21T16:55:27.878+0000] {dag.py:3508} INFO - Setting next_dagrun for ETL_toll_data to 2023-07-21T00:00:00+00:00, run_after=2023-07-22T00:00:00+00:00
[2023-07-21T16:55:27.892+0000] {processor.py:179} INFO - Processing /opt/airflow/dags/asm08/asm_dag.py took 0.079 seconds
[2023-07-21T16:55:58.791+0000] {processor.py:157} INFO - Started process (PID=1118) to work on /opt/airflow/dags/asm08/asm_dag.py
[2023-07-21T16:55:58.795+0000] {processor.py:826} INFO - Processing file /opt/airflow/dags/asm08/asm_dag.py for tasks to queue
[2023-07-21T16:55:58.796+0000] {logging_mixin.py:150} INFO - [2023-07-21T16:55:58.796+0000] {dagbag.py:541} INFO - Filling up the DagBag from /opt/airflow/dags/asm08/asm_dag.py
[2023-07-21T16:55:58.808+0000] {processor.py:836} INFO - DAG(s) dict_keys(['ETL_toll_data']) retrieved from /opt/airflow/dags/asm08/asm_dag.py
[2023-07-21T16:55:58.831+0000] {logging_mixin.py:150} INFO - [2023-07-21T16:55:58.830+0000] {dag.py:2742} INFO - Sync 1 DAGs
[2023-07-21T16:55:58.849+0000] {logging_mixin.py:150} INFO - [2023-07-21T16:55:58.849+0000] {dag.py:3508} INFO - Setting next_dagrun for ETL_toll_data to 2023-07-21T00:00:00+00:00, run_after=2023-07-22T00:00:00+00:00
[2023-07-21T16:55:58.863+0000] {processor.py:179} INFO - Processing /opt/airflow/dags/asm08/asm_dag.py took 0.078 seconds
[2023-07-21T16:56:29.579+0000] {processor.py:157} INFO - Started process (PID=1178) to work on /opt/airflow/dags/asm08/asm_dag.py
[2023-07-21T16:56:29.581+0000] {processor.py:826} INFO - Processing file /opt/airflow/dags/asm08/asm_dag.py for tasks to queue
[2023-07-21T16:56:29.584+0000] {logging_mixin.py:150} INFO - [2023-07-21T16:56:29.583+0000] {dagbag.py:541} INFO - Filling up the DagBag from /opt/airflow/dags/asm08/asm_dag.py
[2023-07-21T16:56:29.596+0000] {processor.py:836} INFO - DAG(s) dict_keys(['ETL_toll_data']) retrieved from /opt/airflow/dags/asm08/asm_dag.py
[2023-07-21T16:56:29.619+0000] {logging_mixin.py:150} INFO - [2023-07-21T16:56:29.619+0000] {dag.py:2742} INFO - Sync 1 DAGs
[2023-07-21T16:56:29.638+0000] {logging_mixin.py:150} INFO - [2023-07-21T16:56:29.638+0000] {dag.py:3508} INFO - Setting next_dagrun for ETL_toll_data to 2023-07-21T00:00:00+00:00, run_after=2023-07-22T00:00:00+00:00
[2023-07-21T16:56:29.653+0000] {processor.py:179} INFO - Processing /opt/airflow/dags/asm08/asm_dag.py took 0.081 seconds
[2023-07-21T16:57:00.595+0000] {processor.py:157} INFO - Started process (PID=1238) to work on /opt/airflow/dags/asm08/asm_dag.py
[2023-07-21T16:57:00.597+0000] {processor.py:826} INFO - Processing file /opt/airflow/dags/asm08/asm_dag.py for tasks to queue
[2023-07-21T16:57:00.599+0000] {logging_mixin.py:150} INFO - [2023-07-21T16:57:00.598+0000] {dagbag.py:541} INFO - Filling up the DagBag from /opt/airflow/dags/asm08/asm_dag.py
[2023-07-21T16:57:00.611+0000] {processor.py:836} INFO - DAG(s) dict_keys(['ETL_toll_data']) retrieved from /opt/airflow/dags/asm08/asm_dag.py
[2023-07-21T16:57:00.634+0000] {logging_mixin.py:150} INFO - [2023-07-21T16:57:00.634+0000] {dag.py:2742} INFO - Sync 1 DAGs
[2023-07-21T16:57:00.654+0000] {logging_mixin.py:150} INFO - [2023-07-21T16:57:00.654+0000] {dag.py:3508} INFO - Setting next_dagrun for ETL_toll_data to 2023-07-21T00:00:00+00:00, run_after=2023-07-22T00:00:00+00:00
[2023-07-21T16:57:00.667+0000] {processor.py:179} INFO - Processing /opt/airflow/dags/asm08/asm_dag.py took 0.079 seconds
[2023-07-21T16:57:31.505+0000] {processor.py:157} INFO - Started process (PID=1298) to work on /opt/airflow/dags/asm08/asm_dag.py
[2023-07-21T16:57:31.508+0000] {processor.py:826} INFO - Processing file /opt/airflow/dags/asm08/asm_dag.py for tasks to queue
[2023-07-21T16:57:31.510+0000] {logging_mixin.py:150} INFO - [2023-07-21T16:57:31.509+0000] {dagbag.py:541} INFO - Filling up the DagBag from /opt/airflow/dags/asm08/asm_dag.py
[2023-07-21T16:57:31.521+0000] {processor.py:836} INFO - DAG(s) dict_keys(['ETL_toll_data']) retrieved from /opt/airflow/dags/asm08/asm_dag.py
[2023-07-21T16:57:31.543+0000] {logging_mixin.py:150} INFO - [2023-07-21T16:57:31.543+0000] {dag.py:2742} INFO - Sync 1 DAGs
[2023-07-21T16:57:31.562+0000] {logging_mixin.py:150} INFO - [2023-07-21T16:57:31.561+0000] {dag.py:3508} INFO - Setting next_dagrun for ETL_toll_data to 2023-07-21T00:00:00+00:00, run_after=2023-07-22T00:00:00+00:00
[2023-07-21T16:57:31.576+0000] {processor.py:179} INFO - Processing /opt/airflow/dags/asm08/asm_dag.py took 0.077 seconds
[2023-07-21T16:58:02.349+0000] {processor.py:157} INFO - Started process (PID=1358) to work on /opt/airflow/dags/asm08/asm_dag.py
[2023-07-21T16:58:02.351+0000] {processor.py:826} INFO - Processing file /opt/airflow/dags/asm08/asm_dag.py for tasks to queue
[2023-07-21T16:58:02.353+0000] {logging_mixin.py:150} INFO - [2023-07-21T16:58:02.352+0000] {dagbag.py:541} INFO - Filling up the DagBag from /opt/airflow/dags/asm08/asm_dag.py
[2023-07-21T16:58:02.363+0000] {processor.py:836} INFO - DAG(s) dict_keys(['ETL_toll_data']) retrieved from /opt/airflow/dags/asm08/asm_dag.py
[2023-07-21T16:58:02.386+0000] {logging_mixin.py:150} INFO - [2023-07-21T16:58:02.386+0000] {dag.py:2742} INFO - Sync 1 DAGs
[2023-07-21T16:58:02.406+0000] {logging_mixin.py:150} INFO - [2023-07-21T16:58:02.405+0000] {dag.py:3508} INFO - Setting next_dagrun for ETL_toll_data to 2023-07-21T00:00:00+00:00, run_after=2023-07-22T00:00:00+00:00
[2023-07-21T16:58:02.419+0000] {processor.py:179} INFO - Processing /opt/airflow/dags/asm08/asm_dag.py took 0.073 seconds
[2023-07-21T16:58:33.102+0000] {processor.py:157} INFO - Started process (PID=1418) to work on /opt/airflow/dags/asm08/asm_dag.py
[2023-07-21T16:58:33.104+0000] {processor.py:826} INFO - Processing file /opt/airflow/dags/asm08/asm_dag.py for tasks to queue
[2023-07-21T16:58:33.106+0000] {logging_mixin.py:150} INFO - [2023-07-21T16:58:33.105+0000] {dagbag.py:541} INFO - Filling up the DagBag from /opt/airflow/dags/asm08/asm_dag.py
[2023-07-21T16:58:33.119+0000] {processor.py:836} INFO - DAG(s) dict_keys(['ETL_toll_data']) retrieved from /opt/airflow/dags/asm08/asm_dag.py
[2023-07-21T16:58:33.142+0000] {logging_mixin.py:150} INFO - [2023-07-21T16:58:33.142+0000] {dag.py:2742} INFO - Sync 1 DAGs
[2023-07-21T16:58:33.161+0000] {logging_mixin.py:150} INFO - [2023-07-21T16:58:33.161+0000] {dag.py:3508} INFO - Setting next_dagrun for ETL_toll_data to 2023-07-21T00:00:00+00:00, run_after=2023-07-22T00:00:00+00:00
[2023-07-21T16:58:33.175+0000] {processor.py:179} INFO - Processing /opt/airflow/dags/asm08/asm_dag.py took 0.079 seconds
[2023-07-21T16:59:04.081+0000] {processor.py:157} INFO - Started process (PID=1478) to work on /opt/airflow/dags/asm08/asm_dag.py
[2023-07-21T16:59:04.084+0000] {processor.py:826} INFO - Processing file /opt/airflow/dags/asm08/asm_dag.py for tasks to queue
[2023-07-21T16:59:04.086+0000] {logging_mixin.py:150} INFO - [2023-07-21T16:59:04.086+0000] {dagbag.py:541} INFO - Filling up the DagBag from /opt/airflow/dags/asm08/asm_dag.py
[2023-07-21T16:59:04.097+0000] {processor.py:836} INFO - DAG(s) dict_keys(['ETL_toll_data']) retrieved from /opt/airflow/dags/asm08/asm_dag.py
[2023-07-21T16:59:04.119+0000] {logging_mixin.py:150} INFO - [2023-07-21T16:59:04.118+0000] {dag.py:2742} INFO - Sync 1 DAGs
[2023-07-21T16:59:04.138+0000] {logging_mixin.py:150} INFO - [2023-07-21T16:59:04.138+0000] {dag.py:3508} INFO - Setting next_dagrun for ETL_toll_data to 2023-07-21T00:00:00+00:00, run_after=2023-07-22T00:00:00+00:00
[2023-07-21T16:59:04.152+0000] {processor.py:179} INFO - Processing /opt/airflow/dags/asm08/asm_dag.py took 0.076 seconds
[2023-07-21T16:59:34.287+0000] {processor.py:157} INFO - Started process (PID=1538) to work on /opt/airflow/dags/asm08/asm_dag.py
[2023-07-21T16:59:34.288+0000] {processor.py:826} INFO - Processing file /opt/airflow/dags/asm08/asm_dag.py for tasks to queue
[2023-07-21T16:59:34.289+0000] {logging_mixin.py:150} INFO - [2023-07-21T16:59:34.289+0000] {dagbag.py:541} INFO - Filling up the DagBag from /opt/airflow/dags/asm08/asm_dag.py
[2023-07-21T16:59:34.305+0000] {processor.py:836} INFO - DAG(s) dict_keys(['ETL_toll_data']) retrieved from /opt/airflow/dags/asm08/asm_dag.py
[2023-07-21T16:59:34.329+0000] {logging_mixin.py:150} INFO - [2023-07-21T16:59:34.328+0000] {dag.py:2742} INFO - Sync 1 DAGs
[2023-07-21T16:59:34.347+0000] {logging_mixin.py:150} INFO - [2023-07-21T16:59:34.347+0000] {dag.py:3508} INFO - Setting next_dagrun for ETL_toll_data to 2023-07-21T00:00:00+00:00, run_after=2023-07-22T00:00:00+00:00
[2023-07-21T16:59:34.360+0000] {processor.py:179} INFO - Processing /opt/airflow/dags/asm08/asm_dag.py took 0.078 seconds
[2023-07-21T17:00:05.128+0000] {processor.py:157} INFO - Started process (PID=1598) to work on /opt/airflow/dags/asm08/asm_dag.py
[2023-07-21T17:00:05.130+0000] {processor.py:826} INFO - Processing file /opt/airflow/dags/asm08/asm_dag.py for tasks to queue
[2023-07-21T17:00:05.132+0000] {logging_mixin.py:150} INFO - [2023-07-21T17:00:05.131+0000] {dagbag.py:541} INFO - Filling up the DagBag from /opt/airflow/dags/asm08/asm_dag.py
[2023-07-21T17:00:05.142+0000] {processor.py:836} INFO - DAG(s) dict_keys(['ETL_toll_data']) retrieved from /opt/airflow/dags/asm08/asm_dag.py
[2023-07-21T17:00:05.165+0000] {logging_mixin.py:150} INFO - [2023-07-21T17:00:05.165+0000] {dag.py:2742} INFO - Sync 1 DAGs
[2023-07-21T17:00:05.184+0000] {logging_mixin.py:150} INFO - [2023-07-21T17:00:05.184+0000] {dag.py:3508} INFO - Setting next_dagrun for ETL_toll_data to 2023-07-21T00:00:00+00:00, run_after=2023-07-22T00:00:00+00:00
[2023-07-21T17:00:05.197+0000] {processor.py:179} INFO - Processing /opt/airflow/dags/asm08/asm_dag.py took 0.075 seconds
[2023-07-21T17:00:35.905+0000] {processor.py:157} INFO - Started process (PID=1657) to work on /opt/airflow/dags/asm08/asm_dag.py
[2023-07-21T17:00:35.907+0000] {processor.py:826} INFO - Processing file /opt/airflow/dags/asm08/asm_dag.py for tasks to queue
[2023-07-21T17:00:35.909+0000] {logging_mixin.py:150} INFO - [2023-07-21T17:00:35.908+0000] {dagbag.py:541} INFO - Filling up the DagBag from /opt/airflow/dags/asm08/asm_dag.py
[2023-07-21T17:00:35.919+0000] {processor.py:836} INFO - DAG(s) dict_keys(['ETL_toll_data']) retrieved from /opt/airflow/dags/asm08/asm_dag.py
[2023-07-21T17:00:35.943+0000] {logging_mixin.py:150} INFO - [2023-07-21T17:00:35.943+0000] {dag.py:2742} INFO - Sync 1 DAGs
[2023-07-21T17:00:35.964+0000] {logging_mixin.py:150} INFO - [2023-07-21T17:00:35.963+0000] {dag.py:3508} INFO - Setting next_dagrun for ETL_toll_data to 2023-07-21T00:00:00+00:00, run_after=2023-07-22T00:00:00+00:00
[2023-07-21T17:00:35.978+0000] {processor.py:179} INFO - Processing /opt/airflow/dags/asm08/asm_dag.py took 0.076 seconds
[2023-07-21T17:01:06.799+0000] {processor.py:157} INFO - Started process (PID=1717) to work on /opt/airflow/dags/asm08/asm_dag.py
[2023-07-21T17:01:06.800+0000] {processor.py:826} INFO - Processing file /opt/airflow/dags/asm08/asm_dag.py for tasks to queue
[2023-07-21T17:01:06.801+0000] {logging_mixin.py:150} INFO - [2023-07-21T17:01:06.801+0000] {dagbag.py:541} INFO - Filling up the DagBag from /opt/airflow/dags/asm08/asm_dag.py
[2023-07-21T17:01:06.809+0000] {processor.py:836} INFO - DAG(s) dict_keys(['ETL_toll_data']) retrieved from /opt/airflow/dags/asm08/asm_dag.py
[2023-07-21T17:01:06.833+0000] {logging_mixin.py:150} INFO - [2023-07-21T17:01:06.833+0000] {dag.py:2742} INFO - Sync 1 DAGs
[2023-07-21T17:01:06.854+0000] {logging_mixin.py:150} INFO - [2023-07-21T17:01:06.854+0000] {dag.py:3508} INFO - Setting next_dagrun for ETL_toll_data to 2023-07-21T00:00:00+00:00, run_after=2023-07-22T00:00:00+00:00
[2023-07-21T17:01:06.866+0000] {processor.py:179} INFO - Processing /opt/airflow/dags/asm08/asm_dag.py took 0.070 seconds
[2023-07-21T17:01:37.484+0000] {processor.py:157} INFO - Started process (PID=1777) to work on /opt/airflow/dags/asm08/asm_dag.py
[2023-07-21T17:01:37.486+0000] {processor.py:826} INFO - Processing file /opt/airflow/dags/asm08/asm_dag.py for tasks to queue
[2023-07-21T17:01:37.488+0000] {logging_mixin.py:150} INFO - [2023-07-21T17:01:37.487+0000] {dagbag.py:541} INFO - Filling up the DagBag from /opt/airflow/dags/asm08/asm_dag.py
[2023-07-21T17:01:37.501+0000] {processor.py:836} INFO - DAG(s) dict_keys(['ETL_toll_data']) retrieved from /opt/airflow/dags/asm08/asm_dag.py
[2023-07-21T17:01:37.524+0000] {logging_mixin.py:150} INFO - [2023-07-21T17:01:37.524+0000] {dag.py:2742} INFO - Sync 1 DAGs
[2023-07-21T17:01:37.543+0000] {logging_mixin.py:150} INFO - [2023-07-21T17:01:37.543+0000] {dag.py:3508} INFO - Setting next_dagrun for ETL_toll_data to 2023-07-21T00:00:00+00:00, run_after=2023-07-22T00:00:00+00:00
[2023-07-21T17:01:37.557+0000] {processor.py:179} INFO - Processing /opt/airflow/dags/asm08/asm_dag.py took 0.079 seconds
[2023-07-21T17:02:08.268+0000] {processor.py:157} INFO - Started process (PID=1837) to work on /opt/airflow/dags/asm08/asm_dag.py
[2023-07-21T17:02:08.270+0000] {processor.py:826} INFO - Processing file /opt/airflow/dags/asm08/asm_dag.py for tasks to queue
[2023-07-21T17:02:08.271+0000] {logging_mixin.py:150} INFO - [2023-07-21T17:02:08.271+0000] {dagbag.py:541} INFO - Filling up the DagBag from /opt/airflow/dags/asm08/asm_dag.py
[2023-07-21T17:02:08.285+0000] {processor.py:836} INFO - DAG(s) dict_keys(['ETL_toll_data']) retrieved from /opt/airflow/dags/asm08/asm_dag.py
[2023-07-21T17:02:08.308+0000] {logging_mixin.py:150} INFO - [2023-07-21T17:02:08.307+0000] {dag.py:2742} INFO - Sync 1 DAGs
[2023-07-21T17:02:08.327+0000] {logging_mixin.py:150} INFO - [2023-07-21T17:02:08.327+0000] {dag.py:3508} INFO - Setting next_dagrun for ETL_toll_data to 2023-07-21T00:00:00+00:00, run_after=2023-07-22T00:00:00+00:00
[2023-07-21T17:02:08.342+0000] {processor.py:179} INFO - Processing /opt/airflow/dags/asm08/asm_dag.py took 0.080 seconds
[2023-07-21T17:02:39.023+0000] {processor.py:157} INFO - Started process (PID=1897) to work on /opt/airflow/dags/asm08/asm_dag.py
[2023-07-21T17:02:39.025+0000] {processor.py:826} INFO - Processing file /opt/airflow/dags/asm08/asm_dag.py for tasks to queue
[2023-07-21T17:02:39.027+0000] {logging_mixin.py:150} INFO - [2023-07-21T17:02:39.026+0000] {dagbag.py:541} INFO - Filling up the DagBag from /opt/airflow/dags/asm08/asm_dag.py
[2023-07-21T17:02:39.041+0000] {processor.py:836} INFO - DAG(s) dict_keys(['ETL_toll_data']) retrieved from /opt/airflow/dags/asm08/asm_dag.py
[2023-07-21T17:02:39.066+0000] {logging_mixin.py:150} INFO - [2023-07-21T17:02:39.065+0000] {dag.py:2742} INFO - Sync 1 DAGs
[2023-07-21T17:02:39.085+0000] {logging_mixin.py:150} INFO - [2023-07-21T17:02:39.085+0000] {dag.py:3508} INFO - Setting next_dagrun for ETL_toll_data to 2023-07-21T00:00:00+00:00, run_after=2023-07-22T00:00:00+00:00
[2023-07-21T17:02:39.099+0000] {processor.py:179} INFO - Processing /opt/airflow/dags/asm08/asm_dag.py took 0.082 seconds
[2023-07-21T17:03:09.692+0000] {processor.py:157} INFO - Started process (PID=1957) to work on /opt/airflow/dags/asm08/asm_dag.py
[2023-07-21T17:03:09.694+0000] {processor.py:826} INFO - Processing file /opt/airflow/dags/asm08/asm_dag.py for tasks to queue
[2023-07-21T17:03:09.695+0000] {logging_mixin.py:150} INFO - [2023-07-21T17:03:09.694+0000] {dagbag.py:541} INFO - Filling up the DagBag from /opt/airflow/dags/asm08/asm_dag.py
[2023-07-21T17:03:09.705+0000] {processor.py:836} INFO - DAG(s) dict_keys(['ETL_toll_data']) retrieved from /opt/airflow/dags/asm08/asm_dag.py
[2023-07-21T17:03:09.727+0000] {logging_mixin.py:150} INFO - [2023-07-21T17:03:09.727+0000] {dag.py:2742} INFO - Sync 1 DAGs
[2023-07-21T17:03:09.746+0000] {logging_mixin.py:150} INFO - [2023-07-21T17:03:09.746+0000] {dag.py:3508} INFO - Setting next_dagrun for ETL_toll_data to 2023-07-21T00:00:00+00:00, run_after=2023-07-22T00:00:00+00:00
[2023-07-21T17:03:09.759+0000] {processor.py:179} INFO - Processing /opt/airflow/dags/asm08/asm_dag.py took 0.070 seconds
[2023-07-21T17:03:40.297+0000] {processor.py:157} INFO - Started process (PID=2017) to work on /opt/airflow/dags/asm08/asm_dag.py
[2023-07-21T17:03:40.299+0000] {processor.py:826} INFO - Processing file /opt/airflow/dags/asm08/asm_dag.py for tasks to queue
[2023-07-21T17:03:40.301+0000] {logging_mixin.py:150} INFO - [2023-07-21T17:03:40.300+0000] {dagbag.py:541} INFO - Filling up the DagBag from /opt/airflow/dags/asm08/asm_dag.py
[2023-07-21T17:03:40.311+0000] {processor.py:836} INFO - DAG(s) dict_keys(['ETL_toll_data']) retrieved from /opt/airflow/dags/asm08/asm_dag.py
[2023-07-21T17:03:40.335+0000] {logging_mixin.py:150} INFO - [2023-07-21T17:03:40.334+0000] {dag.py:2742} INFO - Sync 1 DAGs
[2023-07-21T17:03:40.353+0000] {logging_mixin.py:150} INFO - [2023-07-21T17:03:40.353+0000] {dag.py:3508} INFO - Setting next_dagrun for ETL_toll_data to 2023-07-21T00:00:00+00:00, run_after=2023-07-22T00:00:00+00:00
[2023-07-21T17:03:40.366+0000] {processor.py:179} INFO - Processing /opt/airflow/dags/asm08/asm_dag.py took 0.074 seconds
[2023-07-21T17:04:11.148+0000] {processor.py:157} INFO - Started process (PID=2078) to work on /opt/airflow/dags/asm08/asm_dag.py
[2023-07-21T17:04:11.150+0000] {processor.py:826} INFO - Processing file /opt/airflow/dags/asm08/asm_dag.py for tasks to queue
[2023-07-21T17:04:11.152+0000] {logging_mixin.py:150} INFO - [2023-07-21T17:04:11.151+0000] {dagbag.py:541} INFO - Filling up the DagBag from /opt/airflow/dags/asm08/asm_dag.py
[2023-07-21T17:04:11.165+0000] {processor.py:836} INFO - DAG(s) dict_keys(['ETL_toll_data']) retrieved from /opt/airflow/dags/asm08/asm_dag.py
[2023-07-21T17:04:11.187+0000] {logging_mixin.py:150} INFO - [2023-07-21T17:04:11.187+0000] {dag.py:2742} INFO - Sync 1 DAGs
[2023-07-21T17:04:11.207+0000] {logging_mixin.py:150} INFO - [2023-07-21T17:04:11.206+0000] {dag.py:3508} INFO - Setting next_dagrun for ETL_toll_data to 2023-07-21T00:00:00+00:00, run_after=2023-07-22T00:00:00+00:00
[2023-07-21T17:04:11.220+0000] {processor.py:179} INFO - Processing /opt/airflow/dags/asm08/asm_dag.py took 0.078 seconds
[2023-07-21T17:04:41.845+0000] {processor.py:157} INFO - Started process (PID=2138) to work on /opt/airflow/dags/asm08/asm_dag.py
[2023-07-21T17:04:41.847+0000] {processor.py:826} INFO - Processing file /opt/airflow/dags/asm08/asm_dag.py for tasks to queue
[2023-07-21T17:04:41.849+0000] {logging_mixin.py:150} INFO - [2023-07-21T17:04:41.848+0000] {dagbag.py:541} INFO - Filling up the DagBag from /opt/airflow/dags/asm08/asm_dag.py
[2023-07-21T17:04:41.858+0000] {processor.py:836} INFO - DAG(s) dict_keys(['ETL_toll_data']) retrieved from /opt/airflow/dags/asm08/asm_dag.py
[2023-07-21T17:04:41.880+0000] {logging_mixin.py:150} INFO - [2023-07-21T17:04:41.880+0000] {dag.py:2742} INFO - Sync 1 DAGs
[2023-07-21T17:04:41.898+0000] {logging_mixin.py:150} INFO - [2023-07-21T17:04:41.898+0000] {dag.py:3508} INFO - Setting next_dagrun for ETL_toll_data to 2023-07-21T00:00:00+00:00, run_after=2023-07-22T00:00:00+00:00
[2023-07-21T17:04:41.912+0000] {processor.py:179} INFO - Processing /opt/airflow/dags/asm08/asm_dag.py took 0.072 seconds
[2023-07-21T17:05:12.680+0000] {processor.py:157} INFO - Started process (PID=2206) to work on /opt/airflow/dags/asm08/asm_dag.py
[2023-07-21T17:05:12.682+0000] {processor.py:826} INFO - Processing file /opt/airflow/dags/asm08/asm_dag.py for tasks to queue
[2023-07-21T17:05:12.684+0000] {logging_mixin.py:150} INFO - [2023-07-21T17:05:12.683+0000] {dagbag.py:541} INFO - Filling up the DagBag from /opt/airflow/dags/asm08/asm_dag.py
[2023-07-21T17:05:12.698+0000] {processor.py:836} INFO - DAG(s) dict_keys(['ETL_toll_data']) retrieved from /opt/airflow/dags/asm08/asm_dag.py
[2023-07-21T17:05:12.721+0000] {logging_mixin.py:150} INFO - [2023-07-21T17:05:12.721+0000] {dag.py:2742} INFO - Sync 1 DAGs
[2023-07-21T17:05:12.740+0000] {logging_mixin.py:150} INFO - [2023-07-21T17:05:12.740+0000] {dag.py:3508} INFO - Setting next_dagrun for ETL_toll_data to 2023-07-21T00:00:00+00:00, run_after=2023-07-22T00:00:00+00:00
[2023-07-21T17:05:12.756+0000] {processor.py:179} INFO - Processing /opt/airflow/dags/asm08/asm_dag.py took 0.082 seconds
[2023-07-21T17:05:43.532+0000] {processor.py:157} INFO - Started process (PID=2266) to work on /opt/airflow/dags/asm08/asm_dag.py
[2023-07-21T17:05:43.534+0000] {processor.py:826} INFO - Processing file /opt/airflow/dags/asm08/asm_dag.py for tasks to queue
[2023-07-21T17:05:43.536+0000] {logging_mixin.py:150} INFO - [2023-07-21T17:05:43.535+0000] {dagbag.py:541} INFO - Filling up the DagBag from /opt/airflow/dags/asm08/asm_dag.py
[2023-07-21T17:05:43.545+0000] {processor.py:836} INFO - DAG(s) dict_keys(['ETL_toll_data']) retrieved from /opt/airflow/dags/asm08/asm_dag.py
[2023-07-21T17:05:43.569+0000] {logging_mixin.py:150} INFO - [2023-07-21T17:05:43.568+0000] {dag.py:2742} INFO - Sync 1 DAGs
[2023-07-21T17:05:43.588+0000] {logging_mixin.py:150} INFO - [2023-07-21T17:05:43.588+0000] {dag.py:3508} INFO - Setting next_dagrun for ETL_toll_data to 2023-07-21T00:00:00+00:00, run_after=2023-07-22T00:00:00+00:00
[2023-07-21T17:05:43.602+0000] {processor.py:179} INFO - Processing /opt/airflow/dags/asm08/asm_dag.py took 0.074 seconds
[2023-07-21T17:06:14.517+0000] {processor.py:157} INFO - Started process (PID=2326) to work on /opt/airflow/dags/asm08/asm_dag.py
[2023-07-21T17:06:14.519+0000] {processor.py:826} INFO - Processing file /opt/airflow/dags/asm08/asm_dag.py for tasks to queue
[2023-07-21T17:06:14.521+0000] {logging_mixin.py:150} INFO - [2023-07-21T17:06:14.521+0000] {dagbag.py:541} INFO - Filling up the DagBag from /opt/airflow/dags/asm08/asm_dag.py
[2023-07-21T17:06:14.534+0000] {processor.py:836} INFO - DAG(s) dict_keys(['ETL_toll_data']) retrieved from /opt/airflow/dags/asm08/asm_dag.py
[2023-07-21T17:06:14.557+0000] {logging_mixin.py:150} INFO - [2023-07-21T17:06:14.556+0000] {dag.py:2742} INFO - Sync 1 DAGs
[2023-07-21T17:06:14.577+0000] {logging_mixin.py:150} INFO - [2023-07-21T17:06:14.576+0000] {dag.py:3508} INFO - Setting next_dagrun for ETL_toll_data to 2023-07-21T00:00:00+00:00, run_after=2023-07-22T00:00:00+00:00
[2023-07-21T17:06:14.590+0000] {processor.py:179} INFO - Processing /opt/airflow/dags/asm08/asm_dag.py took 0.078 seconds
[2023-07-21T17:06:45.436+0000] {processor.py:157} INFO - Started process (PID=2386) to work on /opt/airflow/dags/asm08/asm_dag.py
[2023-07-21T17:06:45.437+0000] {processor.py:826} INFO - Processing file /opt/airflow/dags/asm08/asm_dag.py for tasks to queue
[2023-07-21T17:06:45.439+0000] {logging_mixin.py:150} INFO - [2023-07-21T17:06:45.439+0000] {dagbag.py:541} INFO - Filling up the DagBag from /opt/airflow/dags/asm08/asm_dag.py
[2023-07-21T17:06:45.451+0000] {processor.py:836} INFO - DAG(s) dict_keys(['ETL_toll_data']) retrieved from /opt/airflow/dags/asm08/asm_dag.py
[2023-07-21T17:06:45.476+0000] {logging_mixin.py:150} INFO - [2023-07-21T17:06:45.476+0000] {dag.py:2742} INFO - Sync 1 DAGs
[2023-07-21T17:06:45.495+0000] {logging_mixin.py:150} INFO - [2023-07-21T17:06:45.495+0000] {dag.py:3508} INFO - Setting next_dagrun for ETL_toll_data to 2023-07-21T00:00:00+00:00, run_after=2023-07-22T00:00:00+00:00
[2023-07-21T17:06:45.509+0000] {processor.py:179} INFO - Processing /opt/airflow/dags/asm08/asm_dag.py took 0.077 seconds
[2023-07-21T17:07:16.437+0000] {processor.py:157} INFO - Started process (PID=2446) to work on /opt/airflow/dags/asm08/asm_dag.py
[2023-07-21T17:07:16.440+0000] {processor.py:826} INFO - Processing file /opt/airflow/dags/asm08/asm_dag.py for tasks to queue
[2023-07-21T17:07:16.442+0000] {logging_mixin.py:150} INFO - [2023-07-21T17:07:16.441+0000] {dagbag.py:541} INFO - Filling up the DagBag from /opt/airflow/dags/asm08/asm_dag.py
[2023-07-21T17:07:16.455+0000] {processor.py:836} INFO - DAG(s) dict_keys(['ETL_toll_data']) retrieved from /opt/airflow/dags/asm08/asm_dag.py
[2023-07-21T17:07:16.478+0000] {logging_mixin.py:150} INFO - [2023-07-21T17:07:16.478+0000] {dag.py:2742} INFO - Sync 1 DAGs
[2023-07-21T17:07:16.497+0000] {logging_mixin.py:150} INFO - [2023-07-21T17:07:16.497+0000] {dag.py:3508} INFO - Setting next_dagrun for ETL_toll_data to 2023-07-21T00:00:00+00:00, run_after=2023-07-22T00:00:00+00:00
[2023-07-21T17:07:16.511+0000] {processor.py:179} INFO - Processing /opt/airflow/dags/asm08/asm_dag.py took 0.081 seconds
[2023-07-21T17:07:47.269+0000] {processor.py:157} INFO - Started process (PID=2506) to work on /opt/airflow/dags/asm08/asm_dag.py
[2023-07-21T17:07:47.270+0000] {processor.py:826} INFO - Processing file /opt/airflow/dags/asm08/asm_dag.py for tasks to queue
[2023-07-21T17:07:47.271+0000] {logging_mixin.py:150} INFO - [2023-07-21T17:07:47.271+0000] {dagbag.py:541} INFO - Filling up the DagBag from /opt/airflow/dags/asm08/asm_dag.py
[2023-07-21T17:07:47.279+0000] {processor.py:836} INFO - DAG(s) dict_keys(['ETL_toll_data']) retrieved from /opt/airflow/dags/asm08/asm_dag.py
[2023-07-21T17:07:47.300+0000] {logging_mixin.py:150} INFO - [2023-07-21T17:07:47.300+0000] {dag.py:2742} INFO - Sync 1 DAGs
[2023-07-21T17:07:47.320+0000] {logging_mixin.py:150} INFO - [2023-07-21T17:07:47.320+0000] {dag.py:3508} INFO - Setting next_dagrun for ETL_toll_data to 2023-07-21T00:00:00+00:00, run_after=2023-07-22T00:00:00+00:00
[2023-07-21T17:07:47.334+0000] {processor.py:179} INFO - Processing /opt/airflow/dags/asm08/asm_dag.py took 0.068 seconds
[2023-07-21T17:08:18.163+0000] {processor.py:157} INFO - Started process (PID=2566) to work on /opt/airflow/dags/asm08/asm_dag.py
[2023-07-21T17:08:18.165+0000] {processor.py:826} INFO - Processing file /opt/airflow/dags/asm08/asm_dag.py for tasks to queue
[2023-07-21T17:08:18.167+0000] {logging_mixin.py:150} INFO - [2023-07-21T17:08:18.166+0000] {dagbag.py:541} INFO - Filling up the DagBag from /opt/airflow/dags/asm08/asm_dag.py
[2023-07-21T17:08:18.178+0000] {processor.py:836} INFO - DAG(s) dict_keys(['ETL_toll_data']) retrieved from /opt/airflow/dags/asm08/asm_dag.py
[2023-07-21T17:08:18.200+0000] {logging_mixin.py:150} INFO - [2023-07-21T17:08:18.199+0000] {dag.py:2742} INFO - Sync 1 DAGs
[2023-07-21T17:08:18.219+0000] {logging_mixin.py:150} INFO - [2023-07-21T17:08:18.219+0000] {dag.py:3508} INFO - Setting next_dagrun for ETL_toll_data to 2023-07-21T00:00:00+00:00, run_after=2023-07-22T00:00:00+00:00
[2023-07-21T17:08:18.232+0000] {processor.py:179} INFO - Processing /opt/airflow/dags/asm08/asm_dag.py took 0.075 seconds
[2023-07-21T17:08:49.007+0000] {processor.py:157} INFO - Started process (PID=2626) to work on /opt/airflow/dags/asm08/asm_dag.py
[2023-07-21T17:08:49.009+0000] {processor.py:826} INFO - Processing file /opt/airflow/dags/asm08/asm_dag.py for tasks to queue
[2023-07-21T17:08:49.011+0000] {logging_mixin.py:150} INFO - [2023-07-21T17:08:49.010+0000] {dagbag.py:541} INFO - Filling up the DagBag from /opt/airflow/dags/asm08/asm_dag.py
[2023-07-21T17:08:49.024+0000] {processor.py:836} INFO - DAG(s) dict_keys(['ETL_toll_data']) retrieved from /opt/airflow/dags/asm08/asm_dag.py
[2023-07-21T17:08:49.048+0000] {logging_mixin.py:150} INFO - [2023-07-21T17:08:49.048+0000] {dag.py:2742} INFO - Sync 1 DAGs
[2023-07-21T17:08:49.069+0000] {logging_mixin.py:150} INFO - [2023-07-21T17:08:49.069+0000] {dag.py:3508} INFO - Setting next_dagrun for ETL_toll_data to 2023-07-21T00:00:00+00:00, run_after=2023-07-22T00:00:00+00:00
[2023-07-21T17:08:49.084+0000] {processor.py:179} INFO - Processing /opt/airflow/dags/asm08/asm_dag.py took 0.083 seconds
[2023-07-21T17:09:19.845+0000] {processor.py:157} INFO - Started process (PID=2687) to work on /opt/airflow/dags/asm08/asm_dag.py
[2023-07-21T17:09:19.847+0000] {processor.py:826} INFO - Processing file /opt/airflow/dags/asm08/asm_dag.py for tasks to queue
[2023-07-21T17:09:19.848+0000] {logging_mixin.py:150} INFO - [2023-07-21T17:09:19.847+0000] {dagbag.py:541} INFO - Filling up the DagBag from /opt/airflow/dags/asm08/asm_dag.py
[2023-07-21T17:09:19.855+0000] {processor.py:836} INFO - DAG(s) dict_keys(['ETL_toll_data']) retrieved from /opt/airflow/dags/asm08/asm_dag.py
[2023-07-21T17:09:19.878+0000] {logging_mixin.py:150} INFO - [2023-07-21T17:09:19.878+0000] {dag.py:2742} INFO - Sync 1 DAGs
[2023-07-21T17:09:19.898+0000] {logging_mixin.py:150} INFO - [2023-07-21T17:09:19.898+0000] {dag.py:3508} INFO - Setting next_dagrun for ETL_toll_data to 2023-07-21T00:00:00+00:00, run_after=2023-07-22T00:00:00+00:00
[2023-07-21T17:09:19.913+0000] {processor.py:179} INFO - Processing /opt/airflow/dags/asm08/asm_dag.py took 0.070 seconds
[2023-07-21T17:09:50.660+0000] {processor.py:157} INFO - Started process (PID=2747) to work on /opt/airflow/dags/asm08/asm_dag.py
[2023-07-21T17:09:50.663+0000] {processor.py:826} INFO - Processing file /opt/airflow/dags/asm08/asm_dag.py for tasks to queue
[2023-07-21T17:09:50.665+0000] {logging_mixin.py:150} INFO - [2023-07-21T17:09:50.664+0000] {dagbag.py:541} INFO - Filling up the DagBag from /opt/airflow/dags/asm08/asm_dag.py
[2023-07-21T17:09:50.677+0000] {processor.py:836} INFO - DAG(s) dict_keys(['ETL_toll_data']) retrieved from /opt/airflow/dags/asm08/asm_dag.py
[2023-07-21T17:09:50.699+0000] {logging_mixin.py:150} INFO - [2023-07-21T17:09:50.699+0000] {dag.py:2742} INFO - Sync 1 DAGs
[2023-07-21T17:09:50.719+0000] {logging_mixin.py:150} INFO - [2023-07-21T17:09:50.718+0000] {dag.py:3508} INFO - Setting next_dagrun for ETL_toll_data to 2023-07-21T00:00:00+00:00, run_after=2023-07-22T00:00:00+00:00
[2023-07-21T17:09:50.732+0000] {processor.py:179} INFO - Processing /opt/airflow/dags/asm08/asm_dag.py took 0.078 seconds
[2023-07-21T17:10:21.550+0000] {processor.py:157} INFO - Started process (PID=2807) to work on /opt/airflow/dags/asm08/asm_dag.py
[2023-07-21T17:10:21.552+0000] {processor.py:826} INFO - Processing file /opt/airflow/dags/asm08/asm_dag.py for tasks to queue
[2023-07-21T17:10:21.554+0000] {logging_mixin.py:150} INFO - [2023-07-21T17:10:21.554+0000] {dagbag.py:541} INFO - Filling up the DagBag from /opt/airflow/dags/asm08/asm_dag.py
[2023-07-21T17:10:21.565+0000] {processor.py:836} INFO - DAG(s) dict_keys(['ETL_toll_data']) retrieved from /opt/airflow/dags/asm08/asm_dag.py
[2023-07-21T17:10:21.587+0000] {logging_mixin.py:150} INFO - [2023-07-21T17:10:21.587+0000] {dag.py:2742} INFO - Sync 1 DAGs
[2023-07-21T17:10:21.606+0000] {logging_mixin.py:150} INFO - [2023-07-21T17:10:21.606+0000] {dag.py:3508} INFO - Setting next_dagrun for ETL_toll_data to 2023-07-21T00:00:00+00:00, run_after=2023-07-22T00:00:00+00:00
[2023-07-21T17:10:21.619+0000] {processor.py:179} INFO - Processing /opt/airflow/dags/asm08/asm_dag.py took 0.074 seconds
[2023-07-21T17:10:51.729+0000] {processor.py:157} INFO - Started process (PID=2867) to work on /opt/airflow/dags/asm08/asm_dag.py
[2023-07-21T17:10:51.731+0000] {processor.py:826} INFO - Processing file /opt/airflow/dags/asm08/asm_dag.py for tasks to queue
[2023-07-21T17:10:51.734+0000] {logging_mixin.py:150} INFO - [2023-07-21T17:10:51.733+0000] {dagbag.py:541} INFO - Filling up the DagBag from /opt/airflow/dags/asm08/asm_dag.py
[2023-07-21T17:10:51.745+0000] {processor.py:836} INFO - DAG(s) dict_keys(['ETL_toll_data']) retrieved from /opt/airflow/dags/asm08/asm_dag.py
[2023-07-21T17:10:51.767+0000] {logging_mixin.py:150} INFO - [2023-07-21T17:10:51.767+0000] {dag.py:2742} INFO - Sync 1 DAGs
[2023-07-21T17:10:51.786+0000] {logging_mixin.py:150} INFO - [2023-07-21T17:10:51.786+0000] {dag.py:3508} INFO - Setting next_dagrun for ETL_toll_data to 2023-07-21T00:00:00+00:00, run_after=2023-07-22T00:00:00+00:00
[2023-07-21T17:10:51.801+0000] {processor.py:179} INFO - Processing /opt/airflow/dags/asm08/asm_dag.py took 0.077 seconds
[2023-07-21T17:11:22.463+0000] {processor.py:157} INFO - Started process (PID=2927) to work on /opt/airflow/dags/asm08/asm_dag.py
[2023-07-21T17:11:22.464+0000] {processor.py:826} INFO - Processing file /opt/airflow/dags/asm08/asm_dag.py for tasks to queue
[2023-07-21T17:11:22.465+0000] {logging_mixin.py:150} INFO - [2023-07-21T17:11:22.465+0000] {dagbag.py:541} INFO - Filling up the DagBag from /opt/airflow/dags/asm08/asm_dag.py
[2023-07-21T17:11:22.473+0000] {processor.py:836} INFO - DAG(s) dict_keys(['ETL_toll_data']) retrieved from /opt/airflow/dags/asm08/asm_dag.py
[2023-07-21T17:11:22.496+0000] {logging_mixin.py:150} INFO - [2023-07-21T17:11:22.496+0000] {dag.py:2742} INFO - Sync 1 DAGs
[2023-07-21T17:11:22.515+0000] {logging_mixin.py:150} INFO - [2023-07-21T17:11:22.515+0000] {dag.py:3508} INFO - Setting next_dagrun for ETL_toll_data to 2023-07-21T00:00:00+00:00, run_after=2023-07-22T00:00:00+00:00
[2023-07-21T17:11:22.528+0000] {processor.py:179} INFO - Processing /opt/airflow/dags/asm08/asm_dag.py took 0.068 seconds
[2023-07-21T17:11:53.292+0000] {processor.py:157} INFO - Started process (PID=2987) to work on /opt/airflow/dags/asm08/asm_dag.py
[2023-07-21T17:11:53.294+0000] {processor.py:826} INFO - Processing file /opt/airflow/dags/asm08/asm_dag.py for tasks to queue
[2023-07-21T17:11:53.296+0000] {logging_mixin.py:150} INFO - [2023-07-21T17:11:53.295+0000] {dagbag.py:541} INFO - Filling up the DagBag from /opt/airflow/dags/asm08/asm_dag.py
[2023-07-21T17:11:53.307+0000] {processor.py:836} INFO - DAG(s) dict_keys(['ETL_toll_data']) retrieved from /opt/airflow/dags/asm08/asm_dag.py
[2023-07-21T17:11:53.330+0000] {logging_mixin.py:150} INFO - [2023-07-21T17:11:53.330+0000] {dag.py:2742} INFO - Sync 1 DAGs
[2023-07-21T17:11:53.350+0000] {logging_mixin.py:150} INFO - [2023-07-21T17:11:53.349+0000] {dag.py:3508} INFO - Setting next_dagrun for ETL_toll_data to 2023-07-21T00:00:00+00:00, run_after=2023-07-22T00:00:00+00:00
[2023-07-21T17:11:53.364+0000] {processor.py:179} INFO - Processing /opt/airflow/dags/asm08/asm_dag.py took 0.077 seconds
[2023-07-21T17:12:23.979+0000] {processor.py:157} INFO - Started process (PID=3047) to work on /opt/airflow/dags/asm08/asm_dag.py
[2023-07-21T17:12:23.980+0000] {processor.py:826} INFO - Processing file /opt/airflow/dags/asm08/asm_dag.py for tasks to queue
[2023-07-21T17:12:23.982+0000] {logging_mixin.py:150} INFO - [2023-07-21T17:12:23.981+0000] {dagbag.py:541} INFO - Filling up the DagBag from /opt/airflow/dags/asm08/asm_dag.py
[2023-07-21T17:12:23.991+0000] {processor.py:836} INFO - DAG(s) dict_keys(['ETL_toll_data']) retrieved from /opt/airflow/dags/asm08/asm_dag.py
[2023-07-21T17:12:24.014+0000] {logging_mixin.py:150} INFO - [2023-07-21T17:12:24.014+0000] {dag.py:2742} INFO - Sync 1 DAGs
[2023-07-21T17:12:24.033+0000] {logging_mixin.py:150} INFO - [2023-07-21T17:12:24.032+0000] {dag.py:3508} INFO - Setting next_dagrun for ETL_toll_data to 2023-07-21T00:00:00+00:00, run_after=2023-07-22T00:00:00+00:00
[2023-07-21T17:12:24.046+0000] {processor.py:179} INFO - Processing /opt/airflow/dags/asm08/asm_dag.py took 0.072 seconds
[2023-07-21T17:12:54.922+0000] {processor.py:157} INFO - Started process (PID=3106) to work on /opt/airflow/dags/asm08/asm_dag.py
[2023-07-21T17:12:54.924+0000] {processor.py:826} INFO - Processing file /opt/airflow/dags/asm08/asm_dag.py for tasks to queue
[2023-07-21T17:12:54.927+0000] {logging_mixin.py:150} INFO - [2023-07-21T17:12:54.926+0000] {dagbag.py:541} INFO - Filling up the DagBag from /opt/airflow/dags/asm08/asm_dag.py
[2023-07-21T17:12:54.938+0000] {processor.py:836} INFO - DAG(s) dict_keys(['ETL_toll_data']) retrieved from /opt/airflow/dags/asm08/asm_dag.py
[2023-07-21T17:12:54.962+0000] {logging_mixin.py:150} INFO - [2023-07-21T17:12:54.962+0000] {dag.py:2742} INFO - Sync 1 DAGs
[2023-07-21T17:12:54.981+0000] {logging_mixin.py:150} INFO - [2023-07-21T17:12:54.981+0000] {dag.py:3508} INFO - Setting next_dagrun for ETL_toll_data to 2023-07-21T00:00:00+00:00, run_after=2023-07-22T00:00:00+00:00
[2023-07-21T17:12:54.995+0000] {processor.py:179} INFO - Processing /opt/airflow/dags/asm08/asm_dag.py took 0.078 seconds
[2023-07-21T17:13:25.734+0000] {processor.py:157} INFO - Started process (PID=3166) to work on /opt/airflow/dags/asm08/asm_dag.py
[2023-07-21T17:13:25.735+0000] {processor.py:826} INFO - Processing file /opt/airflow/dags/asm08/asm_dag.py for tasks to queue
[2023-07-21T17:13:25.737+0000] {logging_mixin.py:150} INFO - [2023-07-21T17:13:25.737+0000] {dagbag.py:541} INFO - Filling up the DagBag from /opt/airflow/dags/asm08/asm_dag.py
[2023-07-21T17:13:25.747+0000] {processor.py:836} INFO - DAG(s) dict_keys(['ETL_toll_data']) retrieved from /opt/airflow/dags/asm08/asm_dag.py
[2023-07-21T17:13:25.770+0000] {logging_mixin.py:150} INFO - [2023-07-21T17:13:25.770+0000] {dag.py:2742} INFO - Sync 1 DAGs
[2023-07-21T17:13:25.789+0000] {logging_mixin.py:150} INFO - [2023-07-21T17:13:25.789+0000] {dag.py:3508} INFO - Setting next_dagrun for ETL_toll_data to 2023-07-21T00:00:00+00:00, run_after=2023-07-22T00:00:00+00:00
[2023-07-21T17:13:25.802+0000] {processor.py:179} INFO - Processing /opt/airflow/dags/asm08/asm_dag.py took 0.075 seconds
[2023-07-21T17:13:56.530+0000] {processor.py:157} INFO - Started process (PID=3226) to work on /opt/airflow/dags/asm08/asm_dag.py
[2023-07-21T17:13:56.531+0000] {processor.py:826} INFO - Processing file /opt/airflow/dags/asm08/asm_dag.py for tasks to queue
[2023-07-21T17:13:56.533+0000] {logging_mixin.py:150} INFO - [2023-07-21T17:13:56.533+0000] {dagbag.py:541} INFO - Filling up the DagBag from /opt/airflow/dags/asm08/asm_dag.py
[2023-07-21T17:13:56.544+0000] {processor.py:836} INFO - DAG(s) dict_keys(['ETL_toll_data']) retrieved from /opt/airflow/dags/asm08/asm_dag.py
[2023-07-21T17:13:56.567+0000] {logging_mixin.py:150} INFO - [2023-07-21T17:13:56.567+0000] {dag.py:2742} INFO - Sync 1 DAGs
[2023-07-21T17:13:56.586+0000] {logging_mixin.py:150} INFO - [2023-07-21T17:13:56.586+0000] {dag.py:3508} INFO - Setting next_dagrun for ETL_toll_data to 2023-07-21T00:00:00+00:00, run_after=2023-07-22T00:00:00+00:00
[2023-07-21T17:13:56.600+0000] {processor.py:179} INFO - Processing /opt/airflow/dags/asm08/asm_dag.py took 0.075 seconds
[2023-07-21T17:14:27.201+0000] {processor.py:157} INFO - Started process (PID=3286) to work on /opt/airflow/dags/asm08/asm_dag.py
[2023-07-21T17:14:27.202+0000] {processor.py:826} INFO - Processing file /opt/airflow/dags/asm08/asm_dag.py for tasks to queue
[2023-07-21T17:14:27.203+0000] {logging_mixin.py:150} INFO - [2023-07-21T17:14:27.203+0000] {dagbag.py:541} INFO - Filling up the DagBag from /opt/airflow/dags/asm08/asm_dag.py
[2023-07-21T17:14:27.214+0000] {processor.py:836} INFO - DAG(s) dict_keys(['ETL_toll_data']) retrieved from /opt/airflow/dags/asm08/asm_dag.py
[2023-07-21T17:14:27.241+0000] {logging_mixin.py:150} INFO - [2023-07-21T17:14:27.240+0000] {dag.py:2742} INFO - Sync 1 DAGs
[2023-07-21T17:14:27.270+0000] {logging_mixin.py:150} INFO - [2023-07-21T17:14:27.269+0000] {dag.py:3508} INFO - Setting next_dagrun for ETL_toll_data to 2023-07-21T00:00:00+00:00, run_after=2023-07-22T00:00:00+00:00
[2023-07-21T17:14:27.288+0000] {processor.py:179} INFO - Processing /opt/airflow/dags/asm08/asm_dag.py took 0.090 seconds
[2023-07-21T17:14:58.034+0000] {processor.py:157} INFO - Started process (PID=3346) to work on /opt/airflow/dags/asm08/asm_dag.py
[2023-07-21T17:14:58.036+0000] {processor.py:826} INFO - Processing file /opt/airflow/dags/asm08/asm_dag.py for tasks to queue
[2023-07-21T17:14:58.037+0000] {logging_mixin.py:150} INFO - [2023-07-21T17:14:58.037+0000] {dagbag.py:541} INFO - Filling up the DagBag from /opt/airflow/dags/asm08/asm_dag.py
[2023-07-21T17:14:58.044+0000] {processor.py:836} INFO - DAG(s) dict_keys(['ETL_toll_data']) retrieved from /opt/airflow/dags/asm08/asm_dag.py
[2023-07-21T17:14:58.067+0000] {logging_mixin.py:150} INFO - [2023-07-21T17:14:58.067+0000] {dag.py:2742} INFO - Sync 1 DAGs
[2023-07-21T17:14:58.086+0000] {logging_mixin.py:150} INFO - [2023-07-21T17:14:58.086+0000] {dag.py:3508} INFO - Setting next_dagrun for ETL_toll_data to 2023-07-21T00:00:00+00:00, run_after=2023-07-22T00:00:00+00:00
[2023-07-21T17:14:58.100+0000] {processor.py:179} INFO - Processing /opt/airflow/dags/asm08/asm_dag.py took 0.069 seconds
[2023-07-21T17:15:28.838+0000] {processor.py:157} INFO - Started process (PID=3406) to work on /opt/airflow/dags/asm08/asm_dag.py
[2023-07-21T17:15:28.840+0000] {processor.py:826} INFO - Processing file /opt/airflow/dags/asm08/asm_dag.py for tasks to queue
[2023-07-21T17:15:28.842+0000] {logging_mixin.py:150} INFO - [2023-07-21T17:15:28.842+0000] {dagbag.py:541} INFO - Filling up the DagBag from /opt/airflow/dags/asm08/asm_dag.py
[2023-07-21T17:15:28.853+0000] {processor.py:836} INFO - DAG(s) dict_keys(['ETL_toll_data']) retrieved from /opt/airflow/dags/asm08/asm_dag.py
[2023-07-21T17:15:28.875+0000] {logging_mixin.py:150} INFO - [2023-07-21T17:15:28.875+0000] {dag.py:2742} INFO - Sync 1 DAGs
[2023-07-21T17:15:28.894+0000] {logging_mixin.py:150} INFO - [2023-07-21T17:15:28.894+0000] {dag.py:3508} INFO - Setting next_dagrun for ETL_toll_data to 2023-07-21T00:00:00+00:00, run_after=2023-07-22T00:00:00+00:00
[2023-07-21T17:15:28.906+0000] {processor.py:179} INFO - Processing /opt/airflow/dags/asm08/asm_dag.py took 0.074 seconds
[2023-07-21T17:15:59.514+0000] {processor.py:157} INFO - Started process (PID=3466) to work on /opt/airflow/dags/asm08/asm_dag.py
[2023-07-21T17:15:59.515+0000] {processor.py:826} INFO - Processing file /opt/airflow/dags/asm08/asm_dag.py for tasks to queue
[2023-07-21T17:15:59.516+0000] {logging_mixin.py:150} INFO - [2023-07-21T17:15:59.516+0000] {dagbag.py:541} INFO - Filling up the DagBag from /opt/airflow/dags/asm08/asm_dag.py
[2023-07-21T17:15:59.525+0000] {processor.py:836} INFO - DAG(s) dict_keys(['ETL_toll_data']) retrieved from /opt/airflow/dags/asm08/asm_dag.py
[2023-07-21T17:15:59.548+0000] {logging_mixin.py:150} INFO - [2023-07-21T17:15:59.548+0000] {dag.py:2742} INFO - Sync 1 DAGs
[2023-07-21T17:15:59.567+0000] {logging_mixin.py:150} INFO - [2023-07-21T17:15:59.567+0000] {dag.py:3508} INFO - Setting next_dagrun for ETL_toll_data to 2023-07-21T00:00:00+00:00, run_after=2023-07-22T00:00:00+00:00
[2023-07-21T17:15:59.581+0000] {processor.py:179} INFO - Processing /opt/airflow/dags/asm08/asm_dag.py took 0.071 seconds
[2023-07-21T17:16:30.346+0000] {processor.py:157} INFO - Started process (PID=3526) to work on /opt/airflow/dags/asm08/asm_dag.py
[2023-07-21T17:16:30.347+0000] {processor.py:826} INFO - Processing file /opt/airflow/dags/asm08/asm_dag.py for tasks to queue
[2023-07-21T17:16:30.349+0000] {logging_mixin.py:150} INFO - [2023-07-21T17:16:30.348+0000] {dagbag.py:541} INFO - Filling up the DagBag from /opt/airflow/dags/asm08/asm_dag.py
[2023-07-21T17:16:30.357+0000] {processor.py:836} INFO - DAG(s) dict_keys(['ETL_toll_data']) retrieved from /opt/airflow/dags/asm08/asm_dag.py
[2023-07-21T17:16:30.380+0000] {logging_mixin.py:150} INFO - [2023-07-21T17:16:30.380+0000] {dag.py:2742} INFO - Sync 1 DAGs
[2023-07-21T17:16:30.402+0000] {logging_mixin.py:150} INFO - [2023-07-21T17:16:30.402+0000] {dag.py:3508} INFO - Setting next_dagrun for ETL_toll_data to 2023-07-21T00:00:00+00:00, run_after=2023-07-22T00:00:00+00:00
[2023-07-21T17:16:30.417+0000] {processor.py:179} INFO - Processing /opt/airflow/dags/asm08/asm_dag.py took 0.074 seconds
[2023-07-21T17:17:01.186+0000] {processor.py:157} INFO - Started process (PID=3586) to work on /opt/airflow/dags/asm08/asm_dag.py
[2023-07-21T17:17:01.187+0000] {processor.py:826} INFO - Processing file /opt/airflow/dags/asm08/asm_dag.py for tasks to queue
[2023-07-21T17:17:01.189+0000] {logging_mixin.py:150} INFO - [2023-07-21T17:17:01.188+0000] {dagbag.py:541} INFO - Filling up the DagBag from /opt/airflow/dags/asm08/asm_dag.py
[2023-07-21T17:17:01.197+0000] {processor.py:836} INFO - DAG(s) dict_keys(['ETL_toll_data']) retrieved from /opt/airflow/dags/asm08/asm_dag.py
[2023-07-21T17:17:01.219+0000] {logging_mixin.py:150} INFO - [2023-07-21T17:17:01.219+0000] {dag.py:2742} INFO - Sync 1 DAGs
[2023-07-21T17:17:01.238+0000] {logging_mixin.py:150} INFO - [2023-07-21T17:17:01.238+0000] {dag.py:3508} INFO - Setting next_dagrun for ETL_toll_data to 2023-07-21T00:00:00+00:00, run_after=2023-07-22T00:00:00+00:00
[2023-07-21T17:17:01.252+0000] {processor.py:179} INFO - Processing /opt/airflow/dags/asm08/asm_dag.py took 0.069 seconds
[2023-07-21T17:17:31.823+0000] {processor.py:157} INFO - Started process (PID=3646) to work on /opt/airflow/dags/asm08/asm_dag.py
[2023-07-21T17:17:31.824+0000] {processor.py:826} INFO - Processing file /opt/airflow/dags/asm08/asm_dag.py for tasks to queue
[2023-07-21T17:17:31.825+0000] {logging_mixin.py:150} INFO - [2023-07-21T17:17:31.825+0000] {dagbag.py:541} INFO - Filling up the DagBag from /opt/airflow/dags/asm08/asm_dag.py
[2023-07-21T17:17:31.833+0000] {processor.py:836} INFO - DAG(s) dict_keys(['ETL_toll_data']) retrieved from /opt/airflow/dags/asm08/asm_dag.py
[2023-07-21T17:17:31.855+0000] {logging_mixin.py:150} INFO - [2023-07-21T17:17:31.854+0000] {dag.py:2742} INFO - Sync 1 DAGs
[2023-07-21T17:17:31.874+0000] {logging_mixin.py:150} INFO - [2023-07-21T17:17:31.874+0000] {dag.py:3508} INFO - Setting next_dagrun for ETL_toll_data to 2023-07-21T00:00:00+00:00, run_after=2023-07-22T00:00:00+00:00
[2023-07-21T17:17:31.891+0000] {processor.py:179} INFO - Processing /opt/airflow/dags/asm08/asm_dag.py took 0.071 seconds
[2023-07-21T17:18:02.556+0000] {processor.py:157} INFO - Started process (PID=3707) to work on /opt/airflow/dags/asm08/asm_dag.py
[2023-07-21T17:18:02.557+0000] {processor.py:826} INFO - Processing file /opt/airflow/dags/asm08/asm_dag.py for tasks to queue
[2023-07-21T17:18:02.558+0000] {logging_mixin.py:150} INFO - [2023-07-21T17:18:02.557+0000] {dagbag.py:541} INFO - Filling up the DagBag from /opt/airflow/dags/asm08/asm_dag.py
[2023-07-21T17:18:02.565+0000] {processor.py:836} INFO - DAG(s) dict_keys(['ETL_toll_data']) retrieved from /opt/airflow/dags/asm08/asm_dag.py
[2023-07-21T17:18:02.587+0000] {logging_mixin.py:150} INFO - [2023-07-21T17:18:02.587+0000] {dag.py:2742} INFO - Sync 1 DAGs
[2023-07-21T17:18:02.606+0000] {logging_mixin.py:150} INFO - [2023-07-21T17:18:02.606+0000] {dag.py:3508} INFO - Setting next_dagrun for ETL_toll_data to 2023-07-21T00:00:00+00:00, run_after=2023-07-22T00:00:00+00:00
[2023-07-21T17:18:02.620+0000] {processor.py:179} INFO - Processing /opt/airflow/dags/asm08/asm_dag.py took 0.067 seconds
[2023-07-21T17:18:33.228+0000] {processor.py:157} INFO - Started process (PID=3767) to work on /opt/airflow/dags/asm08/asm_dag.py
[2023-07-21T17:18:33.230+0000] {processor.py:826} INFO - Processing file /opt/airflow/dags/asm08/asm_dag.py for tasks to queue
[2023-07-21T17:18:33.231+0000] {logging_mixin.py:150} INFO - [2023-07-21T17:18:33.230+0000] {dagbag.py:541} INFO - Filling up the DagBag from /opt/airflow/dags/asm08/asm_dag.py
[2023-07-21T17:18:33.239+0000] {processor.py:836} INFO - DAG(s) dict_keys(['ETL_toll_data']) retrieved from /opt/airflow/dags/asm08/asm_dag.py
[2023-07-21T17:18:33.263+0000] {logging_mixin.py:150} INFO - [2023-07-21T17:18:33.263+0000] {dag.py:2742} INFO - Sync 1 DAGs
[2023-07-21T17:18:33.283+0000] {logging_mixin.py:150} INFO - [2023-07-21T17:18:33.283+0000] {dag.py:3508} INFO - Setting next_dagrun for ETL_toll_data to 2023-07-21T00:00:00+00:00, run_after=2023-07-22T00:00:00+00:00
[2023-07-21T17:18:33.297+0000] {processor.py:179} INFO - Processing /opt/airflow/dags/asm08/asm_dag.py took 0.071 seconds
[2023-07-21T17:19:04.123+0000] {processor.py:157} INFO - Started process (PID=3827) to work on /opt/airflow/dags/asm08/asm_dag.py
[2023-07-21T17:19:04.124+0000] {processor.py:826} INFO - Processing file /opt/airflow/dags/asm08/asm_dag.py for tasks to queue
[2023-07-21T17:19:04.125+0000] {logging_mixin.py:150} INFO - [2023-07-21T17:19:04.125+0000] {dagbag.py:541} INFO - Filling up the DagBag from /opt/airflow/dags/asm08/asm_dag.py
[2023-07-21T17:19:04.133+0000] {processor.py:836} INFO - DAG(s) dict_keys(['ETL_toll_data']) retrieved from /opt/airflow/dags/asm08/asm_dag.py
[2023-07-21T17:19:04.156+0000] {logging_mixin.py:150} INFO - [2023-07-21T17:19:04.156+0000] {dag.py:2742} INFO - Sync 1 DAGs
[2023-07-21T17:19:04.175+0000] {logging_mixin.py:150} INFO - [2023-07-21T17:19:04.175+0000] {dag.py:3508} INFO - Setting next_dagrun for ETL_toll_data to 2023-07-21T00:00:00+00:00, run_after=2023-07-22T00:00:00+00:00
[2023-07-21T17:19:04.190+0000] {processor.py:179} INFO - Processing /opt/airflow/dags/asm08/asm_dag.py took 0.070 seconds
[2023-07-21T17:19:34.971+0000] {processor.py:157} INFO - Started process (PID=3887) to work on /opt/airflow/dags/asm08/asm_dag.py
[2023-07-21T17:19:34.972+0000] {processor.py:826} INFO - Processing file /opt/airflow/dags/asm08/asm_dag.py for tasks to queue
[2023-07-21T17:19:34.974+0000] {logging_mixin.py:150} INFO - [2023-07-21T17:19:34.973+0000] {dagbag.py:541} INFO - Filling up the DagBag from /opt/airflow/dags/asm08/asm_dag.py
[2023-07-21T17:19:34.981+0000] {processor.py:836} INFO - DAG(s) dict_keys(['ETL_toll_data']) retrieved from /opt/airflow/dags/asm08/asm_dag.py
[2023-07-21T17:19:35.003+0000] {logging_mixin.py:150} INFO - [2023-07-21T17:19:35.003+0000] {dag.py:2742} INFO - Sync 1 DAGs
[2023-07-21T17:19:35.022+0000] {logging_mixin.py:150} INFO - [2023-07-21T17:19:35.022+0000] {dag.py:3508} INFO - Setting next_dagrun for ETL_toll_data to 2023-07-21T00:00:00+00:00, run_after=2023-07-22T00:00:00+00:00
[2023-07-21T17:19:35.036+0000] {processor.py:179} INFO - Processing /opt/airflow/dags/asm08/asm_dag.py took 0.068 seconds
[2023-07-21T17:20:05.846+0000] {processor.py:157} INFO - Started process (PID=3947) to work on /opt/airflow/dags/asm08/asm_dag.py
[2023-07-21T17:20:05.847+0000] {processor.py:826} INFO - Processing file /opt/airflow/dags/asm08/asm_dag.py for tasks to queue
[2023-07-21T17:20:05.848+0000] {logging_mixin.py:150} INFO - [2023-07-21T17:20:05.847+0000] {dagbag.py:541} INFO - Filling up the DagBag from /opt/airflow/dags/asm08/asm_dag.py
[2023-07-21T17:20:05.855+0000] {processor.py:836} INFO - DAG(s) dict_keys(['ETL_toll_data']) retrieved from /opt/airflow/dags/asm08/asm_dag.py
[2023-07-21T17:20:05.878+0000] {logging_mixin.py:150} INFO - [2023-07-21T17:20:05.877+0000] {dag.py:2742} INFO - Sync 1 DAGs
[2023-07-21T17:20:05.897+0000] {logging_mixin.py:150} INFO - [2023-07-21T17:20:05.897+0000] {dag.py:3508} INFO - Setting next_dagrun for ETL_toll_data to 2023-07-21T00:00:00+00:00, run_after=2023-07-22T00:00:00+00:00
[2023-07-21T17:20:05.911+0000] {processor.py:179} INFO - Processing /opt/airflow/dags/asm08/asm_dag.py took 0.068 seconds
[2023-07-21T17:20:36.559+0000] {processor.py:157} INFO - Started process (PID=4008) to work on /opt/airflow/dags/asm08/asm_dag.py
[2023-07-21T17:20:36.561+0000] {processor.py:826} INFO - Processing file /opt/airflow/dags/asm08/asm_dag.py for tasks to queue
[2023-07-21T17:20:36.563+0000] {logging_mixin.py:150} INFO - [2023-07-21T17:20:36.562+0000] {dagbag.py:541} INFO - Filling up the DagBag from /opt/airflow/dags/asm08/asm_dag.py
[2023-07-21T17:20:36.572+0000] {processor.py:836} INFO - DAG(s) dict_keys(['ETL_toll_data']) retrieved from /opt/airflow/dags/asm08/asm_dag.py
[2023-07-21T17:20:36.595+0000] {logging_mixin.py:150} INFO - [2023-07-21T17:20:36.595+0000] {dag.py:2742} INFO - Sync 1 DAGs
[2023-07-21T17:20:36.616+0000] {logging_mixin.py:150} INFO - [2023-07-21T17:20:36.616+0000] {dag.py:3508} INFO - Setting next_dagrun for ETL_toll_data to 2023-07-21T00:00:00+00:00, run_after=2023-07-22T00:00:00+00:00
[2023-07-21T17:20:36.630+0000] {processor.py:179} INFO - Processing /opt/airflow/dags/asm08/asm_dag.py took 0.077 seconds
[2023-07-21T17:21:07.413+0000] {processor.py:157} INFO - Started process (PID=4068) to work on /opt/airflow/dags/asm08/asm_dag.py
[2023-07-21T17:21:07.415+0000] {processor.py:826} INFO - Processing file /opt/airflow/dags/asm08/asm_dag.py for tasks to queue
[2023-07-21T17:21:07.417+0000] {logging_mixin.py:150} INFO - [2023-07-21T17:21:07.416+0000] {dagbag.py:541} INFO - Filling up the DagBag from /opt/airflow/dags/asm08/asm_dag.py
[2023-07-21T17:21:07.429+0000] {processor.py:836} INFO - DAG(s) dict_keys(['ETL_toll_data']) retrieved from /opt/airflow/dags/asm08/asm_dag.py
[2023-07-21T17:21:07.453+0000] {logging_mixin.py:150} INFO - [2023-07-21T17:21:07.453+0000] {dag.py:2742} INFO - Sync 1 DAGs
[2023-07-21T17:21:07.473+0000] {logging_mixin.py:150} INFO - [2023-07-21T17:21:07.472+0000] {dag.py:3508} INFO - Setting next_dagrun for ETL_toll_data to 2023-07-21T00:00:00+00:00, run_after=2023-07-22T00:00:00+00:00
[2023-07-21T17:21:07.487+0000] {processor.py:179} INFO - Processing /opt/airflow/dags/asm08/asm_dag.py took 0.081 seconds
[2023-07-21T17:21:38.196+0000] {processor.py:157} INFO - Started process (PID=4127) to work on /opt/airflow/dags/asm08/asm_dag.py
[2023-07-21T17:21:38.197+0000] {processor.py:826} INFO - Processing file /opt/airflow/dags/asm08/asm_dag.py for tasks to queue
[2023-07-21T17:21:38.198+0000] {logging_mixin.py:150} INFO - [2023-07-21T17:21:38.198+0000] {dagbag.py:541} INFO - Filling up the DagBag from /opt/airflow/dags/asm08/asm_dag.py
[2023-07-21T17:21:38.206+0000] {processor.py:836} INFO - DAG(s) dict_keys(['ETL_toll_data']) retrieved from /opt/airflow/dags/asm08/asm_dag.py
[2023-07-21T17:21:38.228+0000] {logging_mixin.py:150} INFO - [2023-07-21T17:21:38.228+0000] {dag.py:2742} INFO - Sync 1 DAGs
[2023-07-21T17:21:38.248+0000] {logging_mixin.py:150} INFO - [2023-07-21T17:21:38.248+0000] {dag.py:3508} INFO - Setting next_dagrun for ETL_toll_data to 2023-07-21T00:00:00+00:00, run_after=2023-07-22T00:00:00+00:00
[2023-07-21T17:21:38.262+0000] {processor.py:179} INFO - Processing /opt/airflow/dags/asm08/asm_dag.py took 0.069 seconds
[2023-07-21T17:22:08.395+0000] {processor.py:157} INFO - Started process (PID=4187) to work on /opt/airflow/dags/asm08/asm_dag.py
[2023-07-21T17:22:08.396+0000] {processor.py:826} INFO - Processing file /opt/airflow/dags/asm08/asm_dag.py for tasks to queue
[2023-07-21T17:22:08.397+0000] {logging_mixin.py:150} INFO - [2023-07-21T17:22:08.397+0000] {dagbag.py:541} INFO - Filling up the DagBag from /opt/airflow/dags/asm08/asm_dag.py
[2023-07-21T17:22:08.406+0000] {processor.py:836} INFO - DAG(s) dict_keys(['ETL_toll_data']) retrieved from /opt/airflow/dags/asm08/asm_dag.py
[2023-07-21T17:22:08.428+0000] {logging_mixin.py:150} INFO - [2023-07-21T17:22:08.427+0000] {dag.py:2742} INFO - Sync 1 DAGs
[2023-07-21T17:22:08.447+0000] {logging_mixin.py:150} INFO - [2023-07-21T17:22:08.447+0000] {dag.py:3508} INFO - Setting next_dagrun for ETL_toll_data to 2023-07-21T00:00:00+00:00, run_after=2023-07-22T00:00:00+00:00
[2023-07-21T17:22:08.461+0000] {processor.py:179} INFO - Processing /opt/airflow/dags/asm08/asm_dag.py took 0.069 seconds
[2023-07-21T17:22:38.632+0000] {processor.py:157} INFO - Started process (PID=4246) to work on /opt/airflow/dags/asm08/asm_dag.py
[2023-07-21T17:22:38.633+0000] {processor.py:826} INFO - Processing file /opt/airflow/dags/asm08/asm_dag.py for tasks to queue
[2023-07-21T17:22:38.635+0000] {logging_mixin.py:150} INFO - [2023-07-21T17:22:38.635+0000] {dagbag.py:541} INFO - Filling up the DagBag from /opt/airflow/dags/asm08/asm_dag.py
[2023-07-21T17:22:38.643+0000] {processor.py:836} INFO - DAG(s) dict_keys(['ETL_toll_data']) retrieved from /opt/airflow/dags/asm08/asm_dag.py
[2023-07-21T17:22:38.665+0000] {logging_mixin.py:150} INFO - [2023-07-21T17:22:38.665+0000] {dag.py:2742} INFO - Sync 1 DAGs
[2023-07-21T17:22:38.685+0000] {logging_mixin.py:150} INFO - [2023-07-21T17:22:38.685+0000] {dag.py:3508} INFO - Setting next_dagrun for ETL_toll_data to 2023-07-21T00:00:00+00:00, run_after=2023-07-22T00:00:00+00:00
[2023-07-21T17:22:38.699+0000] {processor.py:179} INFO - Processing /opt/airflow/dags/asm08/asm_dag.py took 0.069 seconds
[2023-07-21T17:23:08.819+0000] {processor.py:157} INFO - Started process (PID=4307) to work on /opt/airflow/dags/asm08/asm_dag.py
[2023-07-21T17:23:08.820+0000] {processor.py:826} INFO - Processing file /opt/airflow/dags/asm08/asm_dag.py for tasks to queue
[2023-07-21T17:23:08.821+0000] {logging_mixin.py:150} INFO - [2023-07-21T17:23:08.821+0000] {dagbag.py:541} INFO - Filling up the DagBag from /opt/airflow/dags/asm08/asm_dag.py
[2023-07-21T17:23:08.830+0000] {processor.py:836} INFO - DAG(s) dict_keys(['ETL_toll_data']) retrieved from /opt/airflow/dags/asm08/asm_dag.py
[2023-07-21T17:23:08.852+0000] {logging_mixin.py:150} INFO - [2023-07-21T17:23:08.852+0000] {dag.py:2742} INFO - Sync 1 DAGs
[2023-07-21T17:23:08.871+0000] {logging_mixin.py:150} INFO - [2023-07-21T17:23:08.871+0000] {dag.py:3508} INFO - Setting next_dagrun for ETL_toll_data to 2023-07-21T00:00:00+00:00, run_after=2023-07-22T00:00:00+00:00
[2023-07-21T17:23:08.886+0000] {processor.py:179} INFO - Processing /opt/airflow/dags/asm08/asm_dag.py took 0.070 seconds
[2023-07-21T17:23:39.067+0000] {processor.py:157} INFO - Started process (PID=4367) to work on /opt/airflow/dags/asm08/asm_dag.py
[2023-07-21T17:23:39.068+0000] {processor.py:826} INFO - Processing file /opt/airflow/dags/asm08/asm_dag.py for tasks to queue
[2023-07-21T17:23:39.070+0000] {logging_mixin.py:150} INFO - [2023-07-21T17:23:39.069+0000] {dagbag.py:541} INFO - Filling up the DagBag from /opt/airflow/dags/asm08/asm_dag.py
[2023-07-21T17:23:39.079+0000] {processor.py:836} INFO - DAG(s) dict_keys(['ETL_toll_data']) retrieved from /opt/airflow/dags/asm08/asm_dag.py
[2023-07-21T17:23:39.103+0000] {logging_mixin.py:150} INFO - [2023-07-21T17:23:39.103+0000] {dag.py:2742} INFO - Sync 1 DAGs
[2023-07-21T17:23:39.122+0000] {logging_mixin.py:150} INFO - [2023-07-21T17:23:39.122+0000] {dag.py:3508} INFO - Setting next_dagrun for ETL_toll_data to 2023-07-21T00:00:00+00:00, run_after=2023-07-22T00:00:00+00:00
[2023-07-21T17:23:39.136+0000] {processor.py:179} INFO - Processing /opt/airflow/dags/asm08/asm_dag.py took 0.073 seconds
[2023-07-21T17:24:09.262+0000] {processor.py:157} INFO - Started process (PID=4427) to work on /opt/airflow/dags/asm08/asm_dag.py
[2023-07-21T17:24:09.264+0000] {processor.py:826} INFO - Processing file /opt/airflow/dags/asm08/asm_dag.py for tasks to queue
[2023-07-21T17:24:09.265+0000] {logging_mixin.py:150} INFO - [2023-07-21T17:24:09.265+0000] {dagbag.py:541} INFO - Filling up the DagBag from /opt/airflow/dags/asm08/asm_dag.py
[2023-07-21T17:24:09.275+0000] {processor.py:836} INFO - DAG(s) dict_keys(['ETL_toll_data']) retrieved from /opt/airflow/dags/asm08/asm_dag.py
[2023-07-21T17:24:09.298+0000] {logging_mixin.py:150} INFO - [2023-07-21T17:24:09.298+0000] {dag.py:2742} INFO - Sync 1 DAGs
[2023-07-21T17:24:09.317+0000] {logging_mixin.py:150} INFO - [2023-07-21T17:24:09.317+0000] {dag.py:3508} INFO - Setting next_dagrun for ETL_toll_data to 2023-07-21T00:00:00+00:00, run_after=2023-07-22T00:00:00+00:00
[2023-07-21T17:24:09.331+0000] {processor.py:179} INFO - Processing /opt/airflow/dags/asm08/asm_dag.py took 0.074 seconds
[2023-07-21T17:24:39.403+0000] {processor.py:157} INFO - Started process (PID=4487) to work on /opt/airflow/dags/asm08/asm_dag.py
[2023-07-21T17:24:39.404+0000] {processor.py:826} INFO - Processing file /opt/airflow/dags/asm08/asm_dag.py for tasks to queue
[2023-07-21T17:24:39.407+0000] {logging_mixin.py:150} INFO - [2023-07-21T17:24:39.407+0000] {dagbag.py:541} INFO - Filling up the DagBag from /opt/airflow/dags/asm08/asm_dag.py
[2023-07-21T17:24:39.420+0000] {processor.py:836} INFO - DAG(s) dict_keys(['ETL_toll_data']) retrieved from /opt/airflow/dags/asm08/asm_dag.py
[2023-07-21T17:24:39.443+0000] {logging_mixin.py:150} INFO - [2023-07-21T17:24:39.443+0000] {dag.py:2742} INFO - Sync 1 DAGs
[2023-07-21T17:24:39.462+0000] {logging_mixin.py:150} INFO - [2023-07-21T17:24:39.462+0000] {dag.py:3508} INFO - Setting next_dagrun for ETL_toll_data to 2023-07-21T00:00:00+00:00, run_after=2023-07-22T00:00:00+00:00
[2023-07-21T17:24:39.476+0000] {processor.py:179} INFO - Processing /opt/airflow/dags/asm08/asm_dag.py took 0.079 seconds
[2023-07-21T17:25:09.756+0000] {processor.py:157} INFO - Started process (PID=4547) to work on /opt/airflow/dags/asm08/asm_dag.py
[2023-07-21T17:25:09.758+0000] {processor.py:826} INFO - Processing file /opt/airflow/dags/asm08/asm_dag.py for tasks to queue
[2023-07-21T17:25:09.760+0000] {logging_mixin.py:150} INFO - [2023-07-21T17:25:09.759+0000] {dagbag.py:541} INFO - Filling up the DagBag from /opt/airflow/dags/asm08/asm_dag.py
[2023-07-21T17:25:09.772+0000] {processor.py:836} INFO - DAG(s) dict_keys(['ETL_toll_data']) retrieved from /opt/airflow/dags/asm08/asm_dag.py
[2023-07-21T17:25:09.796+0000] {logging_mixin.py:150} INFO - [2023-07-21T17:25:09.796+0000] {dag.py:2742} INFO - Sync 1 DAGs
[2023-07-21T17:25:09.818+0000] {logging_mixin.py:150} INFO - [2023-07-21T17:25:09.818+0000] {dag.py:3508} INFO - Setting next_dagrun for ETL_toll_data to 2023-07-21T00:00:00+00:00, run_after=2023-07-22T00:00:00+00:00
[2023-07-21T17:25:09.834+0000] {processor.py:179} INFO - Processing /opt/airflow/dags/asm08/asm_dag.py took 0.084 seconds
[2023-07-21T17:25:40.042+0000] {processor.py:157} INFO - Started process (PID=4606) to work on /opt/airflow/dags/asm08/asm_dag.py
[2023-07-21T17:25:40.044+0000] {processor.py:826} INFO - Processing file /opt/airflow/dags/asm08/asm_dag.py for tasks to queue
[2023-07-21T17:25:40.045+0000] {logging_mixin.py:150} INFO - [2023-07-21T17:25:40.045+0000] {dagbag.py:541} INFO - Filling up the DagBag from /opt/airflow/dags/asm08/asm_dag.py
[2023-07-21T17:25:40.054+0000] {processor.py:836} INFO - DAG(s) dict_keys(['ETL_toll_data']) retrieved from /opt/airflow/dags/asm08/asm_dag.py
[2023-07-21T17:25:40.078+0000] {logging_mixin.py:150} INFO - [2023-07-21T17:25:40.077+0000] {dag.py:2742} INFO - Sync 1 DAGs
[2023-07-21T17:25:40.098+0000] {logging_mixin.py:150} INFO - [2023-07-21T17:25:40.098+0000] {dag.py:3508} INFO - Setting next_dagrun for ETL_toll_data to 2023-07-21T00:00:00+00:00, run_after=2023-07-22T00:00:00+00:00
[2023-07-21T17:25:40.112+0000] {processor.py:179} INFO - Processing /opt/airflow/dags/asm08/asm_dag.py took 0.074 seconds
[2023-07-21T17:26:10.380+0000] {processor.py:157} INFO - Started process (PID=4666) to work on /opt/airflow/dags/asm08/asm_dag.py
[2023-07-21T17:26:10.381+0000] {processor.py:826} INFO - Processing file /opt/airflow/dags/asm08/asm_dag.py for tasks to queue
[2023-07-21T17:26:10.383+0000] {logging_mixin.py:150} INFO - [2023-07-21T17:26:10.383+0000] {dagbag.py:541} INFO - Filling up the DagBag from /opt/airflow/dags/asm08/asm_dag.py
[2023-07-21T17:26:10.392+0000] {processor.py:836} INFO - DAG(s) dict_keys(['ETL_toll_data']) retrieved from /opt/airflow/dags/asm08/asm_dag.py
[2023-07-21T17:26:10.423+0000] {logging_mixin.py:150} INFO - [2023-07-21T17:26:10.423+0000] {dag.py:2742} INFO - Sync 1 DAGs
[2023-07-21T17:26:10.447+0000] {logging_mixin.py:150} INFO - [2023-07-21T17:26:10.446+0000] {dag.py:3508} INFO - Setting next_dagrun for ETL_toll_data to 2023-07-21T00:00:00+00:00, run_after=2023-07-22T00:00:00+00:00
[2023-07-21T17:26:10.460+0000] {processor.py:179} INFO - Processing /opt/airflow/dags/asm08/asm_dag.py took 0.083 seconds
[2023-07-21T17:26:40.608+0000] {processor.py:157} INFO - Started process (PID=4727) to work on /opt/airflow/dags/asm08/asm_dag.py
[2023-07-21T17:26:40.609+0000] {processor.py:826} INFO - Processing file /opt/airflow/dags/asm08/asm_dag.py for tasks to queue
[2023-07-21T17:26:40.610+0000] {logging_mixin.py:150} INFO - [2023-07-21T17:26:40.610+0000] {dagbag.py:541} INFO - Filling up the DagBag from /opt/airflow/dags/asm08/asm_dag.py
[2023-07-21T17:26:40.619+0000] {processor.py:836} INFO - DAG(s) dict_keys(['ETL_toll_data']) retrieved from /opt/airflow/dags/asm08/asm_dag.py
[2023-07-21T17:26:40.641+0000] {logging_mixin.py:150} INFO - [2023-07-21T17:26:40.641+0000] {dag.py:2742} INFO - Sync 1 DAGs
[2023-07-21T17:26:40.661+0000] {logging_mixin.py:150} INFO - [2023-07-21T17:26:40.661+0000] {dag.py:3508} INFO - Setting next_dagrun for ETL_toll_data to 2023-07-21T00:00:00+00:00, run_after=2023-07-22T00:00:00+00:00
[2023-07-21T17:26:40.674+0000] {processor.py:179} INFO - Processing /opt/airflow/dags/asm08/asm_dag.py took 0.069 seconds
[2023-07-21T17:27:10.905+0000] {processor.py:157} INFO - Started process (PID=4787) to work on /opt/airflow/dags/asm08/asm_dag.py
[2023-07-21T17:27:10.907+0000] {processor.py:826} INFO - Processing file /opt/airflow/dags/asm08/asm_dag.py for tasks to queue
[2023-07-21T17:27:10.908+0000] {logging_mixin.py:150} INFO - [2023-07-21T17:27:10.908+0000] {dagbag.py:541} INFO - Filling up the DagBag from /opt/airflow/dags/asm08/asm_dag.py
[2023-07-21T17:27:10.917+0000] {processor.py:836} INFO - DAG(s) dict_keys(['ETL_toll_data']) retrieved from /opt/airflow/dags/asm08/asm_dag.py
[2023-07-21T17:27:10.941+0000] {logging_mixin.py:150} INFO - [2023-07-21T17:27:10.941+0000] {dag.py:2742} INFO - Sync 1 DAGs
[2023-07-21T17:27:10.959+0000] {logging_mixin.py:150} INFO - [2023-07-21T17:27:10.959+0000] {dag.py:3508} INFO - Setting next_dagrun for ETL_toll_data to 2023-07-21T00:00:00+00:00, run_after=2023-07-22T00:00:00+00:00
[2023-07-21T17:27:10.973+0000] {processor.py:179} INFO - Processing /opt/airflow/dags/asm08/asm_dag.py took 0.071 seconds
[2023-07-21T18:44:54.302+0000] {processor.py:157} INFO - Started process (PID=4846) to work on /opt/airflow/dags/asm08/asm_dag.py
[2023-07-21T18:44:54.309+0000] {processor.py:826} INFO - Processing file /opt/airflow/dags/asm08/asm_dag.py for tasks to queue
[2023-07-21T18:44:54.311+0000] {logging_mixin.py:150} INFO - [2023-07-21T18:44:54.310+0000] {dagbag.py:541} INFO - Filling up the DagBag from /opt/airflow/dags/asm08/asm_dag.py
[2023-07-21T18:44:54.342+0000] {processor.py:836} INFO - DAG(s) dict_keys(['ETL_toll_data']) retrieved from /opt/airflow/dags/asm08/asm_dag.py
[2023-07-21T18:44:54.422+0000] {logging_mixin.py:150} INFO - [2023-07-21T18:44:54.422+0000] {dag.py:2742} INFO - Sync 1 DAGs
[2023-07-21T18:44:54.526+0000] {logging_mixin.py:150} INFO - [2023-07-21T18:44:54.526+0000] {dag.py:3508} INFO - Setting next_dagrun for ETL_toll_data to 2023-07-21T00:00:00+00:00, run_after=2023-07-22T00:00:00+00:00
[2023-07-21T18:44:54.632+0000] {processor.py:179} INFO - Processing /opt/airflow/dags/asm08/asm_dag.py took 0.336 seconds
[2023-07-21T20:10:35.671+0000] {processor.py:157} INFO - Started process (PID=4906) to work on /opt/airflow/dags/asm08/asm_dag.py
[2023-07-21T20:10:35.682+0000] {processor.py:826} INFO - Processing file /opt/airflow/dags/asm08/asm_dag.py for tasks to queue
[2023-07-21T20:10:35.684+0000] {logging_mixin.py:150} INFO - [2023-07-21T20:10:35.684+0000] {dagbag.py:541} INFO - Filling up the DagBag from /opt/airflow/dags/asm08/asm_dag.py
[2023-07-21T20:10:35.710+0000] {processor.py:836} INFO - DAG(s) dict_keys(['ETL_toll_data']) retrieved from /opt/airflow/dags/asm08/asm_dag.py
[2023-07-21T20:10:35.753+0000] {logging_mixin.py:150} INFO - [2023-07-21T20:10:35.753+0000] {dag.py:2742} INFO - Sync 1 DAGs
[2023-07-21T20:10:35.790+0000] {logging_mixin.py:150} INFO - [2023-07-21T20:10:35.790+0000] {dag.py:3508} INFO - Setting next_dagrun for ETL_toll_data to 2023-07-21T00:00:00+00:00, run_after=2023-07-22T00:00:00+00:00
[2023-07-21T20:10:35.822+0000] {processor.py:179} INFO - Processing /opt/airflow/dags/asm08/asm_dag.py took 0.154 seconds
[2023-07-21T21:54:34.413+0000] {processor.py:157} INFO - Started process (PID=4966) to work on /opt/airflow/dags/asm08/asm_dag.py
[2023-07-21T21:54:34.414+0000] {processor.py:826} INFO - Processing file /opt/airflow/dags/asm08/asm_dag.py for tasks to queue
[2023-07-21T21:54:34.416+0000] {logging_mixin.py:150} INFO - [2023-07-21T21:54:34.415+0000] {dagbag.py:541} INFO - Filling up the DagBag from /opt/airflow/dags/asm08/asm_dag.py
[2023-07-21T21:54:34.423+0000] {processor.py:836} INFO - DAG(s) dict_keys(['ETL_toll_data']) retrieved from /opt/airflow/dags/asm08/asm_dag.py
[2023-07-21T21:54:34.445+0000] {logging_mixin.py:150} INFO - [2023-07-21T21:54:34.445+0000] {dag.py:2742} INFO - Sync 1 DAGs
[2023-07-21T21:54:34.465+0000] {logging_mixin.py:150} INFO - [2023-07-21T21:54:34.465+0000] {dag.py:3508} INFO - Setting next_dagrun for ETL_toll_data to 2023-07-21T00:00:00+00:00, run_after=2023-07-22T00:00:00+00:00
[2023-07-21T21:54:34.479+0000] {processor.py:179} INFO - Processing /opt/airflow/dags/asm08/asm_dag.py took 0.069 seconds
[2023-07-21T23:25:57.855+0000] {processor.py:157} INFO - Started process (PID=5026) to work on /opt/airflow/dags/asm08/asm_dag.py
[2023-07-21T23:25:57.857+0000] {processor.py:826} INFO - Processing file /opt/airflow/dags/asm08/asm_dag.py for tasks to queue
[2023-07-21T23:25:57.859+0000] {logging_mixin.py:150} INFO - [2023-07-21T23:25:57.858+0000] {dagbag.py:541} INFO - Filling up the DagBag from /opt/airflow/dags/asm08/asm_dag.py
[2023-07-21T23:25:57.879+0000] {processor.py:836} INFO - DAG(s) dict_keys(['ETL_toll_data']) retrieved from /opt/airflow/dags/asm08/asm_dag.py
[2023-07-21T23:25:57.935+0000] {logging_mixin.py:150} INFO - [2023-07-21T23:25:57.935+0000] {dag.py:2742} INFO - Sync 1 DAGs
[2023-07-21T23:25:57.973+0000] {logging_mixin.py:150} INFO - [2023-07-21T23:25:57.973+0000] {dag.py:3508} INFO - Setting next_dagrun for ETL_toll_data to 2023-07-21T00:00:00+00:00, run_after=2023-07-22T00:00:00+00:00
[2023-07-21T23:25:58.004+0000] {processor.py:179} INFO - Processing /opt/airflow/dags/asm08/asm_dag.py took 0.157 seconds
