[2023-07-21T16:46:46.362+0000] {processor.py:157} INFO - Started process (PID=38) to work on /opt/airflow/dags/dino_simple_dag.py
[2023-07-21T16:46:46.363+0000] {processor.py:826} INFO - Processing file /opt/airflow/dags/dino_simple_dag.py for tasks to queue
[2023-07-21T16:46:46.364+0000] {logging_mixin.py:150} INFO - [2023-07-21T16:46:46.363+0000] {dagbag.py:541} INFO - Filling up the DagBag from /opt/airflow/dags/dino_simple_dag.py
[2023-07-21T16:46:46.387+0000] {processor.py:836} INFO - DAG(s) dict_keys(['simple_example']) retrieved from /opt/airflow/dags/dino_simple_dag.py
[2023-07-21T16:46:46.441+0000] {logging_mixin.py:150} INFO - [2023-07-21T16:46:46.441+0000] {dag.py:2742} INFO - Sync 1 DAGs
[2023-07-21T16:46:46.473+0000] {logging_mixin.py:150} INFO - [2023-07-21T16:46:46.473+0000] {dag.py:3508} INFO - Setting next_dagrun for simple_example to 2023-07-17T00:46:15+00:00, run_after=2023-07-17T00:46:20+00:00
[2023-07-21T16:46:46.633+0000] {processor.py:179} INFO - Processing /opt/airflow/dags/dino_simple_dag.py took 0.274 seconds
[2023-07-21T16:47:17.290+0000] {processor.py:157} INFO - Started process (PID=99) to work on /opt/airflow/dags/dino_simple_dag.py
[2023-07-21T16:47:17.291+0000] {processor.py:826} INFO - Processing file /opt/airflow/dags/dino_simple_dag.py for tasks to queue
[2023-07-21T16:47:17.292+0000] {logging_mixin.py:150} INFO - [2023-07-21T16:47:17.292+0000] {dagbag.py:541} INFO - Filling up the DagBag from /opt/airflow/dags/dino_simple_dag.py
[2023-07-21T16:47:17.299+0000] {processor.py:836} INFO - DAG(s) dict_keys(['simple_example']) retrieved from /opt/airflow/dags/dino_simple_dag.py
[2023-07-21T16:47:17.320+0000] {logging_mixin.py:150} INFO - [2023-07-21T16:47:17.320+0000] {dag.py:2742} INFO - Sync 1 DAGs
[2023-07-21T16:47:17.340+0000] {logging_mixin.py:150} INFO - [2023-07-21T16:47:17.340+0000] {dag.py:3508} INFO - Setting next_dagrun for simple_example to 2023-07-17T00:46:15+00:00, run_after=2023-07-17T00:46:20+00:00
[2023-07-21T16:47:17.354+0000] {processor.py:179} INFO - Processing /opt/airflow/dags/dino_simple_dag.py took 0.067 seconds
[2023-07-21T16:47:47.821+0000] {processor.py:157} INFO - Started process (PID=159) to work on /opt/airflow/dags/dino_simple_dag.py
[2023-07-21T16:47:47.822+0000] {processor.py:826} INFO - Processing file /opt/airflow/dags/dino_simple_dag.py for tasks to queue
[2023-07-21T16:47:47.823+0000] {logging_mixin.py:150} INFO - [2023-07-21T16:47:47.822+0000] {dagbag.py:541} INFO - Filling up the DagBag from /opt/airflow/dags/dino_simple_dag.py
[2023-07-21T16:47:47.830+0000] {processor.py:836} INFO - DAG(s) dict_keys(['simple_example']) retrieved from /opt/airflow/dags/dino_simple_dag.py
[2023-07-21T16:47:47.849+0000] {logging_mixin.py:150} INFO - [2023-07-21T16:47:47.849+0000] {dag.py:2742} INFO - Sync 1 DAGs
[2023-07-21T16:47:47.868+0000] {logging_mixin.py:150} INFO - [2023-07-21T16:47:47.868+0000] {dag.py:3508} INFO - Setting next_dagrun for simple_example to 2023-07-17T00:46:15+00:00, run_after=2023-07-17T00:46:20+00:00
[2023-07-21T16:47:47.881+0000] {processor.py:179} INFO - Processing /opt/airflow/dags/dino_simple_dag.py took 0.064 seconds
[2023-07-21T16:48:18.408+0000] {processor.py:157} INFO - Started process (PID=219) to work on /opt/airflow/dags/dino_simple_dag.py
[2023-07-21T16:48:18.409+0000] {processor.py:826} INFO - Processing file /opt/airflow/dags/dino_simple_dag.py for tasks to queue
[2023-07-21T16:48:18.410+0000] {logging_mixin.py:150} INFO - [2023-07-21T16:48:18.410+0000] {dagbag.py:541} INFO - Filling up the DagBag from /opt/airflow/dags/dino_simple_dag.py
[2023-07-21T16:48:18.417+0000] {processor.py:836} INFO - DAG(s) dict_keys(['simple_example']) retrieved from /opt/airflow/dags/dino_simple_dag.py
[2023-07-21T16:48:18.438+0000] {logging_mixin.py:150} INFO - [2023-07-21T16:48:18.438+0000] {dag.py:2742} INFO - Sync 1 DAGs
[2023-07-21T16:48:18.457+0000] {logging_mixin.py:150} INFO - [2023-07-21T16:48:18.457+0000] {dag.py:3508} INFO - Setting next_dagrun for simple_example to 2023-07-17T00:46:15+00:00, run_after=2023-07-17T00:46:20+00:00
[2023-07-21T16:48:18.471+0000] {processor.py:179} INFO - Processing /opt/airflow/dags/dino_simple_dag.py took 0.065 seconds
[2023-07-21T16:48:49.086+0000] {processor.py:157} INFO - Started process (PID=279) to work on /opt/airflow/dags/dino_simple_dag.py
[2023-07-21T16:48:49.088+0000] {processor.py:826} INFO - Processing file /opt/airflow/dags/dino_simple_dag.py for tasks to queue
[2023-07-21T16:48:49.089+0000] {logging_mixin.py:150} INFO - [2023-07-21T16:48:49.088+0000] {dagbag.py:541} INFO - Filling up the DagBag from /opt/airflow/dags/dino_simple_dag.py
[2023-07-21T16:48:49.096+0000] {processor.py:836} INFO - DAG(s) dict_keys(['simple_example']) retrieved from /opt/airflow/dags/dino_simple_dag.py
[2023-07-21T16:48:49.116+0000] {logging_mixin.py:150} INFO - [2023-07-21T16:48:49.116+0000] {dag.py:2742} INFO - Sync 1 DAGs
[2023-07-21T16:48:49.135+0000] {logging_mixin.py:150} INFO - [2023-07-21T16:48:49.134+0000] {dag.py:3508} INFO - Setting next_dagrun for simple_example to 2023-07-17T00:46:15+00:00, run_after=2023-07-17T00:46:20+00:00
[2023-07-21T16:48:49.147+0000] {processor.py:179} INFO - Processing /opt/airflow/dags/dino_simple_dag.py took 0.064 seconds
[2023-07-21T16:49:19.768+0000] {processor.py:157} INFO - Started process (PID=339) to work on /opt/airflow/dags/dino_simple_dag.py
[2023-07-21T16:49:19.770+0000] {processor.py:826} INFO - Processing file /opt/airflow/dags/dino_simple_dag.py for tasks to queue
[2023-07-21T16:49:19.771+0000] {logging_mixin.py:150} INFO - [2023-07-21T16:49:19.771+0000] {dagbag.py:541} INFO - Filling up the DagBag from /opt/airflow/dags/dino_simple_dag.py
[2023-07-21T16:49:19.778+0000] {processor.py:836} INFO - DAG(s) dict_keys(['simple_example']) retrieved from /opt/airflow/dags/dino_simple_dag.py
[2023-07-21T16:49:19.797+0000] {logging_mixin.py:150} INFO - [2023-07-21T16:49:19.797+0000] {dag.py:2742} INFO - Sync 1 DAGs
[2023-07-21T16:49:19.815+0000] {logging_mixin.py:150} INFO - [2023-07-21T16:49:19.815+0000] {dag.py:3508} INFO - Setting next_dagrun for simple_example to 2023-07-17T00:46:15+00:00, run_after=2023-07-17T00:46:20+00:00
[2023-07-21T16:49:19.828+0000] {processor.py:179} INFO - Processing /opt/airflow/dags/dino_simple_dag.py took 0.063 seconds
[2023-07-21T16:49:50.494+0000] {processor.py:157} INFO - Started process (PID=399) to work on /opt/airflow/dags/dino_simple_dag.py
[2023-07-21T16:49:50.495+0000] {processor.py:826} INFO - Processing file /opt/airflow/dags/dino_simple_dag.py for tasks to queue
[2023-07-21T16:49:50.496+0000] {logging_mixin.py:150} INFO - [2023-07-21T16:49:50.496+0000] {dagbag.py:541} INFO - Filling up the DagBag from /opt/airflow/dags/dino_simple_dag.py
[2023-07-21T16:49:50.503+0000] {processor.py:836} INFO - DAG(s) dict_keys(['simple_example']) retrieved from /opt/airflow/dags/dino_simple_dag.py
[2023-07-21T16:49:50.523+0000] {logging_mixin.py:150} INFO - [2023-07-21T16:49:50.523+0000] {dag.py:2742} INFO - Sync 1 DAGs
[2023-07-21T16:49:50.541+0000] {logging_mixin.py:150} INFO - [2023-07-21T16:49:50.541+0000] {dag.py:3508} INFO - Setting next_dagrun for simple_example to 2023-07-17T00:46:15+00:00, run_after=2023-07-17T00:46:20+00:00
[2023-07-21T16:49:50.553+0000] {processor.py:179} INFO - Processing /opt/airflow/dags/dino_simple_dag.py took 0.062 seconds
[2023-07-21T16:50:21.059+0000] {processor.py:157} INFO - Started process (PID=459) to work on /opt/airflow/dags/dino_simple_dag.py
[2023-07-21T16:50:21.060+0000] {processor.py:826} INFO - Processing file /opt/airflow/dags/dino_simple_dag.py for tasks to queue
[2023-07-21T16:50:21.061+0000] {logging_mixin.py:150} INFO - [2023-07-21T16:50:21.060+0000] {dagbag.py:541} INFO - Filling up the DagBag from /opt/airflow/dags/dino_simple_dag.py
[2023-07-21T16:50:21.068+0000] {processor.py:836} INFO - DAG(s) dict_keys(['simple_example']) retrieved from /opt/airflow/dags/dino_simple_dag.py
[2023-07-21T16:50:21.088+0000] {logging_mixin.py:150} INFO - [2023-07-21T16:50:21.088+0000] {dag.py:2742} INFO - Sync 1 DAGs
[2023-07-21T16:50:21.107+0000] {logging_mixin.py:150} INFO - [2023-07-21T16:50:21.107+0000] {dag.py:3508} INFO - Setting next_dagrun for simple_example to 2023-07-17T00:46:15+00:00, run_after=2023-07-17T00:46:20+00:00
[2023-07-21T16:50:21.120+0000] {processor.py:179} INFO - Processing /opt/airflow/dags/dino_simple_dag.py took 0.064 seconds
[2023-07-21T16:50:51.616+0000] {processor.py:157} INFO - Started process (PID=519) to work on /opt/airflow/dags/dino_simple_dag.py
[2023-07-21T16:50:51.617+0000] {processor.py:826} INFO - Processing file /opt/airflow/dags/dino_simple_dag.py for tasks to queue
[2023-07-21T16:50:51.618+0000] {logging_mixin.py:150} INFO - [2023-07-21T16:50:51.618+0000] {dagbag.py:541} INFO - Filling up the DagBag from /opt/airflow/dags/dino_simple_dag.py
[2023-07-21T16:50:51.625+0000] {processor.py:836} INFO - DAG(s) dict_keys(['simple_example']) retrieved from /opt/airflow/dags/dino_simple_dag.py
[2023-07-21T16:50:51.645+0000] {logging_mixin.py:150} INFO - [2023-07-21T16:50:51.645+0000] {dag.py:2742} INFO - Sync 1 DAGs
[2023-07-21T16:50:51.664+0000] {logging_mixin.py:150} INFO - [2023-07-21T16:50:51.664+0000] {dag.py:3508} INFO - Setting next_dagrun for simple_example to 2023-07-17T00:46:15+00:00, run_after=2023-07-17T00:46:20+00:00
[2023-07-21T16:50:51.677+0000] {processor.py:179} INFO - Processing /opt/airflow/dags/dino_simple_dag.py took 0.063 seconds
[2023-07-21T16:51:22.362+0000] {processor.py:157} INFO - Started process (PID=580) to work on /opt/airflow/dags/dino_simple_dag.py
[2023-07-21T16:51:22.363+0000] {processor.py:826} INFO - Processing file /opt/airflow/dags/dino_simple_dag.py for tasks to queue
[2023-07-21T16:51:22.364+0000] {logging_mixin.py:150} INFO - [2023-07-21T16:51:22.364+0000] {dagbag.py:541} INFO - Filling up the DagBag from /opt/airflow/dags/dino_simple_dag.py
[2023-07-21T16:51:22.371+0000] {processor.py:836} INFO - DAG(s) dict_keys(['simple_example']) retrieved from /opt/airflow/dags/dino_simple_dag.py
[2023-07-21T16:51:22.392+0000] {logging_mixin.py:150} INFO - [2023-07-21T16:51:22.392+0000] {dag.py:2742} INFO - Sync 1 DAGs
[2023-07-21T16:51:22.411+0000] {logging_mixin.py:150} INFO - [2023-07-21T16:51:22.410+0000] {dag.py:3508} INFO - Setting next_dagrun for simple_example to 2023-07-17T00:46:15+00:00, run_after=2023-07-17T00:46:20+00:00
[2023-07-21T16:51:22.423+0000] {processor.py:179} INFO - Processing /opt/airflow/dags/dino_simple_dag.py took 0.064 seconds
[2023-07-21T16:51:53.004+0000] {processor.py:157} INFO - Started process (PID=640) to work on /opt/airflow/dags/dino_simple_dag.py
[2023-07-21T16:51:53.005+0000] {processor.py:826} INFO - Processing file /opt/airflow/dags/dino_simple_dag.py for tasks to queue
[2023-07-21T16:51:53.007+0000] {logging_mixin.py:150} INFO - [2023-07-21T16:51:53.006+0000] {dagbag.py:541} INFO - Filling up the DagBag from /opt/airflow/dags/dino_simple_dag.py
[2023-07-21T16:51:53.016+0000] {processor.py:836} INFO - DAG(s) dict_keys(['simple_example']) retrieved from /opt/airflow/dags/dino_simple_dag.py
[2023-07-21T16:51:53.041+0000] {logging_mixin.py:150} INFO - [2023-07-21T16:51:53.041+0000] {dag.py:2742} INFO - Sync 1 DAGs
[2023-07-21T16:51:53.061+0000] {logging_mixin.py:150} INFO - [2023-07-21T16:51:53.061+0000] {dag.py:3508} INFO - Setting next_dagrun for simple_example to 2023-07-17T00:46:15+00:00, run_after=2023-07-17T00:46:20+00:00
[2023-07-21T16:51:53.075+0000] {processor.py:179} INFO - Processing /opt/airflow/dags/dino_simple_dag.py took 0.074 seconds
[2023-07-21T16:52:23.567+0000] {processor.py:157} INFO - Started process (PID=700) to work on /opt/airflow/dags/dino_simple_dag.py
[2023-07-21T16:52:23.568+0000] {processor.py:826} INFO - Processing file /opt/airflow/dags/dino_simple_dag.py for tasks to queue
[2023-07-21T16:52:23.569+0000] {logging_mixin.py:150} INFO - [2023-07-21T16:52:23.569+0000] {dagbag.py:541} INFO - Filling up the DagBag from /opt/airflow/dags/dino_simple_dag.py
[2023-07-21T16:52:23.577+0000] {processor.py:836} INFO - DAG(s) dict_keys(['simple_example']) retrieved from /opt/airflow/dags/dino_simple_dag.py
[2023-07-21T16:52:23.596+0000] {logging_mixin.py:150} INFO - [2023-07-21T16:52:23.596+0000] {dag.py:2742} INFO - Sync 1 DAGs
[2023-07-21T16:52:23.615+0000] {logging_mixin.py:150} INFO - [2023-07-21T16:52:23.615+0000] {dag.py:3508} INFO - Setting next_dagrun for simple_example to 2023-07-17T00:46:15+00:00, run_after=2023-07-17T00:46:20+00:00
[2023-07-21T16:52:23.628+0000] {processor.py:179} INFO - Processing /opt/airflow/dags/dino_simple_dag.py took 0.064 seconds
[2023-07-21T16:52:54.322+0000] {processor.py:157} INFO - Started process (PID=760) to work on /opt/airflow/dags/dino_simple_dag.py
[2023-07-21T16:52:54.324+0000] {processor.py:826} INFO - Processing file /opt/airflow/dags/dino_simple_dag.py for tasks to queue
[2023-07-21T16:52:54.324+0000] {logging_mixin.py:150} INFO - [2023-07-21T16:52:54.324+0000] {dagbag.py:541} INFO - Filling up the DagBag from /opt/airflow/dags/dino_simple_dag.py
[2023-07-21T16:52:54.331+0000] {processor.py:836} INFO - DAG(s) dict_keys(['simple_example']) retrieved from /opt/airflow/dags/dino_simple_dag.py
[2023-07-21T16:52:54.351+0000] {logging_mixin.py:150} INFO - [2023-07-21T16:52:54.351+0000] {dag.py:2742} INFO - Sync 1 DAGs
[2023-07-21T16:52:54.370+0000] {logging_mixin.py:150} INFO - [2023-07-21T16:52:54.370+0000] {dag.py:3508} INFO - Setting next_dagrun for simple_example to 2023-07-17T00:46:15+00:00, run_after=2023-07-17T00:46:20+00:00
[2023-07-21T16:52:54.384+0000] {processor.py:179} INFO - Processing /opt/airflow/dags/dino_simple_dag.py took 0.064 seconds
[2023-07-21T16:53:25.060+0000] {processor.py:157} INFO - Started process (PID=820) to work on /opt/airflow/dags/dino_simple_dag.py
[2023-07-21T16:53:25.061+0000] {processor.py:826} INFO - Processing file /opt/airflow/dags/dino_simple_dag.py for tasks to queue
[2023-07-21T16:53:25.062+0000] {logging_mixin.py:150} INFO - [2023-07-21T16:53:25.062+0000] {dagbag.py:541} INFO - Filling up the DagBag from /opt/airflow/dags/dino_simple_dag.py
[2023-07-21T16:53:25.069+0000] {processor.py:836} INFO - DAG(s) dict_keys(['simple_example']) retrieved from /opt/airflow/dags/dino_simple_dag.py
[2023-07-21T16:53:25.089+0000] {logging_mixin.py:150} INFO - [2023-07-21T16:53:25.089+0000] {dag.py:2742} INFO - Sync 1 DAGs
[2023-07-21T16:53:25.107+0000] {logging_mixin.py:150} INFO - [2023-07-21T16:53:25.107+0000] {dag.py:3508} INFO - Setting next_dagrun for simple_example to 2023-07-17T00:46:15+00:00, run_after=2023-07-17T00:46:20+00:00
[2023-07-21T16:53:25.120+0000] {processor.py:179} INFO - Processing /opt/airflow/dags/dino_simple_dag.py took 0.063 seconds
[2023-07-21T16:53:55.899+0000] {processor.py:157} INFO - Started process (PID=880) to work on /opt/airflow/dags/dino_simple_dag.py
[2023-07-21T16:53:55.900+0000] {processor.py:826} INFO - Processing file /opt/airflow/dags/dino_simple_dag.py for tasks to queue
[2023-07-21T16:53:55.901+0000] {logging_mixin.py:150} INFO - [2023-07-21T16:53:55.901+0000] {dagbag.py:541} INFO - Filling up the DagBag from /opt/airflow/dags/dino_simple_dag.py
[2023-07-21T16:53:55.908+0000] {processor.py:836} INFO - DAG(s) dict_keys(['simple_example']) retrieved from /opt/airflow/dags/dino_simple_dag.py
[2023-07-21T16:53:55.930+0000] {logging_mixin.py:150} INFO - [2023-07-21T16:53:55.930+0000] {dag.py:2742} INFO - Sync 1 DAGs
[2023-07-21T16:53:55.950+0000] {logging_mixin.py:150} INFO - [2023-07-21T16:53:55.950+0000] {dag.py:3508} INFO - Setting next_dagrun for simple_example to 2023-07-17T00:46:15+00:00, run_after=2023-07-17T00:46:20+00:00
[2023-07-21T16:53:55.963+0000] {processor.py:179} INFO - Processing /opt/airflow/dags/dino_simple_dag.py took 0.067 seconds
[2023-07-21T16:54:26.528+0000] {processor.py:157} INFO - Started process (PID=940) to work on /opt/airflow/dags/dino_simple_dag.py
[2023-07-21T16:54:26.530+0000] {processor.py:826} INFO - Processing file /opt/airflow/dags/dino_simple_dag.py for tasks to queue
[2023-07-21T16:54:26.530+0000] {logging_mixin.py:150} INFO - [2023-07-21T16:54:26.530+0000] {dagbag.py:541} INFO - Filling up the DagBag from /opt/airflow/dags/dino_simple_dag.py
[2023-07-21T16:54:26.538+0000] {processor.py:836} INFO - DAG(s) dict_keys(['simple_example']) retrieved from /opt/airflow/dags/dino_simple_dag.py
[2023-07-21T16:54:26.558+0000] {logging_mixin.py:150} INFO - [2023-07-21T16:54:26.558+0000] {dag.py:2742} INFO - Sync 1 DAGs
[2023-07-21T16:54:26.578+0000] {logging_mixin.py:150} INFO - [2023-07-21T16:54:26.578+0000] {dag.py:3508} INFO - Setting next_dagrun for simple_example to 2023-07-17T00:46:15+00:00, run_after=2023-07-17T00:46:20+00:00
[2023-07-21T16:54:26.593+0000] {processor.py:179} INFO - Processing /opt/airflow/dags/dino_simple_dag.py took 0.067 seconds
[2023-07-21T16:54:57.084+0000] {processor.py:157} INFO - Started process (PID=1000) to work on /opt/airflow/dags/dino_simple_dag.py
[2023-07-21T16:54:57.085+0000] {processor.py:826} INFO - Processing file /opt/airflow/dags/dino_simple_dag.py for tasks to queue
[2023-07-21T16:54:57.087+0000] {logging_mixin.py:150} INFO - [2023-07-21T16:54:57.086+0000] {dagbag.py:541} INFO - Filling up the DagBag from /opt/airflow/dags/dino_simple_dag.py
[2023-07-21T16:54:57.096+0000] {processor.py:836} INFO - DAG(s) dict_keys(['simple_example']) retrieved from /opt/airflow/dags/dino_simple_dag.py
[2023-07-21T16:54:57.118+0000] {logging_mixin.py:150} INFO - [2023-07-21T16:54:57.118+0000] {dag.py:2742} INFO - Sync 1 DAGs
[2023-07-21T16:54:57.143+0000] {logging_mixin.py:150} INFO - [2023-07-21T16:54:57.142+0000] {dag.py:3508} INFO - Setting next_dagrun for simple_example to 2023-07-17T00:46:15+00:00, run_after=2023-07-17T00:46:20+00:00
[2023-07-21T16:54:57.170+0000] {processor.py:179} INFO - Processing /opt/airflow/dags/dino_simple_dag.py took 0.090 seconds
[2023-07-21T16:55:27.911+0000] {processor.py:157} INFO - Started process (PID=1060) to work on /opt/airflow/dags/dino_simple_dag.py
[2023-07-21T16:55:27.912+0000] {processor.py:826} INFO - Processing file /opt/airflow/dags/dino_simple_dag.py for tasks to queue
[2023-07-21T16:55:27.913+0000] {logging_mixin.py:150} INFO - [2023-07-21T16:55:27.913+0000] {dagbag.py:541} INFO - Filling up the DagBag from /opt/airflow/dags/dino_simple_dag.py
[2023-07-21T16:55:27.920+0000] {processor.py:836} INFO - DAG(s) dict_keys(['simple_example']) retrieved from /opt/airflow/dags/dino_simple_dag.py
[2023-07-21T16:55:27.941+0000] {logging_mixin.py:150} INFO - [2023-07-21T16:55:27.941+0000] {dag.py:2742} INFO - Sync 1 DAGs
[2023-07-21T16:55:27.960+0000] {logging_mixin.py:150} INFO - [2023-07-21T16:55:27.960+0000] {dag.py:3508} INFO - Setting next_dagrun for simple_example to 2023-07-17T00:46:15+00:00, run_after=2023-07-17T00:46:20+00:00
[2023-07-21T16:55:27.973+0000] {processor.py:179} INFO - Processing /opt/airflow/dags/dino_simple_dag.py took 0.065 seconds
[2023-07-21T16:55:58.885+0000] {processor.py:157} INFO - Started process (PID=1120) to work on /opt/airflow/dags/dino_simple_dag.py
[2023-07-21T16:55:58.887+0000] {processor.py:826} INFO - Processing file /opt/airflow/dags/dino_simple_dag.py for tasks to queue
[2023-07-21T16:55:58.888+0000] {logging_mixin.py:150} INFO - [2023-07-21T16:55:58.887+0000] {dagbag.py:541} INFO - Filling up the DagBag from /opt/airflow/dags/dino_simple_dag.py
[2023-07-21T16:55:58.894+0000] {processor.py:836} INFO - DAG(s) dict_keys(['simple_example']) retrieved from /opt/airflow/dags/dino_simple_dag.py
[2023-07-21T16:55:58.914+0000] {logging_mixin.py:150} INFO - [2023-07-21T16:55:58.914+0000] {dag.py:2742} INFO - Sync 1 DAGs
[2023-07-21T16:55:58.933+0000] {logging_mixin.py:150} INFO - [2023-07-21T16:55:58.933+0000] {dag.py:3508} INFO - Setting next_dagrun for simple_example to 2023-07-17T00:46:15+00:00, run_after=2023-07-17T00:46:20+00:00
[2023-07-21T16:55:58.947+0000] {processor.py:179} INFO - Processing /opt/airflow/dags/dino_simple_dag.py took 0.064 seconds
[2023-07-21T16:56:29.672+0000] {processor.py:157} INFO - Started process (PID=1180) to work on /opt/airflow/dags/dino_simple_dag.py
[2023-07-21T16:56:29.673+0000] {processor.py:826} INFO - Processing file /opt/airflow/dags/dino_simple_dag.py for tasks to queue
[2023-07-21T16:56:29.674+0000] {logging_mixin.py:150} INFO - [2023-07-21T16:56:29.674+0000] {dagbag.py:541} INFO - Filling up the DagBag from /opt/airflow/dags/dino_simple_dag.py
[2023-07-21T16:56:29.681+0000] {processor.py:836} INFO - DAG(s) dict_keys(['simple_example']) retrieved from /opt/airflow/dags/dino_simple_dag.py
[2023-07-21T16:56:29.702+0000] {logging_mixin.py:150} INFO - [2023-07-21T16:56:29.702+0000] {dag.py:2742} INFO - Sync 1 DAGs
[2023-07-21T16:56:29.720+0000] {logging_mixin.py:150} INFO - [2023-07-21T16:56:29.720+0000] {dag.py:3508} INFO - Setting next_dagrun for simple_example to 2023-07-17T00:46:15+00:00, run_after=2023-07-17T00:46:20+00:00
[2023-07-21T16:56:29.733+0000] {processor.py:179} INFO - Processing /opt/airflow/dags/dino_simple_dag.py took 0.064 seconds
[2023-07-21T16:57:00.689+0000] {processor.py:157} INFO - Started process (PID=1240) to work on /opt/airflow/dags/dino_simple_dag.py
[2023-07-21T16:57:00.690+0000] {processor.py:826} INFO - Processing file /opt/airflow/dags/dino_simple_dag.py for tasks to queue
[2023-07-21T16:57:00.691+0000] {logging_mixin.py:150} INFO - [2023-07-21T16:57:00.691+0000] {dagbag.py:541} INFO - Filling up the DagBag from /opt/airflow/dags/dino_simple_dag.py
[2023-07-21T16:57:00.698+0000] {processor.py:836} INFO - DAG(s) dict_keys(['simple_example']) retrieved from /opt/airflow/dags/dino_simple_dag.py
[2023-07-21T16:57:00.718+0000] {logging_mixin.py:150} INFO - [2023-07-21T16:57:00.718+0000] {dag.py:2742} INFO - Sync 1 DAGs
[2023-07-21T16:57:00.738+0000] {logging_mixin.py:150} INFO - [2023-07-21T16:57:00.737+0000] {dag.py:3508} INFO - Setting next_dagrun for simple_example to 2023-07-17T00:46:15+00:00, run_after=2023-07-17T00:46:20+00:00
[2023-07-21T16:57:00.751+0000] {processor.py:179} INFO - Processing /opt/airflow/dags/dino_simple_dag.py took 0.065 seconds
[2023-07-21T16:57:31.596+0000] {processor.py:157} INFO - Started process (PID=1300) to work on /opt/airflow/dags/dino_simple_dag.py
[2023-07-21T16:57:31.597+0000] {processor.py:826} INFO - Processing file /opt/airflow/dags/dino_simple_dag.py for tasks to queue
[2023-07-21T16:57:31.598+0000] {logging_mixin.py:150} INFO - [2023-07-21T16:57:31.597+0000] {dagbag.py:541} INFO - Filling up the DagBag from /opt/airflow/dags/dino_simple_dag.py
[2023-07-21T16:57:31.604+0000] {processor.py:836} INFO - DAG(s) dict_keys(['simple_example']) retrieved from /opt/airflow/dags/dino_simple_dag.py
[2023-07-21T16:57:31.625+0000] {logging_mixin.py:150} INFO - [2023-07-21T16:57:31.625+0000] {dag.py:2742} INFO - Sync 1 DAGs
[2023-07-21T16:57:31.643+0000] {logging_mixin.py:150} INFO - [2023-07-21T16:57:31.643+0000] {dag.py:3508} INFO - Setting next_dagrun for simple_example to 2023-07-17T00:46:15+00:00, run_after=2023-07-17T00:46:20+00:00
[2023-07-21T16:57:31.657+0000] {processor.py:179} INFO - Processing /opt/airflow/dags/dino_simple_dag.py took 0.064 seconds
[2023-07-21T16:58:02.441+0000] {processor.py:157} INFO - Started process (PID=1360) to work on /opt/airflow/dags/dino_simple_dag.py
[2023-07-21T16:58:02.442+0000] {processor.py:826} INFO - Processing file /opt/airflow/dags/dino_simple_dag.py for tasks to queue
[2023-07-21T16:58:02.443+0000] {logging_mixin.py:150} INFO - [2023-07-21T16:58:02.443+0000] {dagbag.py:541} INFO - Filling up the DagBag from /opt/airflow/dags/dino_simple_dag.py
[2023-07-21T16:58:02.450+0000] {processor.py:836} INFO - DAG(s) dict_keys(['simple_example']) retrieved from /opt/airflow/dags/dino_simple_dag.py
[2023-07-21T16:58:02.471+0000] {logging_mixin.py:150} INFO - [2023-07-21T16:58:02.471+0000] {dag.py:2742} INFO - Sync 1 DAGs
[2023-07-21T16:58:02.491+0000] {logging_mixin.py:150} INFO - [2023-07-21T16:58:02.491+0000] {dag.py:3508} INFO - Setting next_dagrun for simple_example to 2023-07-17T00:46:15+00:00, run_after=2023-07-17T00:46:20+00:00
[2023-07-21T16:58:02.505+0000] {processor.py:179} INFO - Processing /opt/airflow/dags/dino_simple_dag.py took 0.067 seconds
[2023-07-21T16:58:33.195+0000] {processor.py:157} INFO - Started process (PID=1420) to work on /opt/airflow/dags/dino_simple_dag.py
[2023-07-21T16:58:33.196+0000] {processor.py:826} INFO - Processing file /opt/airflow/dags/dino_simple_dag.py for tasks to queue
[2023-07-21T16:58:33.197+0000] {logging_mixin.py:150} INFO - [2023-07-21T16:58:33.197+0000] {dagbag.py:541} INFO - Filling up the DagBag from /opt/airflow/dags/dino_simple_dag.py
[2023-07-21T16:58:33.205+0000] {processor.py:836} INFO - DAG(s) dict_keys(['simple_example']) retrieved from /opt/airflow/dags/dino_simple_dag.py
[2023-07-21T16:58:33.225+0000] {logging_mixin.py:150} INFO - [2023-07-21T16:58:33.225+0000] {dag.py:2742} INFO - Sync 1 DAGs
[2023-07-21T16:58:33.244+0000] {logging_mixin.py:150} INFO - [2023-07-21T16:58:33.244+0000] {dag.py:3508} INFO - Setting next_dagrun for simple_example to 2023-07-17T00:46:15+00:00, run_after=2023-07-17T00:46:20+00:00
[2023-07-21T16:58:33.258+0000] {processor.py:179} INFO - Processing /opt/airflow/dags/dino_simple_dag.py took 0.065 seconds
[2023-07-21T16:59:04.171+0000] {processor.py:157} INFO - Started process (PID=1480) to work on /opt/airflow/dags/dino_simple_dag.py
[2023-07-21T16:59:04.172+0000] {processor.py:826} INFO - Processing file /opt/airflow/dags/dino_simple_dag.py for tasks to queue
[2023-07-21T16:59:04.174+0000] {logging_mixin.py:150} INFO - [2023-07-21T16:59:04.173+0000] {dagbag.py:541} INFO - Filling up the DagBag from /opt/airflow/dags/dino_simple_dag.py
[2023-07-21T16:59:04.181+0000] {processor.py:836} INFO - DAG(s) dict_keys(['simple_example']) retrieved from /opt/airflow/dags/dino_simple_dag.py
[2023-07-21T16:59:04.200+0000] {logging_mixin.py:150} INFO - [2023-07-21T16:59:04.200+0000] {dag.py:2742} INFO - Sync 1 DAGs
[2023-07-21T16:59:04.220+0000] {logging_mixin.py:150} INFO - [2023-07-21T16:59:04.220+0000] {dag.py:3508} INFO - Setting next_dagrun for simple_example to 2023-07-17T00:46:15+00:00, run_after=2023-07-17T00:46:20+00:00
[2023-07-21T16:59:04.234+0000] {processor.py:179} INFO - Processing /opt/airflow/dags/dino_simple_dag.py took 0.065 seconds
[2023-07-21T16:59:34.380+0000] {processor.py:157} INFO - Started process (PID=1540) to work on /opt/airflow/dags/dino_simple_dag.py
[2023-07-21T16:59:34.381+0000] {processor.py:826} INFO - Processing file /opt/airflow/dags/dino_simple_dag.py for tasks to queue
[2023-07-21T16:59:34.382+0000] {logging_mixin.py:150} INFO - [2023-07-21T16:59:34.382+0000] {dagbag.py:541} INFO - Filling up the DagBag from /opt/airflow/dags/dino_simple_dag.py
[2023-07-21T16:59:34.389+0000] {processor.py:836} INFO - DAG(s) dict_keys(['simple_example']) retrieved from /opt/airflow/dags/dino_simple_dag.py
[2023-07-21T16:59:34.409+0000] {logging_mixin.py:150} INFO - [2023-07-21T16:59:34.409+0000] {dag.py:2742} INFO - Sync 1 DAGs
[2023-07-21T16:59:34.429+0000] {logging_mixin.py:150} INFO - [2023-07-21T16:59:34.429+0000] {dag.py:3508} INFO - Setting next_dagrun for simple_example to 2023-07-17T00:46:15+00:00, run_after=2023-07-17T00:46:20+00:00
[2023-07-21T16:59:34.442+0000] {processor.py:179} INFO - Processing /opt/airflow/dags/dino_simple_dag.py took 0.065 seconds
[2023-07-21T17:00:05.217+0000] {processor.py:157} INFO - Started process (PID=1600) to work on /opt/airflow/dags/dino_simple_dag.py
[2023-07-21T17:00:05.218+0000] {processor.py:826} INFO - Processing file /opt/airflow/dags/dino_simple_dag.py for tasks to queue
[2023-07-21T17:00:05.219+0000] {logging_mixin.py:150} INFO - [2023-07-21T17:00:05.219+0000] {dagbag.py:541} INFO - Filling up the DagBag from /opt/airflow/dags/dino_simple_dag.py
[2023-07-21T17:00:05.226+0000] {processor.py:836} INFO - DAG(s) dict_keys(['simple_example']) retrieved from /opt/airflow/dags/dino_simple_dag.py
[2023-07-21T17:00:05.246+0000] {logging_mixin.py:150} INFO - [2023-07-21T17:00:05.246+0000] {dag.py:2742} INFO - Sync 1 DAGs
[2023-07-21T17:00:05.265+0000] {logging_mixin.py:150} INFO - [2023-07-21T17:00:05.265+0000] {dag.py:3508} INFO - Setting next_dagrun for simple_example to 2023-07-17T00:46:15+00:00, run_after=2023-07-17T00:46:20+00:00
[2023-07-21T17:00:05.278+0000] {processor.py:179} INFO - Processing /opt/airflow/dags/dino_simple_dag.py took 0.064 seconds
[2023-07-21T17:00:35.998+0000] {processor.py:157} INFO - Started process (PID=1659) to work on /opt/airflow/dags/dino_simple_dag.py
[2023-07-21T17:00:35.999+0000] {processor.py:826} INFO - Processing file /opt/airflow/dags/dino_simple_dag.py for tasks to queue
[2023-07-21T17:00:36.001+0000] {logging_mixin.py:150} INFO - [2023-07-21T17:00:36.001+0000] {dagbag.py:541} INFO - Filling up the DagBag from /opt/airflow/dags/dino_simple_dag.py
[2023-07-21T17:00:36.008+0000] {processor.py:836} INFO - DAG(s) dict_keys(['simple_example']) retrieved from /opt/airflow/dags/dino_simple_dag.py
[2023-07-21T17:00:36.030+0000] {logging_mixin.py:150} INFO - [2023-07-21T17:00:36.030+0000] {dag.py:2742} INFO - Sync 1 DAGs
[2023-07-21T17:00:36.049+0000] {logging_mixin.py:150} INFO - [2023-07-21T17:00:36.049+0000] {dag.py:3508} INFO - Setting next_dagrun for simple_example to 2023-07-17T00:46:15+00:00, run_after=2023-07-17T00:46:20+00:00
[2023-07-21T17:00:36.062+0000] {processor.py:179} INFO - Processing /opt/airflow/dags/dino_simple_dag.py took 0.066 seconds
[2023-07-21T17:01:06.884+0000] {processor.py:157} INFO - Started process (PID=1719) to work on /opt/airflow/dags/dino_simple_dag.py
[2023-07-21T17:01:06.886+0000] {processor.py:826} INFO - Processing file /opt/airflow/dags/dino_simple_dag.py for tasks to queue
[2023-07-21T17:01:06.886+0000] {logging_mixin.py:150} INFO - [2023-07-21T17:01:06.886+0000] {dagbag.py:541} INFO - Filling up the DagBag from /opt/airflow/dags/dino_simple_dag.py
[2023-07-21T17:01:06.893+0000] {processor.py:836} INFO - DAG(s) dict_keys(['simple_example']) retrieved from /opt/airflow/dags/dino_simple_dag.py
[2023-07-21T17:01:06.914+0000] {logging_mixin.py:150} INFO - [2023-07-21T17:01:06.914+0000] {dag.py:2742} INFO - Sync 1 DAGs
[2023-07-21T17:01:06.932+0000] {logging_mixin.py:150} INFO - [2023-07-21T17:01:06.932+0000] {dag.py:3508} INFO - Setting next_dagrun for simple_example to 2023-07-17T00:46:15+00:00, run_after=2023-07-17T00:46:20+00:00
[2023-07-21T17:01:06.945+0000] {processor.py:179} INFO - Processing /opt/airflow/dags/dino_simple_dag.py took 0.063 seconds
[2023-07-21T17:01:37.578+0000] {processor.py:157} INFO - Started process (PID=1779) to work on /opt/airflow/dags/dino_simple_dag.py
[2023-07-21T17:01:37.579+0000] {processor.py:826} INFO - Processing file /opt/airflow/dags/dino_simple_dag.py for tasks to queue
[2023-07-21T17:01:37.580+0000] {logging_mixin.py:150} INFO - [2023-07-21T17:01:37.580+0000] {dagbag.py:541} INFO - Filling up the DagBag from /opt/airflow/dags/dino_simple_dag.py
[2023-07-21T17:01:37.587+0000] {processor.py:836} INFO - DAG(s) dict_keys(['simple_example']) retrieved from /opt/airflow/dags/dino_simple_dag.py
[2023-07-21T17:01:37.607+0000] {logging_mixin.py:150} INFO - [2023-07-21T17:01:37.607+0000] {dag.py:2742} INFO - Sync 1 DAGs
[2023-07-21T17:01:37.625+0000] {logging_mixin.py:150} INFO - [2023-07-21T17:01:37.625+0000] {dag.py:3508} INFO - Setting next_dagrun for simple_example to 2023-07-17T00:46:15+00:00, run_after=2023-07-17T00:46:20+00:00
[2023-07-21T17:01:37.638+0000] {processor.py:179} INFO - Processing /opt/airflow/dags/dino_simple_dag.py took 0.063 seconds
[2023-07-21T17:02:08.363+0000] {processor.py:157} INFO - Started process (PID=1839) to work on /opt/airflow/dags/dino_simple_dag.py
[2023-07-21T17:02:08.364+0000] {processor.py:826} INFO - Processing file /opt/airflow/dags/dino_simple_dag.py for tasks to queue
[2023-07-21T17:02:08.365+0000] {logging_mixin.py:150} INFO - [2023-07-21T17:02:08.365+0000] {dagbag.py:541} INFO - Filling up the DagBag from /opt/airflow/dags/dino_simple_dag.py
[2023-07-21T17:02:08.372+0000] {processor.py:836} INFO - DAG(s) dict_keys(['simple_example']) retrieved from /opt/airflow/dags/dino_simple_dag.py
[2023-07-21T17:02:08.392+0000] {logging_mixin.py:150} INFO - [2023-07-21T17:02:08.392+0000] {dag.py:2742} INFO - Sync 1 DAGs
[2023-07-21T17:02:08.412+0000] {logging_mixin.py:150} INFO - [2023-07-21T17:02:08.411+0000] {dag.py:3508} INFO - Setting next_dagrun for simple_example to 2023-07-17T00:46:15+00:00, run_after=2023-07-17T00:46:20+00:00
[2023-07-21T17:02:08.424+0000] {processor.py:179} INFO - Processing /opt/airflow/dags/dino_simple_dag.py took 0.063 seconds
[2023-07-21T17:02:39.121+0000] {processor.py:157} INFO - Started process (PID=1899) to work on /opt/airflow/dags/dino_simple_dag.py
[2023-07-21T17:02:39.122+0000] {processor.py:826} INFO - Processing file /opt/airflow/dags/dino_simple_dag.py for tasks to queue
[2023-07-21T17:02:39.123+0000] {logging_mixin.py:150} INFO - [2023-07-21T17:02:39.123+0000] {dagbag.py:541} INFO - Filling up the DagBag from /opt/airflow/dags/dino_simple_dag.py
[2023-07-21T17:02:39.131+0000] {processor.py:836} INFO - DAG(s) dict_keys(['simple_example']) retrieved from /opt/airflow/dags/dino_simple_dag.py
[2023-07-21T17:02:39.151+0000] {logging_mixin.py:150} INFO - [2023-07-21T17:02:39.150+0000] {dag.py:2742} INFO - Sync 1 DAGs
[2023-07-21T17:02:39.169+0000] {logging_mixin.py:150} INFO - [2023-07-21T17:02:39.169+0000] {dag.py:3508} INFO - Setting next_dagrun for simple_example to 2023-07-17T00:46:15+00:00, run_after=2023-07-17T00:46:20+00:00
[2023-07-21T17:02:39.183+0000] {processor.py:179} INFO - Processing /opt/airflow/dags/dino_simple_dag.py took 0.065 seconds
[2023-07-21T17:03:09.781+0000] {processor.py:157} INFO - Started process (PID=1959) to work on /opt/airflow/dags/dino_simple_dag.py
[2023-07-21T17:03:09.782+0000] {processor.py:826} INFO - Processing file /opt/airflow/dags/dino_simple_dag.py for tasks to queue
[2023-07-21T17:03:09.783+0000] {logging_mixin.py:150} INFO - [2023-07-21T17:03:09.783+0000] {dagbag.py:541} INFO - Filling up the DagBag from /opt/airflow/dags/dino_simple_dag.py
[2023-07-21T17:03:09.791+0000] {processor.py:836} INFO - DAG(s) dict_keys(['simple_example']) retrieved from /opt/airflow/dags/dino_simple_dag.py
[2023-07-21T17:03:09.811+0000] {logging_mixin.py:150} INFO - [2023-07-21T17:03:09.811+0000] {dag.py:2742} INFO - Sync 1 DAGs
[2023-07-21T17:03:09.830+0000] {logging_mixin.py:150} INFO - [2023-07-21T17:03:09.830+0000] {dag.py:3508} INFO - Setting next_dagrun for simple_example to 2023-07-17T00:46:15+00:00, run_after=2023-07-17T00:46:20+00:00
[2023-07-21T17:03:09.843+0000] {processor.py:179} INFO - Processing /opt/airflow/dags/dino_simple_dag.py took 0.065 seconds
[2023-07-21T17:03:40.390+0000] {processor.py:157} INFO - Started process (PID=2019) to work on /opt/airflow/dags/dino_simple_dag.py
[2023-07-21T17:03:40.391+0000] {processor.py:826} INFO - Processing file /opt/airflow/dags/dino_simple_dag.py for tasks to queue
[2023-07-21T17:03:40.392+0000] {logging_mixin.py:150} INFO - [2023-07-21T17:03:40.391+0000] {dagbag.py:541} INFO - Filling up the DagBag from /opt/airflow/dags/dino_simple_dag.py
[2023-07-21T17:03:40.399+0000] {processor.py:836} INFO - DAG(s) dict_keys(['simple_example']) retrieved from /opt/airflow/dags/dino_simple_dag.py
[2023-07-21T17:03:40.419+0000] {logging_mixin.py:150} INFO - [2023-07-21T17:03:40.419+0000] {dag.py:2742} INFO - Sync 1 DAGs
[2023-07-21T17:03:40.437+0000] {logging_mixin.py:150} INFO - [2023-07-21T17:03:40.437+0000] {dag.py:3508} INFO - Setting next_dagrun for simple_example to 2023-07-17T00:46:15+00:00, run_after=2023-07-17T00:46:20+00:00
[2023-07-21T17:03:40.450+0000] {processor.py:179} INFO - Processing /opt/airflow/dags/dino_simple_dag.py took 0.063 seconds
[2023-07-21T17:04:11.240+0000] {processor.py:157} INFO - Started process (PID=2080) to work on /opt/airflow/dags/dino_simple_dag.py
[2023-07-21T17:04:11.241+0000] {processor.py:826} INFO - Processing file /opt/airflow/dags/dino_simple_dag.py for tasks to queue
[2023-07-21T17:04:11.242+0000] {logging_mixin.py:150} INFO - [2023-07-21T17:04:11.242+0000] {dagbag.py:541} INFO - Filling up the DagBag from /opt/airflow/dags/dino_simple_dag.py
[2023-07-21T17:04:11.249+0000] {processor.py:836} INFO - DAG(s) dict_keys(['simple_example']) retrieved from /opt/airflow/dags/dino_simple_dag.py
[2023-07-21T17:04:11.269+0000] {logging_mixin.py:150} INFO - [2023-07-21T17:04:11.269+0000] {dag.py:2742} INFO - Sync 1 DAGs
[2023-07-21T17:04:11.288+0000] {logging_mixin.py:150} INFO - [2023-07-21T17:04:11.288+0000] {dag.py:3508} INFO - Setting next_dagrun for simple_example to 2023-07-17T00:46:15+00:00, run_after=2023-07-17T00:46:20+00:00
[2023-07-21T17:04:11.301+0000] {processor.py:179} INFO - Processing /opt/airflow/dags/dino_simple_dag.py took 0.064 seconds
[2023-07-21T17:04:41.935+0000] {processor.py:157} INFO - Started process (PID=2140) to work on /opt/airflow/dags/dino_simple_dag.py
[2023-07-21T17:04:41.936+0000] {processor.py:826} INFO - Processing file /opt/airflow/dags/dino_simple_dag.py for tasks to queue
[2023-07-21T17:04:41.937+0000] {logging_mixin.py:150} INFO - [2023-07-21T17:04:41.937+0000] {dagbag.py:541} INFO - Filling up the DagBag from /opt/airflow/dags/dino_simple_dag.py
[2023-07-21T17:04:41.944+0000] {processor.py:836} INFO - DAG(s) dict_keys(['simple_example']) retrieved from /opt/airflow/dags/dino_simple_dag.py
[2023-07-21T17:04:41.964+0000] {logging_mixin.py:150} INFO - [2023-07-21T17:04:41.964+0000] {dag.py:2742} INFO - Sync 1 DAGs
[2023-07-21T17:04:41.983+0000] {logging_mixin.py:150} INFO - [2023-07-21T17:04:41.982+0000] {dag.py:3508} INFO - Setting next_dagrun for simple_example to 2023-07-17T00:46:15+00:00, run_after=2023-07-17T00:46:20+00:00
[2023-07-21T17:04:41.996+0000] {processor.py:179} INFO - Processing /opt/airflow/dags/dino_simple_dag.py took 0.064 seconds
[2023-07-21T17:05:12.775+0000] {processor.py:157} INFO - Started process (PID=2208) to work on /opt/airflow/dags/dino_simple_dag.py
[2023-07-21T17:05:12.776+0000] {processor.py:826} INFO - Processing file /opt/airflow/dags/dino_simple_dag.py for tasks to queue
[2023-07-21T17:05:12.777+0000] {logging_mixin.py:150} INFO - [2023-07-21T17:05:12.777+0000] {dagbag.py:541} INFO - Filling up the DagBag from /opt/airflow/dags/dino_simple_dag.py
[2023-07-21T17:05:12.785+0000] {processor.py:836} INFO - DAG(s) dict_keys(['simple_example']) retrieved from /opt/airflow/dags/dino_simple_dag.py
[2023-07-21T17:05:12.805+0000] {logging_mixin.py:150} INFO - [2023-07-21T17:05:12.804+0000] {dag.py:2742} INFO - Sync 1 DAGs
[2023-07-21T17:05:12.823+0000] {logging_mixin.py:150} INFO - [2023-07-21T17:05:12.823+0000] {dag.py:3508} INFO - Setting next_dagrun for simple_example to 2023-07-17T00:46:15+00:00, run_after=2023-07-17T00:46:20+00:00
[2023-07-21T17:05:12.837+0000] {processor.py:179} INFO - Processing /opt/airflow/dags/dino_simple_dag.py took 0.064 seconds
[2023-07-21T17:05:43.621+0000] {processor.py:157} INFO - Started process (PID=2268) to work on /opt/airflow/dags/dino_simple_dag.py
[2023-07-21T17:05:43.622+0000] {processor.py:826} INFO - Processing file /opt/airflow/dags/dino_simple_dag.py for tasks to queue
[2023-07-21T17:05:43.623+0000] {logging_mixin.py:150} INFO - [2023-07-21T17:05:43.623+0000] {dagbag.py:541} INFO - Filling up the DagBag from /opt/airflow/dags/dino_simple_dag.py
[2023-07-21T17:05:43.630+0000] {processor.py:836} INFO - DAG(s) dict_keys(['simple_example']) retrieved from /opt/airflow/dags/dino_simple_dag.py
[2023-07-21T17:05:43.650+0000] {logging_mixin.py:150} INFO - [2023-07-21T17:05:43.650+0000] {dag.py:2742} INFO - Sync 1 DAGs
[2023-07-21T17:05:43.669+0000] {logging_mixin.py:150} INFO - [2023-07-21T17:05:43.669+0000] {dag.py:3508} INFO - Setting next_dagrun for simple_example to 2023-07-17T00:46:15+00:00, run_after=2023-07-17T00:46:20+00:00
[2023-07-21T17:05:43.683+0000] {processor.py:179} INFO - Processing /opt/airflow/dags/dino_simple_dag.py took 0.064 seconds
[2023-07-21T17:06:14.609+0000] {processor.py:157} INFO - Started process (PID=2328) to work on /opt/airflow/dags/dino_simple_dag.py
[2023-07-21T17:06:14.610+0000] {processor.py:826} INFO - Processing file /opt/airflow/dags/dino_simple_dag.py for tasks to queue
[2023-07-21T17:06:14.611+0000] {logging_mixin.py:150} INFO - [2023-07-21T17:06:14.611+0000] {dagbag.py:541} INFO - Filling up the DagBag from /opt/airflow/dags/dino_simple_dag.py
[2023-07-21T17:06:14.618+0000] {processor.py:836} INFO - DAG(s) dict_keys(['simple_example']) retrieved from /opt/airflow/dags/dino_simple_dag.py
[2023-07-21T17:06:14.638+0000] {logging_mixin.py:150} INFO - [2023-07-21T17:06:14.638+0000] {dag.py:2742} INFO - Sync 1 DAGs
[2023-07-21T17:06:14.657+0000] {logging_mixin.py:150} INFO - [2023-07-21T17:06:14.657+0000] {dag.py:3508} INFO - Setting next_dagrun for simple_example to 2023-07-17T00:46:15+00:00, run_after=2023-07-17T00:46:20+00:00
[2023-07-21T17:06:14.670+0000] {processor.py:179} INFO - Processing /opt/airflow/dags/dino_simple_dag.py took 0.064 seconds
[2023-07-21T17:06:45.529+0000] {processor.py:157} INFO - Started process (PID=2388) to work on /opt/airflow/dags/dino_simple_dag.py
[2023-07-21T17:06:45.530+0000] {processor.py:826} INFO - Processing file /opt/airflow/dags/dino_simple_dag.py for tasks to queue
[2023-07-21T17:06:45.531+0000] {logging_mixin.py:150} INFO - [2023-07-21T17:06:45.531+0000] {dagbag.py:541} INFO - Filling up the DagBag from /opt/airflow/dags/dino_simple_dag.py
[2023-07-21T17:06:45.538+0000] {processor.py:836} INFO - DAG(s) dict_keys(['simple_example']) retrieved from /opt/airflow/dags/dino_simple_dag.py
[2023-07-21T17:06:45.558+0000] {logging_mixin.py:150} INFO - [2023-07-21T17:06:45.558+0000] {dag.py:2742} INFO - Sync 1 DAGs
[2023-07-21T17:06:45.577+0000] {logging_mixin.py:150} INFO - [2023-07-21T17:06:45.577+0000] {dag.py:3508} INFO - Setting next_dagrun for simple_example to 2023-07-17T00:46:15+00:00, run_after=2023-07-17T00:46:20+00:00
[2023-07-21T17:06:45.590+0000] {processor.py:179} INFO - Processing /opt/airflow/dags/dino_simple_dag.py took 0.063 seconds
[2023-07-21T17:07:16.533+0000] {processor.py:157} INFO - Started process (PID=2448) to work on /opt/airflow/dags/dino_simple_dag.py
[2023-07-21T17:07:16.534+0000] {processor.py:826} INFO - Processing file /opt/airflow/dags/dino_simple_dag.py for tasks to queue
[2023-07-21T17:07:16.536+0000] {logging_mixin.py:150} INFO - [2023-07-21T17:07:16.535+0000] {dagbag.py:541} INFO - Filling up the DagBag from /opt/airflow/dags/dino_simple_dag.py
[2023-07-21T17:07:16.542+0000] {processor.py:836} INFO - DAG(s) dict_keys(['simple_example']) retrieved from /opt/airflow/dags/dino_simple_dag.py
[2023-07-21T17:07:16.563+0000] {logging_mixin.py:150} INFO - [2023-07-21T17:07:16.563+0000] {dag.py:2742} INFO - Sync 1 DAGs
[2023-07-21T17:07:16.581+0000] {logging_mixin.py:150} INFO - [2023-07-21T17:07:16.581+0000] {dag.py:3508} INFO - Setting next_dagrun for simple_example to 2023-07-17T00:46:15+00:00, run_after=2023-07-17T00:46:20+00:00
[2023-07-21T17:07:16.594+0000] {processor.py:179} INFO - Processing /opt/airflow/dags/dino_simple_dag.py took 0.064 seconds
[2023-07-21T17:07:47.353+0000] {processor.py:157} INFO - Started process (PID=2508) to work on /opt/airflow/dags/dino_simple_dag.py
[2023-07-21T17:07:47.354+0000] {processor.py:826} INFO - Processing file /opt/airflow/dags/dino_simple_dag.py for tasks to queue
[2023-07-21T17:07:47.355+0000] {logging_mixin.py:150} INFO - [2023-07-21T17:07:47.354+0000] {dagbag.py:541} INFO - Filling up the DagBag from /opt/airflow/dags/dino_simple_dag.py
[2023-07-21T17:07:47.361+0000] {processor.py:836} INFO - DAG(s) dict_keys(['simple_example']) retrieved from /opt/airflow/dags/dino_simple_dag.py
[2023-07-21T17:07:47.382+0000] {logging_mixin.py:150} INFO - [2023-07-21T17:07:47.382+0000] {dag.py:2742} INFO - Sync 1 DAGs
[2023-07-21T17:07:47.400+0000] {logging_mixin.py:150} INFO - [2023-07-21T17:07:47.400+0000] {dag.py:3508} INFO - Setting next_dagrun for simple_example to 2023-07-17T00:46:15+00:00, run_after=2023-07-17T00:46:20+00:00
[2023-07-21T17:07:47.413+0000] {processor.py:179} INFO - Processing /opt/airflow/dags/dino_simple_dag.py took 0.063 seconds
[2023-07-21T17:08:18.254+0000] {processor.py:157} INFO - Started process (PID=2568) to work on /opt/airflow/dags/dino_simple_dag.py
[2023-07-21T17:08:18.255+0000] {processor.py:826} INFO - Processing file /opt/airflow/dags/dino_simple_dag.py for tasks to queue
[2023-07-21T17:08:18.256+0000] {logging_mixin.py:150} INFO - [2023-07-21T17:08:18.256+0000] {dagbag.py:541} INFO - Filling up the DagBag from /opt/airflow/dags/dino_simple_dag.py
[2023-07-21T17:08:18.263+0000] {processor.py:836} INFO - DAG(s) dict_keys(['simple_example']) retrieved from /opt/airflow/dags/dino_simple_dag.py
[2023-07-21T17:08:18.283+0000] {logging_mixin.py:150} INFO - [2023-07-21T17:08:18.283+0000] {dag.py:2742} INFO - Sync 1 DAGs
[2023-07-21T17:08:18.301+0000] {logging_mixin.py:150} INFO - [2023-07-21T17:08:18.301+0000] {dag.py:3508} INFO - Setting next_dagrun for simple_example to 2023-07-17T00:46:15+00:00, run_after=2023-07-17T00:46:20+00:00
[2023-07-21T17:08:18.314+0000] {processor.py:179} INFO - Processing /opt/airflow/dags/dino_simple_dag.py took 0.063 seconds
[2023-07-21T17:08:49.104+0000] {processor.py:157} INFO - Started process (PID=2628) to work on /opt/airflow/dags/dino_simple_dag.py
[2023-07-21T17:08:49.105+0000] {processor.py:826} INFO - Processing file /opt/airflow/dags/dino_simple_dag.py for tasks to queue
[2023-07-21T17:08:49.106+0000] {logging_mixin.py:150} INFO - [2023-07-21T17:08:49.106+0000] {dagbag.py:541} INFO - Filling up the DagBag from /opt/airflow/dags/dino_simple_dag.py
[2023-07-21T17:08:49.113+0000] {processor.py:836} INFO - DAG(s) dict_keys(['simple_example']) retrieved from /opt/airflow/dags/dino_simple_dag.py
[2023-07-21T17:08:49.133+0000] {logging_mixin.py:150} INFO - [2023-07-21T17:08:49.133+0000] {dag.py:2742} INFO - Sync 1 DAGs
[2023-07-21T17:08:49.152+0000] {logging_mixin.py:150} INFO - [2023-07-21T17:08:49.152+0000] {dag.py:3508} INFO - Setting next_dagrun for simple_example to 2023-07-17T00:46:15+00:00, run_after=2023-07-17T00:46:20+00:00
[2023-07-21T17:08:49.165+0000] {processor.py:179} INFO - Processing /opt/airflow/dags/dino_simple_dag.py took 0.063 seconds
[2023-07-21T17:09:19.933+0000] {processor.py:157} INFO - Started process (PID=2689) to work on /opt/airflow/dags/dino_simple_dag.py
[2023-07-21T17:09:19.934+0000] {processor.py:826} INFO - Processing file /opt/airflow/dags/dino_simple_dag.py for tasks to queue
[2023-07-21T17:09:19.935+0000] {logging_mixin.py:150} INFO - [2023-07-21T17:09:19.934+0000] {dagbag.py:541} INFO - Filling up the DagBag from /opt/airflow/dags/dino_simple_dag.py
[2023-07-21T17:09:19.941+0000] {processor.py:836} INFO - DAG(s) dict_keys(['simple_example']) retrieved from /opt/airflow/dags/dino_simple_dag.py
[2023-07-21T17:09:19.962+0000] {logging_mixin.py:150} INFO - [2023-07-21T17:09:19.962+0000] {dag.py:2742} INFO - Sync 1 DAGs
[2023-07-21T17:09:19.981+0000] {logging_mixin.py:150} INFO - [2023-07-21T17:09:19.981+0000] {dag.py:3508} INFO - Setting next_dagrun for simple_example to 2023-07-17T00:46:15+00:00, run_after=2023-07-17T00:46:20+00:00
[2023-07-21T17:09:19.994+0000] {processor.py:179} INFO - Processing /opt/airflow/dags/dino_simple_dag.py took 0.064 seconds
[2023-07-21T17:09:50.753+0000] {processor.py:157} INFO - Started process (PID=2749) to work on /opt/airflow/dags/dino_simple_dag.py
[2023-07-21T17:09:50.754+0000] {processor.py:826} INFO - Processing file /opt/airflow/dags/dino_simple_dag.py for tasks to queue
[2023-07-21T17:09:50.755+0000] {logging_mixin.py:150} INFO - [2023-07-21T17:09:50.755+0000] {dagbag.py:541} INFO - Filling up the DagBag from /opt/airflow/dags/dino_simple_dag.py
[2023-07-21T17:09:50.762+0000] {processor.py:836} INFO - DAG(s) dict_keys(['simple_example']) retrieved from /opt/airflow/dags/dino_simple_dag.py
[2023-07-21T17:09:50.782+0000] {logging_mixin.py:150} INFO - [2023-07-21T17:09:50.782+0000] {dag.py:2742} INFO - Sync 1 DAGs
[2023-07-21T17:09:50.801+0000] {logging_mixin.py:150} INFO - [2023-07-21T17:09:50.800+0000] {dag.py:3508} INFO - Setting next_dagrun for simple_example to 2023-07-17T00:46:15+00:00, run_after=2023-07-17T00:46:20+00:00
[2023-07-21T17:09:50.814+0000] {processor.py:179} INFO - Processing /opt/airflow/dags/dino_simple_dag.py took 0.063 seconds
[2023-07-21T17:10:21.642+0000] {processor.py:157} INFO - Started process (PID=2809) to work on /opt/airflow/dags/dino_simple_dag.py
[2023-07-21T17:10:21.643+0000] {processor.py:826} INFO - Processing file /opt/airflow/dags/dino_simple_dag.py for tasks to queue
[2023-07-21T17:10:21.644+0000] {logging_mixin.py:150} INFO - [2023-07-21T17:10:21.644+0000] {dagbag.py:541} INFO - Filling up the DagBag from /opt/airflow/dags/dino_simple_dag.py
[2023-07-21T17:10:21.650+0000] {processor.py:836} INFO - DAG(s) dict_keys(['simple_example']) retrieved from /opt/airflow/dags/dino_simple_dag.py
[2023-07-21T17:10:21.672+0000] {logging_mixin.py:150} INFO - [2023-07-21T17:10:21.671+0000] {dag.py:2742} INFO - Sync 1 DAGs
[2023-07-21T17:10:21.691+0000] {logging_mixin.py:150} INFO - [2023-07-21T17:10:21.691+0000] {dag.py:3508} INFO - Setting next_dagrun for simple_example to 2023-07-17T00:46:15+00:00, run_after=2023-07-17T00:46:20+00:00
[2023-07-21T17:10:21.705+0000] {processor.py:179} INFO - Processing /opt/airflow/dags/dino_simple_dag.py took 0.066 seconds
[2023-07-21T17:10:51.822+0000] {processor.py:157} INFO - Started process (PID=2869) to work on /opt/airflow/dags/dino_simple_dag.py
[2023-07-21T17:10:51.823+0000] {processor.py:826} INFO - Processing file /opt/airflow/dags/dino_simple_dag.py for tasks to queue
[2023-07-21T17:10:51.824+0000] {logging_mixin.py:150} INFO - [2023-07-21T17:10:51.824+0000] {dagbag.py:541} INFO - Filling up the DagBag from /opt/airflow/dags/dino_simple_dag.py
[2023-07-21T17:10:51.831+0000] {processor.py:836} INFO - DAG(s) dict_keys(['simple_example']) retrieved from /opt/airflow/dags/dino_simple_dag.py
[2023-07-21T17:10:51.851+0000] {logging_mixin.py:150} INFO - [2023-07-21T17:10:51.851+0000] {dag.py:2742} INFO - Sync 1 DAGs
[2023-07-21T17:10:51.870+0000] {logging_mixin.py:150} INFO - [2023-07-21T17:10:51.870+0000] {dag.py:3508} INFO - Setting next_dagrun for simple_example to 2023-07-17T00:46:15+00:00, run_after=2023-07-17T00:46:20+00:00
[2023-07-21T17:10:51.884+0000] {processor.py:179} INFO - Processing /opt/airflow/dags/dino_simple_dag.py took 0.065 seconds
[2023-07-21T17:11:22.552+0000] {processor.py:157} INFO - Started process (PID=2929) to work on /opt/airflow/dags/dino_simple_dag.py
[2023-07-21T17:11:22.553+0000] {processor.py:826} INFO - Processing file /opt/airflow/dags/dino_simple_dag.py for tasks to queue
[2023-07-21T17:11:22.554+0000] {logging_mixin.py:150} INFO - [2023-07-21T17:11:22.553+0000] {dagbag.py:541} INFO - Filling up the DagBag from /opt/airflow/dags/dino_simple_dag.py
[2023-07-21T17:11:22.560+0000] {processor.py:836} INFO - DAG(s) dict_keys(['simple_example']) retrieved from /opt/airflow/dags/dino_simple_dag.py
[2023-07-21T17:11:22.580+0000] {logging_mixin.py:150} INFO - [2023-07-21T17:11:22.580+0000] {dag.py:2742} INFO - Sync 1 DAGs
[2023-07-21T17:11:22.599+0000] {logging_mixin.py:150} INFO - [2023-07-21T17:11:22.599+0000] {dag.py:3508} INFO - Setting next_dagrun for simple_example to 2023-07-17T00:46:15+00:00, run_after=2023-07-17T00:46:20+00:00
[2023-07-21T17:11:22.612+0000] {processor.py:179} INFO - Processing /opt/airflow/dags/dino_simple_dag.py took 0.064 seconds
[2023-07-21T17:11:53.384+0000] {processor.py:157} INFO - Started process (PID=2989) to work on /opt/airflow/dags/dino_simple_dag.py
[2023-07-21T17:11:53.385+0000] {processor.py:826} INFO - Processing file /opt/airflow/dags/dino_simple_dag.py for tasks to queue
[2023-07-21T17:11:53.386+0000] {logging_mixin.py:150} INFO - [2023-07-21T17:11:53.386+0000] {dagbag.py:541} INFO - Filling up the DagBag from /opt/airflow/dags/dino_simple_dag.py
[2023-07-21T17:11:53.394+0000] {processor.py:836} INFO - DAG(s) dict_keys(['simple_example']) retrieved from /opt/airflow/dags/dino_simple_dag.py
[2023-07-21T17:11:53.415+0000] {logging_mixin.py:150} INFO - [2023-07-21T17:11:53.415+0000] {dag.py:2742} INFO - Sync 1 DAGs
[2023-07-21T17:11:53.435+0000] {logging_mixin.py:150} INFO - [2023-07-21T17:11:53.435+0000] {dag.py:3508} INFO - Setting next_dagrun for simple_example to 2023-07-17T00:46:15+00:00, run_after=2023-07-17T00:46:20+00:00
[2023-07-21T17:11:53.449+0000] {processor.py:179} INFO - Processing /opt/airflow/dags/dino_simple_dag.py took 0.068 seconds
[2023-07-21T17:12:24.065+0000] {processor.py:157} INFO - Started process (PID=3049) to work on /opt/airflow/dags/dino_simple_dag.py
[2023-07-21T17:12:24.066+0000] {processor.py:826} INFO - Processing file /opt/airflow/dags/dino_simple_dag.py for tasks to queue
[2023-07-21T17:12:24.067+0000] {logging_mixin.py:150} INFO - [2023-07-21T17:12:24.067+0000] {dagbag.py:541} INFO - Filling up the DagBag from /opt/airflow/dags/dino_simple_dag.py
[2023-07-21T17:12:24.074+0000] {processor.py:836} INFO - DAG(s) dict_keys(['simple_example']) retrieved from /opt/airflow/dags/dino_simple_dag.py
[2023-07-21T17:12:24.094+0000] {logging_mixin.py:150} INFO - [2023-07-21T17:12:24.094+0000] {dag.py:2742} INFO - Sync 1 DAGs
[2023-07-21T17:12:24.113+0000] {logging_mixin.py:150} INFO - [2023-07-21T17:12:24.113+0000] {dag.py:3508} INFO - Setting next_dagrun for simple_example to 2023-07-17T00:46:15+00:00, run_after=2023-07-17T00:46:20+00:00
[2023-07-21T17:12:24.125+0000] {processor.py:179} INFO - Processing /opt/airflow/dags/dino_simple_dag.py took 0.063 seconds
[2023-07-21T17:12:55.016+0000] {processor.py:157} INFO - Started process (PID=3108) to work on /opt/airflow/dags/dino_simple_dag.py
[2023-07-21T17:12:55.017+0000] {processor.py:826} INFO - Processing file /opt/airflow/dags/dino_simple_dag.py for tasks to queue
[2023-07-21T17:12:55.018+0000] {logging_mixin.py:150} INFO - [2023-07-21T17:12:55.018+0000] {dagbag.py:541} INFO - Filling up the DagBag from /opt/airflow/dags/dino_simple_dag.py
[2023-07-21T17:12:55.024+0000] {processor.py:836} INFO - DAG(s) dict_keys(['simple_example']) retrieved from /opt/airflow/dags/dino_simple_dag.py
[2023-07-21T17:12:55.045+0000] {logging_mixin.py:150} INFO - [2023-07-21T17:12:55.044+0000] {dag.py:2742} INFO - Sync 1 DAGs
[2023-07-21T17:12:55.063+0000] {logging_mixin.py:150} INFO - [2023-07-21T17:12:55.063+0000] {dag.py:3508} INFO - Setting next_dagrun for simple_example to 2023-07-17T00:46:15+00:00, run_after=2023-07-17T00:46:20+00:00
[2023-07-21T17:12:55.076+0000] {processor.py:179} INFO - Processing /opt/airflow/dags/dino_simple_dag.py took 0.064 seconds
[2023-07-21T17:13:25.822+0000] {processor.py:157} INFO - Started process (PID=3168) to work on /opt/airflow/dags/dino_simple_dag.py
[2023-07-21T17:13:25.823+0000] {processor.py:826} INFO - Processing file /opt/airflow/dags/dino_simple_dag.py for tasks to queue
[2023-07-21T17:13:25.824+0000] {logging_mixin.py:150} INFO - [2023-07-21T17:13:25.824+0000] {dagbag.py:541} INFO - Filling up the DagBag from /opt/airflow/dags/dino_simple_dag.py
[2023-07-21T17:13:25.831+0000] {processor.py:836} INFO - DAG(s) dict_keys(['simple_example']) retrieved from /opt/airflow/dags/dino_simple_dag.py
[2023-07-21T17:13:25.851+0000] {logging_mixin.py:150} INFO - [2023-07-21T17:13:25.851+0000] {dag.py:2742} INFO - Sync 1 DAGs
[2023-07-21T17:13:25.870+0000] {logging_mixin.py:150} INFO - [2023-07-21T17:13:25.870+0000] {dag.py:3508} INFO - Setting next_dagrun for simple_example to 2023-07-17T00:46:15+00:00, run_after=2023-07-17T00:46:20+00:00
[2023-07-21T17:13:25.883+0000] {processor.py:179} INFO - Processing /opt/airflow/dags/dino_simple_dag.py took 0.063 seconds
[2023-07-21T17:13:56.620+0000] {processor.py:157} INFO - Started process (PID=3228) to work on /opt/airflow/dags/dino_simple_dag.py
[2023-07-21T17:13:56.621+0000] {processor.py:826} INFO - Processing file /opt/airflow/dags/dino_simple_dag.py for tasks to queue
[2023-07-21T17:13:56.622+0000] {logging_mixin.py:150} INFO - [2023-07-21T17:13:56.621+0000] {dagbag.py:541} INFO - Filling up the DagBag from /opt/airflow/dags/dino_simple_dag.py
[2023-07-21T17:13:56.629+0000] {processor.py:836} INFO - DAG(s) dict_keys(['simple_example']) retrieved from /opt/airflow/dags/dino_simple_dag.py
[2023-07-21T17:13:56.649+0000] {logging_mixin.py:150} INFO - [2023-07-21T17:13:56.649+0000] {dag.py:2742} INFO - Sync 1 DAGs
[2023-07-21T17:13:56.668+0000] {logging_mixin.py:150} INFO - [2023-07-21T17:13:56.668+0000] {dag.py:3508} INFO - Setting next_dagrun for simple_example to 2023-07-17T00:46:15+00:00, run_after=2023-07-17T00:46:20+00:00
[2023-07-21T17:13:56.682+0000] {processor.py:179} INFO - Processing /opt/airflow/dags/dino_simple_dag.py took 0.065 seconds
[2023-07-21T17:14:27.310+0000] {processor.py:157} INFO - Started process (PID=3288) to work on /opt/airflow/dags/dino_simple_dag.py
[2023-07-21T17:14:27.311+0000] {processor.py:826} INFO - Processing file /opt/airflow/dags/dino_simple_dag.py for tasks to queue
[2023-07-21T17:14:27.312+0000] {logging_mixin.py:150} INFO - [2023-07-21T17:14:27.312+0000] {dagbag.py:541} INFO - Filling up the DagBag from /opt/airflow/dags/dino_simple_dag.py
[2023-07-21T17:14:27.320+0000] {processor.py:836} INFO - DAG(s) dict_keys(['simple_example']) retrieved from /opt/airflow/dags/dino_simple_dag.py
[2023-07-21T17:14:27.341+0000] {logging_mixin.py:150} INFO - [2023-07-21T17:14:27.341+0000] {dag.py:2742} INFO - Sync 1 DAGs
[2023-07-21T17:14:27.360+0000] {logging_mixin.py:150} INFO - [2023-07-21T17:14:27.360+0000] {dag.py:3508} INFO - Setting next_dagrun for simple_example to 2023-07-17T00:46:15+00:00, run_after=2023-07-17T00:46:20+00:00
[2023-07-21T17:14:27.373+0000] {processor.py:179} INFO - Processing /opt/airflow/dags/dino_simple_dag.py took 0.066 seconds
[2023-07-21T17:14:58.123+0000] {processor.py:157} INFO - Started process (PID=3348) to work on /opt/airflow/dags/dino_simple_dag.py
[2023-07-21T17:14:58.124+0000] {processor.py:826} INFO - Processing file /opt/airflow/dags/dino_simple_dag.py for tasks to queue
[2023-07-21T17:14:58.125+0000] {logging_mixin.py:150} INFO - [2023-07-21T17:14:58.125+0000] {dagbag.py:541} INFO - Filling up the DagBag from /opt/airflow/dags/dino_simple_dag.py
[2023-07-21T17:14:58.133+0000] {processor.py:836} INFO - DAG(s) dict_keys(['simple_example']) retrieved from /opt/airflow/dags/dino_simple_dag.py
[2023-07-21T17:14:58.153+0000] {logging_mixin.py:150} INFO - [2023-07-21T17:14:58.153+0000] {dag.py:2742} INFO - Sync 1 DAGs
[2023-07-21T17:14:58.172+0000] {logging_mixin.py:150} INFO - [2023-07-21T17:14:58.172+0000] {dag.py:3508} INFO - Setting next_dagrun for simple_example to 2023-07-17T00:46:15+00:00, run_after=2023-07-17T00:46:20+00:00
[2023-07-21T17:14:58.185+0000] {processor.py:179} INFO - Processing /opt/airflow/dags/dino_simple_dag.py took 0.065 seconds
[2023-07-21T17:15:28.925+0000] {processor.py:157} INFO - Started process (PID=3408) to work on /opt/airflow/dags/dino_simple_dag.py
[2023-07-21T17:15:28.926+0000] {processor.py:826} INFO - Processing file /opt/airflow/dags/dino_simple_dag.py for tasks to queue
[2023-07-21T17:15:28.927+0000] {logging_mixin.py:150} INFO - [2023-07-21T17:15:28.927+0000] {dagbag.py:541} INFO - Filling up the DagBag from /opt/airflow/dags/dino_simple_dag.py
[2023-07-21T17:15:28.934+0000] {processor.py:836} INFO - DAG(s) dict_keys(['simple_example']) retrieved from /opt/airflow/dags/dino_simple_dag.py
[2023-07-21T17:15:28.955+0000] {logging_mixin.py:150} INFO - [2023-07-21T17:15:28.954+0000] {dag.py:2742} INFO - Sync 1 DAGs
[2023-07-21T17:15:28.975+0000] {logging_mixin.py:150} INFO - [2023-07-21T17:15:28.974+0000] {dag.py:3508} INFO - Setting next_dagrun for simple_example to 2023-07-17T00:46:15+00:00, run_after=2023-07-17T00:46:20+00:00
[2023-07-21T17:15:28.989+0000] {processor.py:179} INFO - Processing /opt/airflow/dags/dino_simple_dag.py took 0.067 seconds
[2023-07-21T17:15:59.605+0000] {processor.py:157} INFO - Started process (PID=3468) to work on /opt/airflow/dags/dino_simple_dag.py
[2023-07-21T17:15:59.606+0000] {processor.py:826} INFO - Processing file /opt/airflow/dags/dino_simple_dag.py for tasks to queue
[2023-07-21T17:15:59.607+0000] {logging_mixin.py:150} INFO - [2023-07-21T17:15:59.607+0000] {dagbag.py:541} INFO - Filling up the DagBag from /opt/airflow/dags/dino_simple_dag.py
[2023-07-21T17:15:59.614+0000] {processor.py:836} INFO - DAG(s) dict_keys(['simple_example']) retrieved from /opt/airflow/dags/dino_simple_dag.py
[2023-07-21T17:15:59.634+0000] {logging_mixin.py:150} INFO - [2023-07-21T17:15:59.634+0000] {dag.py:2742} INFO - Sync 1 DAGs
[2023-07-21T17:15:59.653+0000] {logging_mixin.py:150} INFO - [2023-07-21T17:15:59.653+0000] {dag.py:3508} INFO - Setting next_dagrun for simple_example to 2023-07-17T00:46:15+00:00, run_after=2023-07-17T00:46:20+00:00
[2023-07-21T17:15:59.667+0000] {processor.py:179} INFO - Processing /opt/airflow/dags/dino_simple_dag.py took 0.065 seconds
[2023-07-21T17:16:30.439+0000] {processor.py:157} INFO - Started process (PID=3528) to work on /opt/airflow/dags/dino_simple_dag.py
[2023-07-21T17:16:30.440+0000] {processor.py:826} INFO - Processing file /opt/airflow/dags/dino_simple_dag.py for tasks to queue
[2023-07-21T17:16:30.441+0000] {logging_mixin.py:150} INFO - [2023-07-21T17:16:30.440+0000] {dagbag.py:541} INFO - Filling up the DagBag from /opt/airflow/dags/dino_simple_dag.py
[2023-07-21T17:16:30.448+0000] {processor.py:836} INFO - DAG(s) dict_keys(['simple_example']) retrieved from /opt/airflow/dags/dino_simple_dag.py
[2023-07-21T17:16:30.468+0000] {logging_mixin.py:150} INFO - [2023-07-21T17:16:30.468+0000] {dag.py:2742} INFO - Sync 1 DAGs
[2023-07-21T17:16:30.487+0000] {logging_mixin.py:150} INFO - [2023-07-21T17:16:30.487+0000] {dag.py:3508} INFO - Setting next_dagrun for simple_example to 2023-07-17T00:46:15+00:00, run_after=2023-07-17T00:46:20+00:00
[2023-07-21T17:16:30.500+0000] {processor.py:179} INFO - Processing /opt/airflow/dags/dino_simple_dag.py took 0.064 seconds
[2023-07-21T17:17:01.273+0000] {processor.py:157} INFO - Started process (PID=3588) to work on /opt/airflow/dags/dino_simple_dag.py
[2023-07-21T17:17:01.274+0000] {processor.py:826} INFO - Processing file /opt/airflow/dags/dino_simple_dag.py for tasks to queue
[2023-07-21T17:17:01.275+0000] {logging_mixin.py:150} INFO - [2023-07-21T17:17:01.274+0000] {dagbag.py:541} INFO - Filling up the DagBag from /opt/airflow/dags/dino_simple_dag.py
[2023-07-21T17:17:01.281+0000] {processor.py:836} INFO - DAG(s) dict_keys(['simple_example']) retrieved from /opt/airflow/dags/dino_simple_dag.py
[2023-07-21T17:17:01.301+0000] {logging_mixin.py:150} INFO - [2023-07-21T17:17:01.301+0000] {dag.py:2742} INFO - Sync 1 DAGs
[2023-07-21T17:17:01.320+0000] {logging_mixin.py:150} INFO - [2023-07-21T17:17:01.320+0000] {dag.py:3508} INFO - Setting next_dagrun for simple_example to 2023-07-17T00:46:15+00:00, run_after=2023-07-17T00:46:20+00:00
[2023-07-21T17:17:01.333+0000] {processor.py:179} INFO - Processing /opt/airflow/dags/dino_simple_dag.py took 0.063 seconds
[2023-07-21T17:17:31.919+0000] {processor.py:157} INFO - Started process (PID=3648) to work on /opt/airflow/dags/dino_simple_dag.py
[2023-07-21T17:17:31.920+0000] {processor.py:826} INFO - Processing file /opt/airflow/dags/dino_simple_dag.py for tasks to queue
[2023-07-21T17:17:31.922+0000] {logging_mixin.py:150} INFO - [2023-07-21T17:17:31.921+0000] {dagbag.py:541} INFO - Filling up the DagBag from /opt/airflow/dags/dino_simple_dag.py
[2023-07-21T17:17:31.930+0000] {processor.py:836} INFO - DAG(s) dict_keys(['simple_example']) retrieved from /opt/airflow/dags/dino_simple_dag.py
[2023-07-21T17:17:31.952+0000] {logging_mixin.py:150} INFO - [2023-07-21T17:17:31.952+0000] {dag.py:2742} INFO - Sync 1 DAGs
[2023-07-21T17:17:31.971+0000] {logging_mixin.py:150} INFO - [2023-07-21T17:17:31.970+0000] {dag.py:3508} INFO - Setting next_dagrun for simple_example to 2023-07-17T00:46:15+00:00, run_after=2023-07-17T00:46:20+00:00
[2023-07-21T17:17:31.983+0000] {processor.py:179} INFO - Processing /opt/airflow/dags/dino_simple_dag.py took 0.067 seconds
[2023-07-21T17:18:02.641+0000] {processor.py:157} INFO - Started process (PID=3709) to work on /opt/airflow/dags/dino_simple_dag.py
[2023-07-21T17:18:02.642+0000] {processor.py:826} INFO - Processing file /opt/airflow/dags/dino_simple_dag.py for tasks to queue
[2023-07-21T17:18:02.643+0000] {logging_mixin.py:150} INFO - [2023-07-21T17:18:02.643+0000] {dagbag.py:541} INFO - Filling up the DagBag from /opt/airflow/dags/dino_simple_dag.py
[2023-07-21T17:18:02.649+0000] {processor.py:836} INFO - DAG(s) dict_keys(['simple_example']) retrieved from /opt/airflow/dags/dino_simple_dag.py
[2023-07-21T17:18:02.670+0000] {logging_mixin.py:150} INFO - [2023-07-21T17:18:02.670+0000] {dag.py:2742} INFO - Sync 1 DAGs
[2023-07-21T17:18:02.689+0000] {logging_mixin.py:150} INFO - [2023-07-21T17:18:02.689+0000] {dag.py:3508} INFO - Setting next_dagrun for simple_example to 2023-07-17T00:46:15+00:00, run_after=2023-07-17T00:46:20+00:00
[2023-07-21T17:18:02.704+0000] {processor.py:179} INFO - Processing /opt/airflow/dags/dino_simple_dag.py took 0.066 seconds
[2023-07-21T17:18:33.318+0000] {processor.py:157} INFO - Started process (PID=3769) to work on /opt/airflow/dags/dino_simple_dag.py
[2023-07-21T17:18:33.319+0000] {processor.py:826} INFO - Processing file /opt/airflow/dags/dino_simple_dag.py for tasks to queue
[2023-07-21T17:18:33.320+0000] {logging_mixin.py:150} INFO - [2023-07-21T17:18:33.320+0000] {dagbag.py:541} INFO - Filling up the DagBag from /opt/airflow/dags/dino_simple_dag.py
[2023-07-21T17:18:33.327+0000] {processor.py:836} INFO - DAG(s) dict_keys(['simple_example']) retrieved from /opt/airflow/dags/dino_simple_dag.py
[2023-07-21T17:18:33.348+0000] {logging_mixin.py:150} INFO - [2023-07-21T17:18:33.348+0000] {dag.py:2742} INFO - Sync 1 DAGs
[2023-07-21T17:18:33.368+0000] {logging_mixin.py:150} INFO - [2023-07-21T17:18:33.368+0000] {dag.py:3508} INFO - Setting next_dagrun for simple_example to 2023-07-17T00:46:15+00:00, run_after=2023-07-17T00:46:20+00:00
[2023-07-21T17:18:33.382+0000] {processor.py:179} INFO - Processing /opt/airflow/dags/dino_simple_dag.py took 0.067 seconds
[2023-07-21T17:19:04.215+0000] {processor.py:157} INFO - Started process (PID=3829) to work on /opt/airflow/dags/dino_simple_dag.py
[2023-07-21T17:19:04.216+0000] {processor.py:826} INFO - Processing file /opt/airflow/dags/dino_simple_dag.py for tasks to queue
[2023-07-21T17:19:04.217+0000] {logging_mixin.py:150} INFO - [2023-07-21T17:19:04.217+0000] {dagbag.py:541} INFO - Filling up the DagBag from /opt/airflow/dags/dino_simple_dag.py
[2023-07-21T17:19:04.225+0000] {processor.py:836} INFO - DAG(s) dict_keys(['simple_example']) retrieved from /opt/airflow/dags/dino_simple_dag.py
[2023-07-21T17:19:04.246+0000] {logging_mixin.py:150} INFO - [2023-07-21T17:19:04.246+0000] {dag.py:2742} INFO - Sync 1 DAGs
[2023-07-21T17:19:04.265+0000] {logging_mixin.py:150} INFO - [2023-07-21T17:19:04.265+0000] {dag.py:3508} INFO - Setting next_dagrun for simple_example to 2023-07-17T00:46:15+00:00, run_after=2023-07-17T00:46:20+00:00
[2023-07-21T17:19:04.280+0000] {processor.py:179} INFO - Processing /opt/airflow/dags/dino_simple_dag.py took 0.067 seconds
[2023-07-21T17:19:35.058+0000] {processor.py:157} INFO - Started process (PID=3889) to work on /opt/airflow/dags/dino_simple_dag.py
[2023-07-21T17:19:35.059+0000] {processor.py:826} INFO - Processing file /opt/airflow/dags/dino_simple_dag.py for tasks to queue
[2023-07-21T17:19:35.060+0000] {logging_mixin.py:150} INFO - [2023-07-21T17:19:35.060+0000] {dagbag.py:541} INFO - Filling up the DagBag from /opt/airflow/dags/dino_simple_dag.py
[2023-07-21T17:19:35.066+0000] {processor.py:836} INFO - DAG(s) dict_keys(['simple_example']) retrieved from /opt/airflow/dags/dino_simple_dag.py
[2023-07-21T17:19:35.087+0000] {logging_mixin.py:150} INFO - [2023-07-21T17:19:35.086+0000] {dag.py:2742} INFO - Sync 1 DAGs
[2023-07-21T17:19:35.105+0000] {logging_mixin.py:150} INFO - [2023-07-21T17:19:35.105+0000] {dag.py:3508} INFO - Setting next_dagrun for simple_example to 2023-07-17T00:46:15+00:00, run_after=2023-07-17T00:46:20+00:00
[2023-07-21T17:19:35.119+0000] {processor.py:179} INFO - Processing /opt/airflow/dags/dino_simple_dag.py took 0.063 seconds
[2023-07-21T17:20:05.933+0000] {processor.py:157} INFO - Started process (PID=3949) to work on /opt/airflow/dags/dino_simple_dag.py
[2023-07-21T17:20:05.934+0000] {processor.py:826} INFO - Processing file /opt/airflow/dags/dino_simple_dag.py for tasks to queue
[2023-07-21T17:20:05.935+0000] {logging_mixin.py:150} INFO - [2023-07-21T17:20:05.935+0000] {dagbag.py:541} INFO - Filling up the DagBag from /opt/airflow/dags/dino_simple_dag.py
[2023-07-21T17:20:05.942+0000] {processor.py:836} INFO - DAG(s) dict_keys(['simple_example']) retrieved from /opt/airflow/dags/dino_simple_dag.py
[2023-07-21T17:20:05.963+0000] {logging_mixin.py:150} INFO - [2023-07-21T17:20:05.963+0000] {dag.py:2742} INFO - Sync 1 DAGs
[2023-07-21T17:20:05.982+0000] {logging_mixin.py:150} INFO - [2023-07-21T17:20:05.982+0000] {dag.py:3508} INFO - Setting next_dagrun for simple_example to 2023-07-17T00:46:15+00:00, run_after=2023-07-17T00:46:20+00:00
[2023-07-21T17:20:05.996+0000] {processor.py:179} INFO - Processing /opt/airflow/dags/dino_simple_dag.py took 0.065 seconds
[2023-07-21T17:20:36.650+0000] {processor.py:157} INFO - Started process (PID=4010) to work on /opt/airflow/dags/dino_simple_dag.py
[2023-07-21T17:20:36.651+0000] {processor.py:826} INFO - Processing file /opt/airflow/dags/dino_simple_dag.py for tasks to queue
[2023-07-21T17:20:36.652+0000] {logging_mixin.py:150} INFO - [2023-07-21T17:20:36.652+0000] {dagbag.py:541} INFO - Filling up the DagBag from /opt/airflow/dags/dino_simple_dag.py
[2023-07-21T17:20:36.658+0000] {processor.py:836} INFO - DAG(s) dict_keys(['simple_example']) retrieved from /opt/airflow/dags/dino_simple_dag.py
[2023-07-21T17:20:36.678+0000] {logging_mixin.py:150} INFO - [2023-07-21T17:20:36.678+0000] {dag.py:2742} INFO - Sync 1 DAGs
[2023-07-21T17:20:36.697+0000] {logging_mixin.py:150} INFO - [2023-07-21T17:20:36.697+0000] {dag.py:3508} INFO - Setting next_dagrun for simple_example to 2023-07-17T00:46:15+00:00, run_after=2023-07-17T00:46:20+00:00
[2023-07-21T17:20:36.712+0000] {processor.py:179} INFO - Processing /opt/airflow/dags/dino_simple_dag.py took 0.065 seconds
[2023-07-21T17:21:07.507+0000] {processor.py:157} INFO - Started process (PID=4070) to work on /opt/airflow/dags/dino_simple_dag.py
[2023-07-21T17:21:07.509+0000] {processor.py:826} INFO - Processing file /opt/airflow/dags/dino_simple_dag.py for tasks to queue
[2023-07-21T17:21:07.510+0000] {logging_mixin.py:150} INFO - [2023-07-21T17:21:07.509+0000] {dagbag.py:541} INFO - Filling up the DagBag from /opt/airflow/dags/dino_simple_dag.py
[2023-07-21T17:21:07.517+0000] {processor.py:836} INFO - DAG(s) dict_keys(['simple_example']) retrieved from /opt/airflow/dags/dino_simple_dag.py
[2023-07-21T17:21:07.539+0000] {logging_mixin.py:150} INFO - [2023-07-21T17:21:07.538+0000] {dag.py:2742} INFO - Sync 1 DAGs
[2023-07-21T17:21:07.559+0000] {logging_mixin.py:150} INFO - [2023-07-21T17:21:07.558+0000] {dag.py:3508} INFO - Setting next_dagrun for simple_example to 2023-07-17T00:46:15+00:00, run_after=2023-07-17T00:46:20+00:00
[2023-07-21T17:21:07.574+0000] {processor.py:179} INFO - Processing /opt/airflow/dags/dino_simple_dag.py took 0.069 seconds
[2023-07-21T17:21:38.282+0000] {processor.py:157} INFO - Started process (PID=4129) to work on /opt/airflow/dags/dino_simple_dag.py
[2023-07-21T17:21:38.283+0000] {processor.py:826} INFO - Processing file /opt/airflow/dags/dino_simple_dag.py for tasks to queue
[2023-07-21T17:21:38.284+0000] {logging_mixin.py:150} INFO - [2023-07-21T17:21:38.283+0000] {dagbag.py:541} INFO - Filling up the DagBag from /opt/airflow/dags/dino_simple_dag.py
[2023-07-21T17:21:38.292+0000] {processor.py:836} INFO - DAG(s) dict_keys(['simple_example']) retrieved from /opt/airflow/dags/dino_simple_dag.py
[2023-07-21T17:21:38.314+0000] {logging_mixin.py:150} INFO - [2023-07-21T17:21:38.313+0000] {dag.py:2742} INFO - Sync 1 DAGs
[2023-07-21T17:21:38.333+0000] {logging_mixin.py:150} INFO - [2023-07-21T17:21:38.333+0000] {dag.py:3508} INFO - Setting next_dagrun for simple_example to 2023-07-17T00:46:15+00:00, run_after=2023-07-17T00:46:20+00:00
[2023-07-21T17:21:38.346+0000] {processor.py:179} INFO - Processing /opt/airflow/dags/dino_simple_dag.py took 0.068 seconds
[2023-07-21T17:22:08.481+0000] {processor.py:157} INFO - Started process (PID=4189) to work on /opt/airflow/dags/dino_simple_dag.py
[2023-07-21T17:22:08.482+0000] {processor.py:826} INFO - Processing file /opt/airflow/dags/dino_simple_dag.py for tasks to queue
[2023-07-21T17:22:08.483+0000] {logging_mixin.py:150} INFO - [2023-07-21T17:22:08.483+0000] {dagbag.py:541} INFO - Filling up the DagBag from /opt/airflow/dags/dino_simple_dag.py
[2023-07-21T17:22:08.490+0000] {processor.py:836} INFO - DAG(s) dict_keys(['simple_example']) retrieved from /opt/airflow/dags/dino_simple_dag.py
[2023-07-21T17:22:08.510+0000] {logging_mixin.py:150} INFO - [2023-07-21T17:22:08.509+0000] {dag.py:2742} INFO - Sync 1 DAGs
[2023-07-21T17:22:08.528+0000] {logging_mixin.py:150} INFO - [2023-07-21T17:22:08.528+0000] {dag.py:3508} INFO - Setting next_dagrun for simple_example to 2023-07-17T00:46:15+00:00, run_after=2023-07-17T00:46:20+00:00
[2023-07-21T17:22:08.541+0000] {processor.py:179} INFO - Processing /opt/airflow/dags/dino_simple_dag.py took 0.063 seconds
[2023-07-21T17:22:38.719+0000] {processor.py:157} INFO - Started process (PID=4248) to work on /opt/airflow/dags/dino_simple_dag.py
[2023-07-21T17:22:38.720+0000] {processor.py:826} INFO - Processing file /opt/airflow/dags/dino_simple_dag.py for tasks to queue
[2023-07-21T17:22:38.721+0000] {logging_mixin.py:150} INFO - [2023-07-21T17:22:38.721+0000] {dagbag.py:541} INFO - Filling up the DagBag from /opt/airflow/dags/dino_simple_dag.py
[2023-07-21T17:22:38.729+0000] {processor.py:836} INFO - DAG(s) dict_keys(['simple_example']) retrieved from /opt/airflow/dags/dino_simple_dag.py
[2023-07-21T17:22:38.749+0000] {logging_mixin.py:150} INFO - [2023-07-21T17:22:38.748+0000] {dag.py:2742} INFO - Sync 1 DAGs
[2023-07-21T17:22:38.768+0000] {logging_mixin.py:150} INFO - [2023-07-21T17:22:38.767+0000] {dag.py:3508} INFO - Setting next_dagrun for simple_example to 2023-07-17T00:46:15+00:00, run_after=2023-07-17T00:46:20+00:00
[2023-07-21T17:22:38.781+0000] {processor.py:179} INFO - Processing /opt/airflow/dags/dino_simple_dag.py took 0.065 seconds
[2023-07-21T17:23:08.906+0000] {processor.py:157} INFO - Started process (PID=4309) to work on /opt/airflow/dags/dino_simple_dag.py
[2023-07-21T17:23:08.907+0000] {processor.py:826} INFO - Processing file /opt/airflow/dags/dino_simple_dag.py for tasks to queue
[2023-07-21T17:23:08.908+0000] {logging_mixin.py:150} INFO - [2023-07-21T17:23:08.908+0000] {dagbag.py:541} INFO - Filling up the DagBag from /opt/airflow/dags/dino_simple_dag.py
[2023-07-21T17:23:08.915+0000] {processor.py:836} INFO - DAG(s) dict_keys(['simple_example']) retrieved from /opt/airflow/dags/dino_simple_dag.py
[2023-07-21T17:23:08.936+0000] {logging_mixin.py:150} INFO - [2023-07-21T17:23:08.936+0000] {dag.py:2742} INFO - Sync 1 DAGs
[2023-07-21T17:23:08.955+0000] {logging_mixin.py:150} INFO - [2023-07-21T17:23:08.954+0000] {dag.py:3508} INFO - Setting next_dagrun for simple_example to 2023-07-17T00:46:15+00:00, run_after=2023-07-17T00:46:20+00:00
[2023-07-21T17:23:08.967+0000] {processor.py:179} INFO - Processing /opt/airflow/dags/dino_simple_dag.py took 0.064 seconds
[2023-07-21T17:23:39.156+0000] {processor.py:157} INFO - Started process (PID=4369) to work on /opt/airflow/dags/dino_simple_dag.py
[2023-07-21T17:23:39.157+0000] {processor.py:826} INFO - Processing file /opt/airflow/dags/dino_simple_dag.py for tasks to queue
[2023-07-21T17:23:39.158+0000] {logging_mixin.py:150} INFO - [2023-07-21T17:23:39.158+0000] {dagbag.py:541} INFO - Filling up the DagBag from /opt/airflow/dags/dino_simple_dag.py
[2023-07-21T17:23:39.165+0000] {processor.py:836} INFO - DAG(s) dict_keys(['simple_example']) retrieved from /opt/airflow/dags/dino_simple_dag.py
[2023-07-21T17:23:39.185+0000] {logging_mixin.py:150} INFO - [2023-07-21T17:23:39.185+0000] {dag.py:2742} INFO - Sync 1 DAGs
[2023-07-21T17:23:39.203+0000] {logging_mixin.py:150} INFO - [2023-07-21T17:23:39.203+0000] {dag.py:3508} INFO - Setting next_dagrun for simple_example to 2023-07-17T00:46:15+00:00, run_after=2023-07-17T00:46:20+00:00
[2023-07-21T17:23:39.216+0000] {processor.py:179} INFO - Processing /opt/airflow/dags/dino_simple_dag.py took 0.063 seconds
[2023-07-21T17:24:09.355+0000] {processor.py:157} INFO - Started process (PID=4429) to work on /opt/airflow/dags/dino_simple_dag.py
[2023-07-21T17:24:09.356+0000] {processor.py:826} INFO - Processing file /opt/airflow/dags/dino_simple_dag.py for tasks to queue
[2023-07-21T17:24:09.357+0000] {logging_mixin.py:150} INFO - [2023-07-21T17:24:09.357+0000] {dagbag.py:541} INFO - Filling up the DagBag from /opt/airflow/dags/dino_simple_dag.py
[2023-07-21T17:24:09.364+0000] {processor.py:836} INFO - DAG(s) dict_keys(['simple_example']) retrieved from /opt/airflow/dags/dino_simple_dag.py
[2023-07-21T17:24:09.384+0000] {logging_mixin.py:150} INFO - [2023-07-21T17:24:09.383+0000] {dag.py:2742} INFO - Sync 1 DAGs
[2023-07-21T17:24:09.402+0000] {logging_mixin.py:150} INFO - [2023-07-21T17:24:09.402+0000] {dag.py:3508} INFO - Setting next_dagrun for simple_example to 2023-07-17T00:46:15+00:00, run_after=2023-07-17T00:46:20+00:00
[2023-07-21T17:24:09.414+0000] {processor.py:179} INFO - Processing /opt/airflow/dags/dino_simple_dag.py took 0.062 seconds
[2023-07-21T17:24:39.499+0000] {processor.py:157} INFO - Started process (PID=4489) to work on /opt/airflow/dags/dino_simple_dag.py
[2023-07-21T17:24:39.500+0000] {processor.py:826} INFO - Processing file /opt/airflow/dags/dino_simple_dag.py for tasks to queue
[2023-07-21T17:24:39.501+0000] {logging_mixin.py:150} INFO - [2023-07-21T17:24:39.501+0000] {dagbag.py:541} INFO - Filling up the DagBag from /opt/airflow/dags/dino_simple_dag.py
[2023-07-21T17:24:39.508+0000] {processor.py:836} INFO - DAG(s) dict_keys(['simple_example']) retrieved from /opt/airflow/dags/dino_simple_dag.py
[2023-07-21T17:24:39.528+0000] {logging_mixin.py:150} INFO - [2023-07-21T17:24:39.528+0000] {dag.py:2742} INFO - Sync 1 DAGs
[2023-07-21T17:24:39.547+0000] {logging_mixin.py:150} INFO - [2023-07-21T17:24:39.546+0000] {dag.py:3508} INFO - Setting next_dagrun for simple_example to 2023-07-17T00:46:15+00:00, run_after=2023-07-17T00:46:20+00:00
[2023-07-21T17:24:39.560+0000] {processor.py:179} INFO - Processing /opt/airflow/dags/dino_simple_dag.py took 0.063 seconds
[2023-07-21T17:25:09.860+0000] {processor.py:157} INFO - Started process (PID=4549) to work on /opt/airflow/dags/dino_simple_dag.py
[2023-07-21T17:25:09.862+0000] {processor.py:826} INFO - Processing file /opt/airflow/dags/dino_simple_dag.py for tasks to queue
[2023-07-21T17:25:09.863+0000] {logging_mixin.py:150} INFO - [2023-07-21T17:25:09.863+0000] {dagbag.py:541} INFO - Filling up the DagBag from /opt/airflow/dags/dino_simple_dag.py
[2023-07-21T17:25:09.870+0000] {processor.py:836} INFO - DAG(s) dict_keys(['simple_example']) retrieved from /opt/airflow/dags/dino_simple_dag.py
[2023-07-21T17:25:09.891+0000] {logging_mixin.py:150} INFO - [2023-07-21T17:25:09.891+0000] {dag.py:2742} INFO - Sync 1 DAGs
[2023-07-21T17:25:09.910+0000] {logging_mixin.py:150} INFO - [2023-07-21T17:25:09.910+0000] {dag.py:3508} INFO - Setting next_dagrun for simple_example to 2023-07-17T00:46:15+00:00, run_after=2023-07-17T00:46:20+00:00
[2023-07-21T17:25:09.923+0000] {processor.py:179} INFO - Processing /opt/airflow/dags/dino_simple_dag.py took 0.065 seconds
[2023-07-21T17:25:40.134+0000] {processor.py:157} INFO - Started process (PID=4608) to work on /opt/airflow/dags/dino_simple_dag.py
[2023-07-21T17:25:40.135+0000] {processor.py:826} INFO - Processing file /opt/airflow/dags/dino_simple_dag.py for tasks to queue
[2023-07-21T17:25:40.136+0000] {logging_mixin.py:150} INFO - [2023-07-21T17:25:40.135+0000] {dagbag.py:541} INFO - Filling up the DagBag from /opt/airflow/dags/dino_simple_dag.py
[2023-07-21T17:25:40.143+0000] {processor.py:836} INFO - DAG(s) dict_keys(['simple_example']) retrieved from /opt/airflow/dags/dino_simple_dag.py
[2023-07-21T17:25:40.164+0000] {logging_mixin.py:150} INFO - [2023-07-21T17:25:40.163+0000] {dag.py:2742} INFO - Sync 1 DAGs
[2023-07-21T17:25:40.182+0000] {logging_mixin.py:150} INFO - [2023-07-21T17:25:40.182+0000] {dag.py:3508} INFO - Setting next_dagrun for simple_example to 2023-07-17T00:46:15+00:00, run_after=2023-07-17T00:46:20+00:00
[2023-07-21T17:25:40.195+0000] {processor.py:179} INFO - Processing /opt/airflow/dags/dino_simple_dag.py took 0.064 seconds
[2023-07-21T17:26:10.480+0000] {processor.py:157} INFO - Started process (PID=4668) to work on /opt/airflow/dags/dino_simple_dag.py
[2023-07-21T17:26:10.481+0000] {processor.py:826} INFO - Processing file /opt/airflow/dags/dino_simple_dag.py for tasks to queue
[2023-07-21T17:26:10.481+0000] {logging_mixin.py:150} INFO - [2023-07-21T17:26:10.481+0000] {dagbag.py:541} INFO - Filling up the DagBag from /opt/airflow/dags/dino_simple_dag.py
[2023-07-21T17:26:10.488+0000] {processor.py:836} INFO - DAG(s) dict_keys(['simple_example']) retrieved from /opt/airflow/dags/dino_simple_dag.py
[2023-07-21T17:26:10.508+0000] {logging_mixin.py:150} INFO - [2023-07-21T17:26:10.508+0000] {dag.py:2742} INFO - Sync 1 DAGs
[2023-07-21T17:26:10.527+0000] {logging_mixin.py:150} INFO - [2023-07-21T17:26:10.527+0000] {dag.py:3508} INFO - Setting next_dagrun for simple_example to 2023-07-17T00:46:15+00:00, run_after=2023-07-17T00:46:20+00:00
[2023-07-21T17:26:10.541+0000] {processor.py:179} INFO - Processing /opt/airflow/dags/dino_simple_dag.py took 0.064 seconds
[2023-07-21T17:26:40.698+0000] {processor.py:157} INFO - Started process (PID=4729) to work on /opt/airflow/dags/dino_simple_dag.py
[2023-07-21T17:26:40.699+0000] {processor.py:826} INFO - Processing file /opt/airflow/dags/dino_simple_dag.py for tasks to queue
[2023-07-21T17:26:40.700+0000] {logging_mixin.py:150} INFO - [2023-07-21T17:26:40.700+0000] {dagbag.py:541} INFO - Filling up the DagBag from /opt/airflow/dags/dino_simple_dag.py
[2023-07-21T17:26:40.707+0000] {processor.py:836} INFO - DAG(s) dict_keys(['simple_example']) retrieved from /opt/airflow/dags/dino_simple_dag.py
[2023-07-21T17:26:40.727+0000] {logging_mixin.py:150} INFO - [2023-07-21T17:26:40.727+0000] {dag.py:2742} INFO - Sync 1 DAGs
[2023-07-21T17:26:40.746+0000] {logging_mixin.py:150} INFO - [2023-07-21T17:26:40.746+0000] {dag.py:3508} INFO - Setting next_dagrun for simple_example to 2023-07-17T00:46:15+00:00, run_after=2023-07-17T00:46:20+00:00
[2023-07-21T17:26:40.759+0000] {processor.py:179} INFO - Processing /opt/airflow/dags/dino_simple_dag.py took 0.064 seconds
[2023-07-21T17:27:10.993+0000] {processor.py:157} INFO - Started process (PID=4789) to work on /opt/airflow/dags/dino_simple_dag.py
[2023-07-21T17:27:10.994+0000] {processor.py:826} INFO - Processing file /opt/airflow/dags/dino_simple_dag.py for tasks to queue
[2023-07-21T17:27:10.995+0000] {logging_mixin.py:150} INFO - [2023-07-21T17:27:10.995+0000] {dagbag.py:541} INFO - Filling up the DagBag from /opt/airflow/dags/dino_simple_dag.py
[2023-07-21T17:27:11.002+0000] {processor.py:836} INFO - DAG(s) dict_keys(['simple_example']) retrieved from /opt/airflow/dags/dino_simple_dag.py
[2023-07-21T17:27:11.022+0000] {logging_mixin.py:150} INFO - [2023-07-21T17:27:11.022+0000] {dag.py:2742} INFO - Sync 1 DAGs
[2023-07-21T17:27:11.041+0000] {logging_mixin.py:150} INFO - [2023-07-21T17:27:11.041+0000] {dag.py:3508} INFO - Setting next_dagrun for simple_example to 2023-07-17T00:46:15+00:00, run_after=2023-07-17T00:46:20+00:00
[2023-07-21T17:27:11.054+0000] {processor.py:179} INFO - Processing /opt/airflow/dags/dino_simple_dag.py took 0.064 seconds
[2023-07-21T18:44:54.688+0000] {processor.py:157} INFO - Started process (PID=4848) to work on /opt/airflow/dags/dino_simple_dag.py
[2023-07-21T18:44:54.696+0000] {processor.py:826} INFO - Processing file /opt/airflow/dags/dino_simple_dag.py for tasks to queue
[2023-07-21T18:44:54.697+0000] {logging_mixin.py:150} INFO - [2023-07-21T18:44:54.697+0000] {dagbag.py:541} INFO - Filling up the DagBag from /opt/airflow/dags/dino_simple_dag.py
[2023-07-21T18:44:54.718+0000] {processor.py:836} INFO - DAG(s) dict_keys(['simple_example']) retrieved from /opt/airflow/dags/dino_simple_dag.py
[2023-07-21T18:44:54.755+0000] {logging_mixin.py:150} INFO - [2023-07-21T18:44:54.755+0000] {dag.py:2742} INFO - Sync 1 DAGs
[2023-07-21T18:44:54.790+0000] {logging_mixin.py:150} INFO - [2023-07-21T18:44:54.790+0000] {dag.py:3508} INFO - Setting next_dagrun for simple_example to 2023-07-17T00:46:15+00:00, run_after=2023-07-17T00:46:20+00:00
[2023-07-21T18:44:54.819+0000] {processor.py:179} INFO - Processing /opt/airflow/dags/dino_simple_dag.py took 0.139 seconds
[2023-07-21T20:10:35.856+0000] {processor.py:157} INFO - Started process (PID=4908) to work on /opt/airflow/dags/dino_simple_dag.py
[2023-07-21T20:10:35.860+0000] {processor.py:826} INFO - Processing file /opt/airflow/dags/dino_simple_dag.py for tasks to queue
[2023-07-21T20:10:35.862+0000] {logging_mixin.py:150} INFO - [2023-07-21T20:10:35.862+0000] {dagbag.py:541} INFO - Filling up the DagBag from /opt/airflow/dags/dino_simple_dag.py
[2023-07-21T20:10:35.880+0000] {processor.py:836} INFO - DAG(s) dict_keys(['simple_example']) retrieved from /opt/airflow/dags/dino_simple_dag.py
[2023-07-21T20:10:35.919+0000] {logging_mixin.py:150} INFO - [2023-07-21T20:10:35.919+0000] {dag.py:2742} INFO - Sync 1 DAGs
[2023-07-21T20:10:35.950+0000] {logging_mixin.py:150} INFO - [2023-07-21T20:10:35.949+0000] {dag.py:3508} INFO - Setting next_dagrun for simple_example to 2023-07-17T00:46:15+00:00, run_after=2023-07-17T00:46:20+00:00
[2023-07-21T20:10:35.971+0000] {processor.py:179} INFO - Processing /opt/airflow/dags/dino_simple_dag.py took 0.121 seconds
[2023-07-21T21:54:34.499+0000] {processor.py:157} INFO - Started process (PID=4968) to work on /opt/airflow/dags/dino_simple_dag.py
[2023-07-21T21:54:34.500+0000] {processor.py:826} INFO - Processing file /opt/airflow/dags/dino_simple_dag.py for tasks to queue
[2023-07-21T21:54:34.501+0000] {logging_mixin.py:150} INFO - [2023-07-21T21:54:34.500+0000] {dagbag.py:541} INFO - Filling up the DagBag from /opt/airflow/dags/dino_simple_dag.py
[2023-07-21T21:54:34.508+0000] {processor.py:836} INFO - DAG(s) dict_keys(['simple_example']) retrieved from /opt/airflow/dags/dino_simple_dag.py
[2023-07-21T21:54:34.528+0000] {logging_mixin.py:150} INFO - [2023-07-21T21:54:34.528+0000] {dag.py:2742} INFO - Sync 1 DAGs
[2023-07-21T21:54:34.546+0000] {logging_mixin.py:150} INFO - [2023-07-21T21:54:34.546+0000] {dag.py:3508} INFO - Setting next_dagrun for simple_example to 2023-07-17T00:46:15+00:00, run_after=2023-07-17T00:46:20+00:00
[2023-07-21T21:54:34.558+0000] {processor.py:179} INFO - Processing /opt/airflow/dags/dino_simple_dag.py took 0.062 seconds
[2023-07-21T23:25:58.003+0000] {processor.py:157} INFO - Started process (PID=5028) to work on /opt/airflow/dags/dino_simple_dag.py
[2023-07-21T23:25:58.008+0000] {processor.py:826} INFO - Processing file /opt/airflow/dags/dino_simple_dag.py for tasks to queue
[2023-07-21T23:25:58.009+0000] {logging_mixin.py:150} INFO - [2023-07-21T23:25:58.009+0000] {dagbag.py:541} INFO - Filling up the DagBag from /opt/airflow/dags/dino_simple_dag.py
[2023-07-21T23:25:58.028+0000] {processor.py:836} INFO - DAG(s) dict_keys(['simple_example']) retrieved from /opt/airflow/dags/dino_simple_dag.py
[2023-07-21T23:25:58.068+0000] {logging_mixin.py:150} INFO - [2023-07-21T23:25:58.068+0000] {dag.py:2742} INFO - Sync 1 DAGs
[2023-07-21T23:25:58.098+0000] {logging_mixin.py:150} INFO - [2023-07-21T23:25:58.098+0000] {dag.py:3508} INFO - Setting next_dagrun for simple_example to 2023-07-17T00:46:15+00:00, run_after=2023-07-17T00:46:20+00:00
[2023-07-21T23:25:58.120+0000] {processor.py:179} INFO - Processing /opt/airflow/dags/dino_simple_dag.py took 0.121 seconds
