[2023-07-21T16:46:45.813+0000] {processor.py:157} INFO - Started process (PID=32) to work on /opt/airflow/dags/my_first_dag.py
[2023-07-21T16:46:45.817+0000] {processor.py:826} INFO - Processing file /opt/airflow/dags/my_first_dag.py for tasks to queue
[2023-07-21T16:46:45.819+0000] {logging_mixin.py:150} INFO - [2023-07-21T16:46:45.818+0000] {dagbag.py:541} INFO - Filling up the DagBag from /opt/airflow/dags/my_first_dag.py
[2023-07-21T16:46:45.843+0000] {processor.py:836} INFO - DAG(s) dict_keys(['my-first-dag']) retrieved from /opt/airflow/dags/my_first_dag.py
[2023-07-21T16:46:46.262+0000] {logging_mixin.py:150} INFO - [2023-07-21T16:46:46.262+0000] {dag.py:2742} INFO - Sync 1 DAGs
[2023-07-21T16:46:46.288+0000] {logging_mixin.py:150} INFO - [2023-07-21T16:46:46.288+0000] {dag.py:3508} INFO - Setting next_dagrun for my-first-dag to 2023-07-21T00:00:00+00:00, run_after=2023-07-22T00:00:00+00:00
[2023-07-21T16:46:46.317+0000] {processor.py:179} INFO - Processing /opt/airflow/dags/my_first_dag.py took 0.520 seconds
[2023-07-21T16:47:17.208+0000] {processor.py:157} INFO - Started process (PID=98) to work on /opt/airflow/dags/my_first_dag.py
[2023-07-21T16:47:17.209+0000] {processor.py:826} INFO - Processing file /opt/airflow/dags/my_first_dag.py for tasks to queue
[2023-07-21T16:47:17.210+0000] {logging_mixin.py:150} INFO - [2023-07-21T16:47:17.210+0000] {dagbag.py:541} INFO - Filling up the DagBag from /opt/airflow/dags/my_first_dag.py
[2023-07-21T16:47:17.217+0000] {processor.py:836} INFO - DAG(s) dict_keys(['my-first-dag']) retrieved from /opt/airflow/dags/my_first_dag.py
[2023-07-21T16:47:17.237+0000] {logging_mixin.py:150} INFO - [2023-07-21T16:47:17.237+0000] {dag.py:2742} INFO - Sync 1 DAGs
[2023-07-21T16:47:17.256+0000] {logging_mixin.py:150} INFO - [2023-07-21T16:47:17.256+0000] {dag.py:3508} INFO - Setting next_dagrun for my-first-dag to 2023-07-21T00:00:00+00:00, run_after=2023-07-22T00:00:00+00:00
[2023-07-21T16:47:17.270+0000] {processor.py:179} INFO - Processing /opt/airflow/dags/my_first_dag.py took 0.065 seconds
[2023-07-21T16:47:47.738+0000] {processor.py:157} INFO - Started process (PID=158) to work on /opt/airflow/dags/my_first_dag.py
[2023-07-21T16:47:47.740+0000] {processor.py:826} INFO - Processing file /opt/airflow/dags/my_first_dag.py for tasks to queue
[2023-07-21T16:47:47.741+0000] {logging_mixin.py:150} INFO - [2023-07-21T16:47:47.741+0000] {dagbag.py:541} INFO - Filling up the DagBag from /opt/airflow/dags/my_first_dag.py
[2023-07-21T16:47:47.748+0000] {processor.py:836} INFO - DAG(s) dict_keys(['my-first-dag']) retrieved from /opt/airflow/dags/my_first_dag.py
[2023-07-21T16:47:47.768+0000] {logging_mixin.py:150} INFO - [2023-07-21T16:47:47.768+0000] {dag.py:2742} INFO - Sync 1 DAGs
[2023-07-21T16:47:47.787+0000] {logging_mixin.py:150} INFO - [2023-07-21T16:47:47.787+0000] {dag.py:3508} INFO - Setting next_dagrun for my-first-dag to 2023-07-21T00:00:00+00:00, run_after=2023-07-22T00:00:00+00:00
[2023-07-21T16:47:47.801+0000] {processor.py:179} INFO - Processing /opt/airflow/dags/my_first_dag.py took 0.065 seconds
[2023-07-21T16:48:18.327+0000] {processor.py:157} INFO - Started process (PID=218) to work on /opt/airflow/dags/my_first_dag.py
[2023-07-21T16:48:18.328+0000] {processor.py:826} INFO - Processing file /opt/airflow/dags/my_first_dag.py for tasks to queue
[2023-07-21T16:48:18.329+0000] {logging_mixin.py:150} INFO - [2023-07-21T16:48:18.329+0000] {dagbag.py:541} INFO - Filling up the DagBag from /opt/airflow/dags/my_first_dag.py
[2023-07-21T16:48:18.336+0000] {processor.py:836} INFO - DAG(s) dict_keys(['my-first-dag']) retrieved from /opt/airflow/dags/my_first_dag.py
[2023-07-21T16:48:18.356+0000] {logging_mixin.py:150} INFO - [2023-07-21T16:48:18.356+0000] {dag.py:2742} INFO - Sync 1 DAGs
[2023-07-21T16:48:18.374+0000] {logging_mixin.py:150} INFO - [2023-07-21T16:48:18.374+0000] {dag.py:3508} INFO - Setting next_dagrun for my-first-dag to 2023-07-21T00:00:00+00:00, run_after=2023-07-22T00:00:00+00:00
[2023-07-21T16:48:18.387+0000] {processor.py:179} INFO - Processing /opt/airflow/dags/my_first_dag.py took 0.063 seconds
[2023-07-21T16:48:49.002+0000] {processor.py:157} INFO - Started process (PID=278) to work on /opt/airflow/dags/my_first_dag.py
[2023-07-21T16:48:49.004+0000] {processor.py:826} INFO - Processing file /opt/airflow/dags/my_first_dag.py for tasks to queue
[2023-07-21T16:48:49.005+0000] {logging_mixin.py:150} INFO - [2023-07-21T16:48:49.004+0000] {dagbag.py:541} INFO - Filling up the DagBag from /opt/airflow/dags/my_first_dag.py
[2023-07-21T16:48:49.012+0000] {processor.py:836} INFO - DAG(s) dict_keys(['my-first-dag']) retrieved from /opt/airflow/dags/my_first_dag.py
[2023-07-21T16:48:49.031+0000] {logging_mixin.py:150} INFO - [2023-07-21T16:48:49.031+0000] {dag.py:2742} INFO - Sync 1 DAGs
[2023-07-21T16:48:49.050+0000] {logging_mixin.py:150} INFO - [2023-07-21T16:48:49.050+0000] {dag.py:3508} INFO - Setting next_dagrun for my-first-dag to 2023-07-21T00:00:00+00:00, run_after=2023-07-22T00:00:00+00:00
[2023-07-21T16:48:49.063+0000] {processor.py:179} INFO - Processing /opt/airflow/dags/my_first_dag.py took 0.064 seconds
[2023-07-21T16:49:19.685+0000] {processor.py:157} INFO - Started process (PID=338) to work on /opt/airflow/dags/my_first_dag.py
[2023-07-21T16:49:19.686+0000] {processor.py:826} INFO - Processing file /opt/airflow/dags/my_first_dag.py for tasks to queue
[2023-07-21T16:49:19.687+0000] {logging_mixin.py:150} INFO - [2023-07-21T16:49:19.687+0000] {dagbag.py:541} INFO - Filling up the DagBag from /opt/airflow/dags/my_first_dag.py
[2023-07-21T16:49:19.694+0000] {processor.py:836} INFO - DAG(s) dict_keys(['my-first-dag']) retrieved from /opt/airflow/dags/my_first_dag.py
[2023-07-21T16:49:19.713+0000] {logging_mixin.py:150} INFO - [2023-07-21T16:49:19.713+0000] {dag.py:2742} INFO - Sync 1 DAGs
[2023-07-21T16:49:19.732+0000] {logging_mixin.py:150} INFO - [2023-07-21T16:49:19.732+0000] {dag.py:3508} INFO - Setting next_dagrun for my-first-dag to 2023-07-21T00:00:00+00:00, run_after=2023-07-22T00:00:00+00:00
[2023-07-21T16:49:19.746+0000] {processor.py:179} INFO - Processing /opt/airflow/dags/my_first_dag.py took 0.064 seconds
[2023-07-21T16:49:50.408+0000] {processor.py:157} INFO - Started process (PID=398) to work on /opt/airflow/dags/my_first_dag.py
[2023-07-21T16:49:50.409+0000] {processor.py:826} INFO - Processing file /opt/airflow/dags/my_first_dag.py for tasks to queue
[2023-07-21T16:49:50.410+0000] {logging_mixin.py:150} INFO - [2023-07-21T16:49:50.410+0000] {dagbag.py:541} INFO - Filling up the DagBag from /opt/airflow/dags/my_first_dag.py
[2023-07-21T16:49:50.419+0000] {processor.py:836} INFO - DAG(s) dict_keys(['my-first-dag']) retrieved from /opt/airflow/dags/my_first_dag.py
[2023-07-21T16:49:50.440+0000] {logging_mixin.py:150} INFO - [2023-07-21T16:49:50.440+0000] {dag.py:2742} INFO - Sync 1 DAGs
[2023-07-21T16:49:50.459+0000] {logging_mixin.py:150} INFO - [2023-07-21T16:49:50.459+0000] {dag.py:3508} INFO - Setting next_dagrun for my-first-dag to 2023-07-21T00:00:00+00:00, run_after=2023-07-22T00:00:00+00:00
[2023-07-21T16:49:50.473+0000] {processor.py:179} INFO - Processing /opt/airflow/dags/my_first_dag.py took 0.068 seconds
[2023-07-21T16:50:20.970+0000] {processor.py:157} INFO - Started process (PID=458) to work on /opt/airflow/dags/my_first_dag.py
[2023-07-21T16:50:20.973+0000] {processor.py:826} INFO - Processing file /opt/airflow/dags/my_first_dag.py for tasks to queue
[2023-07-21T16:50:20.974+0000] {logging_mixin.py:150} INFO - [2023-07-21T16:50:20.974+0000] {dagbag.py:541} INFO - Filling up the DagBag from /opt/airflow/dags/my_first_dag.py
[2023-07-21T16:50:20.982+0000] {processor.py:836} INFO - DAG(s) dict_keys(['my-first-dag']) retrieved from /opt/airflow/dags/my_first_dag.py
[2023-07-21T16:50:21.002+0000] {logging_mixin.py:150} INFO - [2023-07-21T16:50:21.002+0000] {dag.py:2742} INFO - Sync 1 DAGs
[2023-07-21T16:50:21.022+0000] {logging_mixin.py:150} INFO - [2023-07-21T16:50:21.022+0000] {dag.py:3508} INFO - Setting next_dagrun for my-first-dag to 2023-07-21T00:00:00+00:00, run_after=2023-07-22T00:00:00+00:00
[2023-07-21T16:50:21.035+0000] {processor.py:179} INFO - Processing /opt/airflow/dags/my_first_dag.py took 0.068 seconds
[2023-07-21T16:50:51.535+0000] {processor.py:157} INFO - Started process (PID=518) to work on /opt/airflow/dags/my_first_dag.py
[2023-07-21T16:50:51.536+0000] {processor.py:826} INFO - Processing file /opt/airflow/dags/my_first_dag.py for tasks to queue
[2023-07-21T16:50:51.542+0000] {logging_mixin.py:150} INFO - [2023-07-21T16:50:51.542+0000] {dagbag.py:541} INFO - Filling up the DagBag from /opt/airflow/dags/my_first_dag.py
[2023-07-21T16:50:51.549+0000] {processor.py:836} INFO - DAG(s) dict_keys(['my-first-dag']) retrieved from /opt/airflow/dags/my_first_dag.py
[2023-07-21T16:50:51.568+0000] {logging_mixin.py:150} INFO - [2023-07-21T16:50:51.568+0000] {dag.py:2742} INFO - Sync 1 DAGs
[2023-07-21T16:50:51.587+0000] {logging_mixin.py:150} INFO - [2023-07-21T16:50:51.587+0000] {dag.py:3508} INFO - Setting next_dagrun for my-first-dag to 2023-07-21T00:00:00+00:00, run_after=2023-07-22T00:00:00+00:00
[2023-07-21T16:50:51.600+0000] {processor.py:179} INFO - Processing /opt/airflow/dags/my_first_dag.py took 0.068 seconds
[2023-07-21T16:51:22.287+0000] {processor.py:157} INFO - Started process (PID=579) to work on /opt/airflow/dags/my_first_dag.py
[2023-07-21T16:51:22.288+0000] {processor.py:826} INFO - Processing file /opt/airflow/dags/my_first_dag.py for tasks to queue
[2023-07-21T16:51:22.289+0000] {logging_mixin.py:150} INFO - [2023-07-21T16:51:22.289+0000] {dagbag.py:541} INFO - Filling up the DagBag from /opt/airflow/dags/my_first_dag.py
[2023-07-21T16:51:22.296+0000] {processor.py:836} INFO - DAG(s) dict_keys(['my-first-dag']) retrieved from /opt/airflow/dags/my_first_dag.py
[2023-07-21T16:51:22.315+0000] {logging_mixin.py:150} INFO - [2023-07-21T16:51:22.315+0000] {dag.py:2742} INFO - Sync 1 DAGs
[2023-07-21T16:51:22.333+0000] {logging_mixin.py:150} INFO - [2023-07-21T16:51:22.333+0000] {dag.py:3508} INFO - Setting next_dagrun for my-first-dag to 2023-07-21T00:00:00+00:00, run_after=2023-07-22T00:00:00+00:00
[2023-07-21T16:51:22.346+0000] {processor.py:179} INFO - Processing /opt/airflow/dags/my_first_dag.py took 0.061 seconds
[2023-07-21T16:51:52.884+0000] {processor.py:157} INFO - Started process (PID=639) to work on /opt/airflow/dags/my_first_dag.py
[2023-07-21T16:51:52.886+0000] {processor.py:826} INFO - Processing file /opt/airflow/dags/my_first_dag.py for tasks to queue
[2023-07-21T16:51:52.887+0000] {logging_mixin.py:150} INFO - [2023-07-21T16:51:52.887+0000] {dagbag.py:541} INFO - Filling up the DagBag from /opt/airflow/dags/my_first_dag.py
[2023-07-21T16:51:52.898+0000] {processor.py:836} INFO - DAG(s) dict_keys(['my-first-dag']) retrieved from /opt/airflow/dags/my_first_dag.py
[2023-07-21T16:51:52.922+0000] {logging_mixin.py:150} INFO - [2023-07-21T16:51:52.920+0000] {dag.py:2742} INFO - Sync 1 DAGs
[2023-07-21T16:51:52.945+0000] {logging_mixin.py:150} INFO - [2023-07-21T16:51:52.945+0000] {dag.py:3508} INFO - Setting next_dagrun for my-first-dag to 2023-07-21T00:00:00+00:00, run_after=2023-07-22T00:00:00+00:00
[2023-07-21T16:51:52.963+0000] {processor.py:179} INFO - Processing /opt/airflow/dags/my_first_dag.py took 0.085 seconds
[2023-07-21T16:52:23.485+0000] {processor.py:157} INFO - Started process (PID=699) to work on /opt/airflow/dags/my_first_dag.py
[2023-07-21T16:52:23.486+0000] {processor.py:826} INFO - Processing file /opt/airflow/dags/my_first_dag.py for tasks to queue
[2023-07-21T16:52:23.487+0000] {logging_mixin.py:150} INFO - [2023-07-21T16:52:23.487+0000] {dagbag.py:541} INFO - Filling up the DagBag from /opt/airflow/dags/my_first_dag.py
[2023-07-21T16:52:23.495+0000] {processor.py:836} INFO - DAG(s) dict_keys(['my-first-dag']) retrieved from /opt/airflow/dags/my_first_dag.py
[2023-07-21T16:52:23.516+0000] {logging_mixin.py:150} INFO - [2023-07-21T16:52:23.515+0000] {dag.py:2742} INFO - Sync 1 DAGs
[2023-07-21T16:52:23.534+0000] {logging_mixin.py:150} INFO - [2023-07-21T16:52:23.534+0000] {dag.py:3508} INFO - Setting next_dagrun for my-first-dag to 2023-07-21T00:00:00+00:00, run_after=2023-07-22T00:00:00+00:00
[2023-07-21T16:52:23.547+0000] {processor.py:179} INFO - Processing /opt/airflow/dags/my_first_dag.py took 0.065 seconds
[2023-07-21T16:52:54.244+0000] {processor.py:157} INFO - Started process (PID=759) to work on /opt/airflow/dags/my_first_dag.py
[2023-07-21T16:52:54.245+0000] {processor.py:826} INFO - Processing file /opt/airflow/dags/my_first_dag.py for tasks to queue
[2023-07-21T16:52:54.246+0000] {logging_mixin.py:150} INFO - [2023-07-21T16:52:54.246+0000] {dagbag.py:541} INFO - Filling up the DagBag from /opt/airflow/dags/my_first_dag.py
[2023-07-21T16:52:54.253+0000] {processor.py:836} INFO - DAG(s) dict_keys(['my-first-dag']) retrieved from /opt/airflow/dags/my_first_dag.py
[2023-07-21T16:52:54.273+0000] {logging_mixin.py:150} INFO - [2023-07-21T16:52:54.273+0000] {dag.py:2742} INFO - Sync 1 DAGs
[2023-07-21T16:52:54.291+0000] {logging_mixin.py:150} INFO - [2023-07-21T16:52:54.291+0000] {dag.py:3508} INFO - Setting next_dagrun for my-first-dag to 2023-07-21T00:00:00+00:00, run_after=2023-07-22T00:00:00+00:00
[2023-07-21T16:52:54.305+0000] {processor.py:179} INFO - Processing /opt/airflow/dags/my_first_dag.py took 0.064 seconds
[2023-07-21T16:53:24.981+0000] {processor.py:157} INFO - Started process (PID=819) to work on /opt/airflow/dags/my_first_dag.py
[2023-07-21T16:53:24.982+0000] {processor.py:826} INFO - Processing file /opt/airflow/dags/my_first_dag.py for tasks to queue
[2023-07-21T16:53:24.983+0000] {logging_mixin.py:150} INFO - [2023-07-21T16:53:24.983+0000] {dagbag.py:541} INFO - Filling up the DagBag from /opt/airflow/dags/my_first_dag.py
[2023-07-21T16:53:24.991+0000] {processor.py:836} INFO - DAG(s) dict_keys(['my-first-dag']) retrieved from /opt/airflow/dags/my_first_dag.py
[2023-07-21T16:53:25.010+0000] {logging_mixin.py:150} INFO - [2023-07-21T16:53:25.010+0000] {dag.py:2742} INFO - Sync 1 DAGs
[2023-07-21T16:53:25.028+0000] {logging_mixin.py:150} INFO - [2023-07-21T16:53:25.028+0000] {dag.py:3508} INFO - Setting next_dagrun for my-first-dag to 2023-07-21T00:00:00+00:00, run_after=2023-07-22T00:00:00+00:00
[2023-07-21T16:53:25.040+0000] {processor.py:179} INFO - Processing /opt/airflow/dags/my_first_dag.py took 0.063 seconds
[2023-07-21T16:53:55.814+0000] {processor.py:157} INFO - Started process (PID=879) to work on /opt/airflow/dags/my_first_dag.py
[2023-07-21T16:53:55.815+0000] {processor.py:826} INFO - Processing file /opt/airflow/dags/my_first_dag.py for tasks to queue
[2023-07-21T16:53:55.816+0000] {logging_mixin.py:150} INFO - [2023-07-21T16:53:55.816+0000] {dagbag.py:541} INFO - Filling up the DagBag from /opt/airflow/dags/my_first_dag.py
[2023-07-21T16:53:55.823+0000] {processor.py:836} INFO - DAG(s) dict_keys(['my-first-dag']) retrieved from /opt/airflow/dags/my_first_dag.py
[2023-07-21T16:53:55.843+0000] {logging_mixin.py:150} INFO - [2023-07-21T16:53:55.843+0000] {dag.py:2742} INFO - Sync 1 DAGs
[2023-07-21T16:53:55.862+0000] {logging_mixin.py:150} INFO - [2023-07-21T16:53:55.862+0000] {dag.py:3508} INFO - Setting next_dagrun for my-first-dag to 2023-07-21T00:00:00+00:00, run_after=2023-07-22T00:00:00+00:00
[2023-07-21T16:53:55.876+0000] {processor.py:179} INFO - Processing /opt/airflow/dags/my_first_dag.py took 0.065 seconds
[2023-07-21T16:54:26.442+0000] {processor.py:157} INFO - Started process (PID=939) to work on /opt/airflow/dags/my_first_dag.py
[2023-07-21T16:54:26.444+0000] {processor.py:826} INFO - Processing file /opt/airflow/dags/my_first_dag.py for tasks to queue
[2023-07-21T16:54:26.445+0000] {logging_mixin.py:150} INFO - [2023-07-21T16:54:26.445+0000] {dagbag.py:541} INFO - Filling up the DagBag from /opt/airflow/dags/my_first_dag.py
[2023-07-21T16:54:26.452+0000] {processor.py:836} INFO - DAG(s) dict_keys(['my-first-dag']) retrieved from /opt/airflow/dags/my_first_dag.py
[2023-07-21T16:54:26.473+0000] {logging_mixin.py:150} INFO - [2023-07-21T16:54:26.473+0000] {dag.py:2742} INFO - Sync 1 DAGs
[2023-07-21T16:54:26.492+0000] {logging_mixin.py:150} INFO - [2023-07-21T16:54:26.492+0000] {dag.py:3508} INFO - Setting next_dagrun for my-first-dag to 2023-07-21T00:00:00+00:00, run_after=2023-07-22T00:00:00+00:00
[2023-07-21T16:54:26.507+0000] {processor.py:179} INFO - Processing /opt/airflow/dags/my_first_dag.py took 0.067 seconds
[2023-07-21T16:54:56.981+0000] {processor.py:157} INFO - Started process (PID=999) to work on /opt/airflow/dags/my_first_dag.py
[2023-07-21T16:54:56.982+0000] {processor.py:826} INFO - Processing file /opt/airflow/dags/my_first_dag.py for tasks to queue
[2023-07-21T16:54:56.984+0000] {logging_mixin.py:150} INFO - [2023-07-21T16:54:56.984+0000] {dagbag.py:541} INFO - Filling up the DagBag from /opt/airflow/dags/my_first_dag.py
[2023-07-21T16:54:56.993+0000] {processor.py:836} INFO - DAG(s) dict_keys(['my-first-dag']) retrieved from /opt/airflow/dags/my_first_dag.py
[2023-07-21T16:54:57.018+0000] {logging_mixin.py:150} INFO - [2023-07-21T16:54:57.017+0000] {dag.py:2742} INFO - Sync 1 DAGs
[2023-07-21T16:54:57.039+0000] {logging_mixin.py:150} INFO - [2023-07-21T16:54:57.039+0000] {dag.py:3508} INFO - Setting next_dagrun for my-first-dag to 2023-07-21T00:00:00+00:00, run_after=2023-07-22T00:00:00+00:00
[2023-07-21T16:54:57.056+0000] {processor.py:179} INFO - Processing /opt/airflow/dags/my_first_dag.py took 0.078 seconds
[2023-07-21T16:55:27.828+0000] {processor.py:157} INFO - Started process (PID=1059) to work on /opt/airflow/dags/my_first_dag.py
[2023-07-21T16:55:27.830+0000] {processor.py:826} INFO - Processing file /opt/airflow/dags/my_first_dag.py for tasks to queue
[2023-07-21T16:55:27.831+0000] {logging_mixin.py:150} INFO - [2023-07-21T16:55:27.831+0000] {dagbag.py:541} INFO - Filling up the DagBag from /opt/airflow/dags/my_first_dag.py
[2023-07-21T16:55:27.839+0000] {processor.py:836} INFO - DAG(s) dict_keys(['my-first-dag']) retrieved from /opt/airflow/dags/my_first_dag.py
[2023-07-21T16:55:27.858+0000] {logging_mixin.py:150} INFO - [2023-07-21T16:55:27.858+0000] {dag.py:2742} INFO - Sync 1 DAGs
[2023-07-21T16:55:27.878+0000] {logging_mixin.py:150} INFO - [2023-07-21T16:55:27.878+0000] {dag.py:3508} INFO - Setting next_dagrun for my-first-dag to 2023-07-21T00:00:00+00:00, run_after=2023-07-22T00:00:00+00:00
[2023-07-21T16:55:27.892+0000] {processor.py:179} INFO - Processing /opt/airflow/dags/my_first_dag.py took 0.068 seconds
[2023-07-21T16:55:58.800+0000] {processor.py:157} INFO - Started process (PID=1119) to work on /opt/airflow/dags/my_first_dag.py
[2023-07-21T16:55:58.802+0000] {processor.py:826} INFO - Processing file /opt/airflow/dags/my_first_dag.py for tasks to queue
[2023-07-21T16:55:58.803+0000] {logging_mixin.py:150} INFO - [2023-07-21T16:55:58.803+0000] {dagbag.py:541} INFO - Filling up the DagBag from /opt/airflow/dags/my_first_dag.py
[2023-07-21T16:55:58.811+0000] {processor.py:836} INFO - DAG(s) dict_keys(['my-first-dag']) retrieved from /opt/airflow/dags/my_first_dag.py
[2023-07-21T16:55:58.831+0000] {logging_mixin.py:150} INFO - [2023-07-21T16:55:58.830+0000] {dag.py:2742} INFO - Sync 1 DAGs
[2023-07-21T16:55:58.849+0000] {logging_mixin.py:150} INFO - [2023-07-21T16:55:58.849+0000] {dag.py:3508} INFO - Setting next_dagrun for my-first-dag to 2023-07-21T00:00:00+00:00, run_after=2023-07-22T00:00:00+00:00
[2023-07-21T16:55:58.863+0000] {processor.py:179} INFO - Processing /opt/airflow/dags/my_first_dag.py took 0.067 seconds
[2023-07-21T16:56:29.590+0000] {processor.py:157} INFO - Started process (PID=1179) to work on /opt/airflow/dags/my_first_dag.py
[2023-07-21T16:56:29.592+0000] {processor.py:826} INFO - Processing file /opt/airflow/dags/my_first_dag.py for tasks to queue
[2023-07-21T16:56:29.594+0000] {logging_mixin.py:150} INFO - [2023-07-21T16:56:29.593+0000] {dagbag.py:541} INFO - Filling up the DagBag from /opt/airflow/dags/my_first_dag.py
[2023-07-21T16:56:29.602+0000] {processor.py:836} INFO - DAG(s) dict_keys(['my-first-dag']) retrieved from /opt/airflow/dags/my_first_dag.py
[2023-07-21T16:56:29.621+0000] {logging_mixin.py:150} INFO - [2023-07-21T16:56:29.621+0000] {dag.py:2742} INFO - Sync 1 DAGs
[2023-07-21T16:56:29.640+0000] {logging_mixin.py:150} INFO - [2023-07-21T16:56:29.640+0000] {dag.py:3508} INFO - Setting next_dagrun for my-first-dag to 2023-07-21T00:00:00+00:00, run_after=2023-07-22T00:00:00+00:00
[2023-07-21T16:56:29.653+0000] {processor.py:179} INFO - Processing /opt/airflow/dags/my_first_dag.py took 0.069 seconds
[2023-07-21T16:57:00.607+0000] {processor.py:157} INFO - Started process (PID=1239) to work on /opt/airflow/dags/my_first_dag.py
[2023-07-21T16:57:00.609+0000] {processor.py:826} INFO - Processing file /opt/airflow/dags/my_first_dag.py for tasks to queue
[2023-07-21T16:57:00.610+0000] {logging_mixin.py:150} INFO - [2023-07-21T16:57:00.610+0000] {dagbag.py:541} INFO - Filling up the DagBag from /opt/airflow/dags/my_first_dag.py
[2023-07-21T16:57:00.618+0000] {processor.py:836} INFO - DAG(s) dict_keys(['my-first-dag']) retrieved from /opt/airflow/dags/my_first_dag.py
[2023-07-21T16:57:00.637+0000] {logging_mixin.py:150} INFO - [2023-07-21T16:57:00.637+0000] {dag.py:2742} INFO - Sync 1 DAGs
[2023-07-21T16:57:00.655+0000] {logging_mixin.py:150} INFO - [2023-07-21T16:57:00.655+0000] {dag.py:3508} INFO - Setting next_dagrun for my-first-dag to 2023-07-21T00:00:00+00:00, run_after=2023-07-22T00:00:00+00:00
[2023-07-21T16:57:00.667+0000] {processor.py:179} INFO - Processing /opt/airflow/dags/my_first_dag.py took 0.064 seconds
[2023-07-21T16:57:31.512+0000] {processor.py:157} INFO - Started process (PID=1299) to work on /opt/airflow/dags/my_first_dag.py
[2023-07-21T16:57:31.513+0000] {processor.py:826} INFO - Processing file /opt/airflow/dags/my_first_dag.py for tasks to queue
[2023-07-21T16:57:31.515+0000] {logging_mixin.py:150} INFO - [2023-07-21T16:57:31.514+0000] {dagbag.py:541} INFO - Filling up the DagBag from /opt/airflow/dags/my_first_dag.py
[2023-07-21T16:57:31.523+0000] {processor.py:836} INFO - DAG(s) dict_keys(['my-first-dag']) retrieved from /opt/airflow/dags/my_first_dag.py
[2023-07-21T16:57:31.543+0000] {logging_mixin.py:150} INFO - [2023-07-21T16:57:31.543+0000] {dag.py:2742} INFO - Sync 1 DAGs
[2023-07-21T16:57:31.562+0000] {logging_mixin.py:150} INFO - [2023-07-21T16:57:31.562+0000] {dag.py:3508} INFO - Setting next_dagrun for my-first-dag to 2023-07-21T00:00:00+00:00, run_after=2023-07-22T00:00:00+00:00
[2023-07-21T16:57:31.576+0000] {processor.py:179} INFO - Processing /opt/airflow/dags/my_first_dag.py took 0.069 seconds
[2023-07-21T16:58:02.359+0000] {processor.py:157} INFO - Started process (PID=1359) to work on /opt/airflow/dags/my_first_dag.py
[2023-07-21T16:58:02.360+0000] {processor.py:826} INFO - Processing file /opt/airflow/dags/my_first_dag.py for tasks to queue
[2023-07-21T16:58:02.361+0000] {logging_mixin.py:150} INFO - [2023-07-21T16:58:02.361+0000] {dagbag.py:541} INFO - Filling up the DagBag from /opt/airflow/dags/my_first_dag.py
[2023-07-21T16:58:02.370+0000] {processor.py:836} INFO - DAG(s) dict_keys(['my-first-dag']) retrieved from /opt/airflow/dags/my_first_dag.py
[2023-07-21T16:58:02.390+0000] {logging_mixin.py:150} INFO - [2023-07-21T16:58:02.390+0000] {dag.py:2742} INFO - Sync 1 DAGs
[2023-07-21T16:58:02.409+0000] {logging_mixin.py:150} INFO - [2023-07-21T16:58:02.409+0000] {dag.py:3508} INFO - Setting next_dagrun for my-first-dag to 2023-07-21T00:00:00+00:00, run_after=2023-07-22T00:00:00+00:00
[2023-07-21T16:58:02.422+0000] {processor.py:179} INFO - Processing /opt/airflow/dags/my_first_dag.py took 0.066 seconds
[2023-07-21T16:58:33.111+0000] {processor.py:157} INFO - Started process (PID=1419) to work on /opt/airflow/dags/my_first_dag.py
[2023-07-21T16:58:33.113+0000] {processor.py:826} INFO - Processing file /opt/airflow/dags/my_first_dag.py for tasks to queue
[2023-07-21T16:58:33.114+0000] {logging_mixin.py:150} INFO - [2023-07-21T16:58:33.114+0000] {dagbag.py:541} INFO - Filling up the DagBag from /opt/airflow/dags/my_first_dag.py
[2023-07-21T16:58:33.127+0000] {processor.py:836} INFO - DAG(s) dict_keys(['my-first-dag']) retrieved from /opt/airflow/dags/my_first_dag.py
[2023-07-21T16:58:33.147+0000] {logging_mixin.py:150} INFO - [2023-07-21T16:58:33.147+0000] {dag.py:2742} INFO - Sync 1 DAGs
[2023-07-21T16:58:33.166+0000] {logging_mixin.py:150} INFO - [2023-07-21T16:58:33.165+0000] {dag.py:3508} INFO - Setting next_dagrun for my-first-dag to 2023-07-21T00:00:00+00:00, run_after=2023-07-22T00:00:00+00:00
[2023-07-21T16:58:33.179+0000] {processor.py:179} INFO - Processing /opt/airflow/dags/my_first_dag.py took 0.073 seconds
[2023-07-21T16:59:04.093+0000] {processor.py:157} INFO - Started process (PID=1479) to work on /opt/airflow/dags/my_first_dag.py
[2023-07-21T16:59:04.094+0000] {processor.py:826} INFO - Processing file /opt/airflow/dags/my_first_dag.py for tasks to queue
[2023-07-21T16:59:04.095+0000] {logging_mixin.py:150} INFO - [2023-07-21T16:59:04.095+0000] {dagbag.py:541} INFO - Filling up the DagBag from /opt/airflow/dags/my_first_dag.py
[2023-07-21T16:59:04.103+0000] {processor.py:836} INFO - DAG(s) dict_keys(['my-first-dag']) retrieved from /opt/airflow/dags/my_first_dag.py
[2023-07-21T16:59:04.122+0000] {logging_mixin.py:150} INFO - [2023-07-21T16:59:04.122+0000] {dag.py:2742} INFO - Sync 1 DAGs
[2023-07-21T16:59:04.141+0000] {logging_mixin.py:150} INFO - [2023-07-21T16:59:04.141+0000] {dag.py:3508} INFO - Setting next_dagrun for my-first-dag to 2023-07-21T00:00:00+00:00, run_after=2023-07-22T00:00:00+00:00
[2023-07-21T16:59:04.154+0000] {processor.py:179} INFO - Processing /opt/airflow/dags/my_first_dag.py took 0.065 seconds
[2023-07-21T16:59:34.297+0000] {processor.py:157} INFO - Started process (PID=1539) to work on /opt/airflow/dags/my_first_dag.py
[2023-07-21T16:59:34.298+0000] {processor.py:826} INFO - Processing file /opt/airflow/dags/my_first_dag.py for tasks to queue
[2023-07-21T16:59:34.304+0000] {logging_mixin.py:150} INFO - [2023-07-21T16:59:34.303+0000] {dagbag.py:541} INFO - Filling up the DagBag from /opt/airflow/dags/my_first_dag.py
[2023-07-21T16:59:34.311+0000] {processor.py:836} INFO - DAG(s) dict_keys(['my-first-dag']) retrieved from /opt/airflow/dags/my_first_dag.py
[2023-07-21T16:59:34.331+0000] {logging_mixin.py:150} INFO - [2023-07-21T16:59:34.331+0000] {dag.py:2742} INFO - Sync 1 DAGs
[2023-07-21T16:59:34.350+0000] {logging_mixin.py:150} INFO - [2023-07-21T16:59:34.350+0000] {dag.py:3508} INFO - Setting next_dagrun for my-first-dag to 2023-07-21T00:00:00+00:00, run_after=2023-07-22T00:00:00+00:00
[2023-07-21T16:59:34.362+0000] {processor.py:179} INFO - Processing /opt/airflow/dags/my_first_dag.py took 0.072 seconds
[2023-07-21T17:00:05.138+0000] {processor.py:157} INFO - Started process (PID=1599) to work on /opt/airflow/dags/my_first_dag.py
[2023-07-21T17:00:05.139+0000] {processor.py:826} INFO - Processing file /opt/airflow/dags/my_first_dag.py for tasks to queue
[2023-07-21T17:00:05.141+0000] {logging_mixin.py:150} INFO - [2023-07-21T17:00:05.140+0000] {dagbag.py:541} INFO - Filling up the DagBag from /opt/airflow/dags/my_first_dag.py
[2023-07-21T17:00:05.149+0000] {processor.py:836} INFO - DAG(s) dict_keys(['my-first-dag']) retrieved from /opt/airflow/dags/my_first_dag.py
[2023-07-21T17:00:05.169+0000] {logging_mixin.py:150} INFO - [2023-07-21T17:00:05.168+0000] {dag.py:2742} INFO - Sync 1 DAGs
[2023-07-21T17:00:05.187+0000] {logging_mixin.py:150} INFO - [2023-07-21T17:00:05.187+0000] {dag.py:3508} INFO - Setting next_dagrun for my-first-dag to 2023-07-21T00:00:00+00:00, run_after=2023-07-22T00:00:00+00:00
[2023-07-21T17:00:05.199+0000] {processor.py:179} INFO - Processing /opt/airflow/dags/my_first_dag.py took 0.065 seconds
[2023-07-21T17:00:35.913+0000] {processor.py:157} INFO - Started process (PID=1658) to work on /opt/airflow/dags/my_first_dag.py
[2023-07-21T17:00:35.914+0000] {processor.py:826} INFO - Processing file /opt/airflow/dags/my_first_dag.py for tasks to queue
[2023-07-21T17:00:35.916+0000] {logging_mixin.py:150} INFO - [2023-07-21T17:00:35.915+0000] {dagbag.py:541} INFO - Filling up the DagBag from /opt/airflow/dags/my_first_dag.py
[2023-07-21T17:00:35.926+0000] {processor.py:836} INFO - DAG(s) dict_keys(['my-first-dag']) retrieved from /opt/airflow/dags/my_first_dag.py
[2023-07-21T17:00:35.948+0000] {logging_mixin.py:150} INFO - [2023-07-21T17:00:35.948+0000] {dag.py:2742} INFO - Sync 1 DAGs
[2023-07-21T17:00:35.968+0000] {logging_mixin.py:150} INFO - [2023-07-21T17:00:35.968+0000] {dag.py:3508} INFO - Setting next_dagrun for my-first-dag to 2023-07-21T00:00:00+00:00, run_after=2023-07-22T00:00:00+00:00
[2023-07-21T17:00:35.982+0000] {processor.py:179} INFO - Processing /opt/airflow/dags/my_first_dag.py took 0.071 seconds
[2023-07-21T17:01:06.800+0000] {processor.py:157} INFO - Started process (PID=1718) to work on /opt/airflow/dags/my_first_dag.py
[2023-07-21T17:01:06.801+0000] {processor.py:826} INFO - Processing file /opt/airflow/dags/my_first_dag.py for tasks to queue
[2023-07-21T17:01:06.802+0000] {logging_mixin.py:150} INFO - [2023-07-21T17:01:06.802+0000] {dagbag.py:541} INFO - Filling up the DagBag from /opt/airflow/dags/my_first_dag.py
[2023-07-21T17:01:06.809+0000] {processor.py:836} INFO - DAG(s) dict_keys(['my-first-dag']) retrieved from /opt/airflow/dags/my_first_dag.py
[2023-07-21T17:01:06.833+0000] {logging_mixin.py:150} INFO - [2023-07-21T17:01:06.833+0000] {dag.py:2742} INFO - Sync 1 DAGs
[2023-07-21T17:01:06.851+0000] {logging_mixin.py:150} INFO - [2023-07-21T17:01:06.851+0000] {dag.py:3508} INFO - Setting next_dagrun for my-first-dag to 2023-07-21T00:00:00+00:00, run_after=2023-07-22T00:00:00+00:00
[2023-07-21T17:01:06.864+0000] {processor.py:179} INFO - Processing /opt/airflow/dags/my_first_dag.py took 0.066 seconds
[2023-07-21T17:01:37.492+0000] {processor.py:157} INFO - Started process (PID=1778) to work on /opt/airflow/dags/my_first_dag.py
[2023-07-21T17:01:37.494+0000] {processor.py:826} INFO - Processing file /opt/airflow/dags/my_first_dag.py for tasks to queue
[2023-07-21T17:01:37.496+0000] {logging_mixin.py:150} INFO - [2023-07-21T17:01:37.496+0000] {dagbag.py:541} INFO - Filling up the DagBag from /opt/airflow/dags/my_first_dag.py
[2023-07-21T17:01:37.506+0000] {processor.py:836} INFO - DAG(s) dict_keys(['my-first-dag']) retrieved from /opt/airflow/dags/my_first_dag.py
[2023-07-21T17:01:37.526+0000] {logging_mixin.py:150} INFO - [2023-07-21T17:01:37.526+0000] {dag.py:2742} INFO - Sync 1 DAGs
[2023-07-21T17:01:37.543+0000] {logging_mixin.py:150} INFO - [2023-07-21T17:01:37.543+0000] {dag.py:3508} INFO - Setting next_dagrun for my-first-dag to 2023-07-21T00:00:00+00:00, run_after=2023-07-22T00:00:00+00:00
[2023-07-21T17:01:37.558+0000] {processor.py:179} INFO - Processing /opt/airflow/dags/my_first_dag.py took 0.070 seconds
[2023-07-21T17:02:08.277+0000] {processor.py:157} INFO - Started process (PID=1838) to work on /opt/airflow/dags/my_first_dag.py
[2023-07-21T17:02:08.278+0000] {processor.py:826} INFO - Processing file /opt/airflow/dags/my_first_dag.py for tasks to queue
[2023-07-21T17:02:08.280+0000] {logging_mixin.py:150} INFO - [2023-07-21T17:02:08.279+0000] {dagbag.py:541} INFO - Filling up the DagBag from /opt/airflow/dags/my_first_dag.py
[2023-07-21T17:02:08.290+0000] {processor.py:836} INFO - DAG(s) dict_keys(['my-first-dag']) retrieved from /opt/airflow/dags/my_first_dag.py
[2023-07-21T17:02:08.309+0000] {logging_mixin.py:150} INFO - [2023-07-21T17:02:08.309+0000] {dag.py:2742} INFO - Sync 1 DAGs
[2023-07-21T17:02:08.328+0000] {logging_mixin.py:150} INFO - [2023-07-21T17:02:08.328+0000] {dag.py:3508} INFO - Setting next_dagrun for my-first-dag to 2023-07-21T00:00:00+00:00, run_after=2023-07-22T00:00:00+00:00
[2023-07-21T17:02:08.342+0000] {processor.py:179} INFO - Processing /opt/airflow/dags/my_first_dag.py took 0.071 seconds
[2023-07-21T17:02:39.032+0000] {processor.py:157} INFO - Started process (PID=1898) to work on /opt/airflow/dags/my_first_dag.py
[2023-07-21T17:02:39.034+0000] {processor.py:826} INFO - Processing file /opt/airflow/dags/my_first_dag.py for tasks to queue
[2023-07-21T17:02:39.035+0000] {logging_mixin.py:150} INFO - [2023-07-21T17:02:39.035+0000] {dagbag.py:541} INFO - Filling up the DagBag from /opt/airflow/dags/my_first_dag.py
[2023-07-21T17:02:39.046+0000] {processor.py:836} INFO - DAG(s) dict_keys(['my-first-dag']) retrieved from /opt/airflow/dags/my_first_dag.py
[2023-07-21T17:02:39.067+0000] {logging_mixin.py:150} INFO - [2023-07-21T17:02:39.066+0000] {dag.py:2742} INFO - Sync 1 DAGs
[2023-07-21T17:02:39.085+0000] {logging_mixin.py:150} INFO - [2023-07-21T17:02:39.085+0000] {dag.py:3508} INFO - Setting next_dagrun for my-first-dag to 2023-07-21T00:00:00+00:00, run_after=2023-07-22T00:00:00+00:00
[2023-07-21T17:02:39.099+0000] {processor.py:179} INFO - Processing /opt/airflow/dags/my_first_dag.py took 0.072 seconds
[2023-07-21T17:03:09.698+0000] {processor.py:157} INFO - Started process (PID=1958) to work on /opt/airflow/dags/my_first_dag.py
[2023-07-21T17:03:09.699+0000] {processor.py:826} INFO - Processing file /opt/airflow/dags/my_first_dag.py for tasks to queue
[2023-07-21T17:03:09.700+0000] {logging_mixin.py:150} INFO - [2023-07-21T17:03:09.700+0000] {dagbag.py:541} INFO - Filling up the DagBag from /opt/airflow/dags/my_first_dag.py
[2023-07-21T17:03:09.709+0000] {processor.py:836} INFO - DAG(s) dict_keys(['my-first-dag']) retrieved from /opt/airflow/dags/my_first_dag.py
[2023-07-21T17:03:09.728+0000] {logging_mixin.py:150} INFO - [2023-07-21T17:03:09.728+0000] {dag.py:2742} INFO - Sync 1 DAGs
[2023-07-21T17:03:09.746+0000] {logging_mixin.py:150} INFO - [2023-07-21T17:03:09.746+0000] {dag.py:3508} INFO - Setting next_dagrun for my-first-dag to 2023-07-21T00:00:00+00:00, run_after=2023-07-22T00:00:00+00:00
[2023-07-21T17:03:09.759+0000] {processor.py:179} INFO - Processing /opt/airflow/dags/my_first_dag.py took 0.064 seconds
[2023-07-21T17:03:40.306+0000] {processor.py:157} INFO - Started process (PID=2018) to work on /opt/airflow/dags/my_first_dag.py
[2023-07-21T17:03:40.307+0000] {processor.py:826} INFO - Processing file /opt/airflow/dags/my_first_dag.py for tasks to queue
[2023-07-21T17:03:40.308+0000] {logging_mixin.py:150} INFO - [2023-07-21T17:03:40.308+0000] {dagbag.py:541} INFO - Filling up the DagBag from /opt/airflow/dags/my_first_dag.py
[2023-07-21T17:03:40.316+0000] {processor.py:836} INFO - DAG(s) dict_keys(['my-first-dag']) retrieved from /opt/airflow/dags/my_first_dag.py
[2023-07-21T17:03:40.336+0000] {logging_mixin.py:150} INFO - [2023-07-21T17:03:40.336+0000] {dag.py:2742} INFO - Sync 1 DAGs
[2023-07-21T17:03:40.355+0000] {logging_mixin.py:150} INFO - [2023-07-21T17:03:40.355+0000] {dag.py:3508} INFO - Setting next_dagrun for my-first-dag to 2023-07-21T00:00:00+00:00, run_after=2023-07-22T00:00:00+00:00
[2023-07-21T17:03:40.367+0000] {processor.py:179} INFO - Processing /opt/airflow/dags/my_first_dag.py took 0.065 seconds
[2023-07-21T17:04:11.157+0000] {processor.py:157} INFO - Started process (PID=2079) to work on /opt/airflow/dags/my_first_dag.py
[2023-07-21T17:04:11.159+0000] {processor.py:826} INFO - Processing file /opt/airflow/dags/my_first_dag.py for tasks to queue
[2023-07-21T17:04:11.161+0000] {logging_mixin.py:150} INFO - [2023-07-21T17:04:11.161+0000] {dagbag.py:541} INFO - Filling up the DagBag from /opt/airflow/dags/my_first_dag.py
[2023-07-21T17:04:11.171+0000] {processor.py:836} INFO - DAG(s) dict_keys(['my-first-dag']) retrieved from /opt/airflow/dags/my_first_dag.py
[2023-07-21T17:04:11.191+0000] {logging_mixin.py:150} INFO - [2023-07-21T17:04:11.191+0000] {dag.py:2742} INFO - Sync 1 DAGs
[2023-07-21T17:04:11.209+0000] {logging_mixin.py:150} INFO - [2023-07-21T17:04:11.209+0000] {dag.py:3508} INFO - Setting next_dagrun for my-first-dag to 2023-07-21T00:00:00+00:00, run_after=2023-07-22T00:00:00+00:00
[2023-07-21T17:04:11.222+0000] {processor.py:179} INFO - Processing /opt/airflow/dags/my_first_dag.py took 0.069 seconds
[2023-07-21T17:04:41.853+0000] {processor.py:157} INFO - Started process (PID=2139) to work on /opt/airflow/dags/my_first_dag.py
[2023-07-21T17:04:41.854+0000] {processor.py:826} INFO - Processing file /opt/airflow/dags/my_first_dag.py for tasks to queue
[2023-07-21T17:04:41.855+0000] {logging_mixin.py:150} INFO - [2023-07-21T17:04:41.855+0000] {dagbag.py:541} INFO - Filling up the DagBag from /opt/airflow/dags/my_first_dag.py
[2023-07-21T17:04:41.864+0000] {processor.py:836} INFO - DAG(s) dict_keys(['my-first-dag']) retrieved from /opt/airflow/dags/my_first_dag.py
[2023-07-21T17:04:41.884+0000] {logging_mixin.py:150} INFO - [2023-07-21T17:04:41.883+0000] {dag.py:2742} INFO - Sync 1 DAGs
[2023-07-21T17:04:41.903+0000] {logging_mixin.py:150} INFO - [2023-07-21T17:04:41.902+0000] {dag.py:3508} INFO - Setting next_dagrun for my-first-dag to 2023-07-21T00:00:00+00:00, run_after=2023-07-22T00:00:00+00:00
[2023-07-21T17:04:41.915+0000] {processor.py:179} INFO - Processing /opt/airflow/dags/my_first_dag.py took 0.066 seconds
[2023-07-21T17:05:12.688+0000] {processor.py:157} INFO - Started process (PID=2207) to work on /opt/airflow/dags/my_first_dag.py
[2023-07-21T17:05:12.690+0000] {processor.py:826} INFO - Processing file /opt/airflow/dags/my_first_dag.py for tasks to queue
[2023-07-21T17:05:12.691+0000] {logging_mixin.py:150} INFO - [2023-07-21T17:05:12.691+0000] {dagbag.py:541} INFO - Filling up the DagBag from /opt/airflow/dags/my_first_dag.py
[2023-07-21T17:05:12.701+0000] {processor.py:836} INFO - DAG(s) dict_keys(['my-first-dag']) retrieved from /opt/airflow/dags/my_first_dag.py
[2023-07-21T17:05:12.721+0000] {logging_mixin.py:150} INFO - [2023-07-21T17:05:12.721+0000] {dag.py:2742} INFO - Sync 1 DAGs
[2023-07-21T17:05:12.740+0000] {logging_mixin.py:150} INFO - [2023-07-21T17:05:12.740+0000] {dag.py:3508} INFO - Setting next_dagrun for my-first-dag to 2023-07-21T00:00:00+00:00, run_after=2023-07-22T00:00:00+00:00
[2023-07-21T17:05:12.756+0000] {processor.py:179} INFO - Processing /opt/airflow/dags/my_first_dag.py took 0.073 seconds
[2023-07-21T17:05:43.541+0000] {processor.py:157} INFO - Started process (PID=2267) to work on /opt/airflow/dags/my_first_dag.py
[2023-07-21T17:05:43.542+0000] {processor.py:826} INFO - Processing file /opt/airflow/dags/my_first_dag.py for tasks to queue
[2023-07-21T17:05:43.543+0000] {logging_mixin.py:150} INFO - [2023-07-21T17:05:43.543+0000] {dagbag.py:541} INFO - Filling up the DagBag from /opt/airflow/dags/my_first_dag.py
[2023-07-21T17:05:43.551+0000] {processor.py:836} INFO - DAG(s) dict_keys(['my-first-dag']) retrieved from /opt/airflow/dags/my_first_dag.py
[2023-07-21T17:05:43.573+0000] {logging_mixin.py:150} INFO - [2023-07-21T17:05:43.572+0000] {dag.py:2742} INFO - Sync 1 DAGs
[2023-07-21T17:05:43.591+0000] {logging_mixin.py:150} INFO - [2023-07-21T17:05:43.591+0000] {dag.py:3508} INFO - Setting next_dagrun for my-first-dag to 2023-07-21T00:00:00+00:00, run_after=2023-07-22T00:00:00+00:00
[2023-07-21T17:05:43.604+0000] {processor.py:179} INFO - Processing /opt/airflow/dags/my_first_dag.py took 0.066 seconds
[2023-07-21T17:06:14.528+0000] {processor.py:157} INFO - Started process (PID=2327) to work on /opt/airflow/dags/my_first_dag.py
[2023-07-21T17:06:14.530+0000] {processor.py:826} INFO - Processing file /opt/airflow/dags/my_first_dag.py for tasks to queue
[2023-07-21T17:06:14.531+0000] {logging_mixin.py:150} INFO - [2023-07-21T17:06:14.531+0000] {dagbag.py:541} INFO - Filling up the DagBag from /opt/airflow/dags/my_first_dag.py
[2023-07-21T17:06:14.540+0000] {processor.py:836} INFO - DAG(s) dict_keys(['my-first-dag']) retrieved from /opt/airflow/dags/my_first_dag.py
[2023-07-21T17:06:14.559+0000] {logging_mixin.py:150} INFO - [2023-07-21T17:06:14.559+0000] {dag.py:2742} INFO - Sync 1 DAGs
[2023-07-21T17:06:14.578+0000] {logging_mixin.py:150} INFO - [2023-07-21T17:06:14.578+0000] {dag.py:3508} INFO - Setting next_dagrun for my-first-dag to 2023-07-21T00:00:00+00:00, run_after=2023-07-22T00:00:00+00:00
[2023-07-21T17:06:14.591+0000] {processor.py:179} INFO - Processing /opt/airflow/dags/my_first_dag.py took 0.067 seconds
[2023-07-21T17:06:45.449+0000] {processor.py:157} INFO - Started process (PID=2387) to work on /opt/airflow/dags/my_first_dag.py
[2023-07-21T17:06:45.450+0000] {processor.py:826} INFO - Processing file /opt/airflow/dags/my_first_dag.py for tasks to queue
[2023-07-21T17:06:45.451+0000] {logging_mixin.py:150} INFO - [2023-07-21T17:06:45.451+0000] {dagbag.py:541} INFO - Filling up the DagBag from /opt/airflow/dags/my_first_dag.py
[2023-07-21T17:06:45.459+0000] {processor.py:836} INFO - DAG(s) dict_keys(['my-first-dag']) retrieved from /opt/airflow/dags/my_first_dag.py
[2023-07-21T17:06:45.481+0000] {logging_mixin.py:150} INFO - [2023-07-21T17:06:45.481+0000] {dag.py:2742} INFO - Sync 1 DAGs
[2023-07-21T17:06:45.499+0000] {logging_mixin.py:150} INFO - [2023-07-21T17:06:45.499+0000] {dag.py:3508} INFO - Setting next_dagrun for my-first-dag to 2023-07-21T00:00:00+00:00, run_after=2023-07-22T00:00:00+00:00
[2023-07-21T17:06:45.516+0000] {processor.py:179} INFO - Processing /opt/airflow/dags/my_first_dag.py took 0.072 seconds
[2023-07-21T17:07:16.444+0000] {processor.py:157} INFO - Started process (PID=2447) to work on /opt/airflow/dags/my_first_dag.py
[2023-07-21T17:07:16.446+0000] {processor.py:826} INFO - Processing file /opt/airflow/dags/my_first_dag.py for tasks to queue
[2023-07-21T17:07:16.448+0000] {logging_mixin.py:150} INFO - [2023-07-21T17:07:16.447+0000] {dagbag.py:541} INFO - Filling up the DagBag from /opt/airflow/dags/my_first_dag.py
[2023-07-21T17:07:16.457+0000] {processor.py:836} INFO - DAG(s) dict_keys(['my-first-dag']) retrieved from /opt/airflow/dags/my_first_dag.py
[2023-07-21T17:07:16.478+0000] {logging_mixin.py:150} INFO - [2023-07-21T17:07:16.478+0000] {dag.py:2742} INFO - Sync 1 DAGs
[2023-07-21T17:07:16.498+0000] {logging_mixin.py:150} INFO - [2023-07-21T17:07:16.497+0000] {dag.py:3508} INFO - Setting next_dagrun for my-first-dag to 2023-07-21T00:00:00+00:00, run_after=2023-07-22T00:00:00+00:00
[2023-07-21T17:07:16.511+0000] {processor.py:179} INFO - Processing /opt/airflow/dags/my_first_dag.py took 0.071 seconds
[2023-07-21T17:07:47.277+0000] {processor.py:157} INFO - Started process (PID=2507) to work on /opt/airflow/dags/my_first_dag.py
[2023-07-21T17:07:47.278+0000] {processor.py:826} INFO - Processing file /opt/airflow/dags/my_first_dag.py for tasks to queue
[2023-07-21T17:07:47.279+0000] {logging_mixin.py:150} INFO - [2023-07-21T17:07:47.279+0000] {dagbag.py:541} INFO - Filling up the DagBag from /opt/airflow/dags/my_first_dag.py
[2023-07-21T17:07:47.286+0000] {processor.py:836} INFO - DAG(s) dict_keys(['my-first-dag']) retrieved from /opt/airflow/dags/my_first_dag.py
[2023-07-21T17:07:47.305+0000] {logging_mixin.py:150} INFO - [2023-07-21T17:07:47.305+0000] {dag.py:2742} INFO - Sync 1 DAGs
[2023-07-21T17:07:47.324+0000] {logging_mixin.py:150} INFO - [2023-07-21T17:07:47.324+0000] {dag.py:3508} INFO - Setting next_dagrun for my-first-dag to 2023-07-21T00:00:00+00:00, run_after=2023-07-22T00:00:00+00:00
[2023-07-21T17:07:47.337+0000] {processor.py:179} INFO - Processing /opt/airflow/dags/my_first_dag.py took 0.062 seconds
[2023-07-21T17:08:18.170+0000] {processor.py:157} INFO - Started process (PID=2567) to work on /opt/airflow/dags/my_first_dag.py
[2023-07-21T17:08:18.172+0000] {processor.py:826} INFO - Processing file /opt/airflow/dags/my_first_dag.py for tasks to queue
[2023-07-21T17:08:18.174+0000] {logging_mixin.py:150} INFO - [2023-07-21T17:08:18.173+0000] {dagbag.py:541} INFO - Filling up the DagBag from /opt/airflow/dags/my_first_dag.py
[2023-07-21T17:08:18.182+0000] {processor.py:836} INFO - DAG(s) dict_keys(['my-first-dag']) retrieved from /opt/airflow/dags/my_first_dag.py
[2023-07-21T17:08:18.201+0000] {logging_mixin.py:150} INFO - [2023-07-21T17:08:18.201+0000] {dag.py:2742} INFO - Sync 1 DAGs
[2023-07-21T17:08:18.219+0000] {logging_mixin.py:150} INFO - [2023-07-21T17:08:18.219+0000] {dag.py:3508} INFO - Setting next_dagrun for my-first-dag to 2023-07-21T00:00:00+00:00, run_after=2023-07-22T00:00:00+00:00
[2023-07-21T17:08:18.232+0000] {processor.py:179} INFO - Processing /opt/airflow/dags/my_first_dag.py took 0.066 seconds
[2023-07-21T17:08:49.016+0000] {processor.py:157} INFO - Started process (PID=2627) to work on /opt/airflow/dags/my_first_dag.py
[2023-07-21T17:08:49.018+0000] {processor.py:826} INFO - Processing file /opt/airflow/dags/my_first_dag.py for tasks to queue
[2023-07-21T17:08:49.020+0000] {logging_mixin.py:150} INFO - [2023-07-21T17:08:49.019+0000] {dagbag.py:541} INFO - Filling up the DagBag from /opt/airflow/dags/my_first_dag.py
[2023-07-21T17:08:49.029+0000] {processor.py:836} INFO - DAG(s) dict_keys(['my-first-dag']) retrieved from /opt/airflow/dags/my_first_dag.py
[2023-07-21T17:08:49.049+0000] {logging_mixin.py:150} INFO - [2023-07-21T17:08:49.048+0000] {dag.py:2742} INFO - Sync 1 DAGs
[2023-07-21T17:08:49.069+0000] {logging_mixin.py:150} INFO - [2023-07-21T17:08:49.069+0000] {dag.py:3508} INFO - Setting next_dagrun for my-first-dag to 2023-07-21T00:00:00+00:00, run_after=2023-07-22T00:00:00+00:00
[2023-07-21T17:08:49.084+0000] {processor.py:179} INFO - Processing /opt/airflow/dags/my_first_dag.py took 0.073 seconds
[2023-07-21T17:09:19.851+0000] {processor.py:157} INFO - Started process (PID=2688) to work on /opt/airflow/dags/my_first_dag.py
[2023-07-21T17:09:19.852+0000] {processor.py:826} INFO - Processing file /opt/airflow/dags/my_first_dag.py for tasks to queue
[2023-07-21T17:09:19.853+0000] {logging_mixin.py:150} INFO - [2023-07-21T17:09:19.853+0000] {dagbag.py:541} INFO - Filling up the DagBag from /opt/airflow/dags/my_first_dag.py
[2023-07-21T17:09:19.860+0000] {processor.py:836} INFO - DAG(s) dict_keys(['my-first-dag']) retrieved from /opt/airflow/dags/my_first_dag.py
[2023-07-21T17:09:19.880+0000] {logging_mixin.py:150} INFO - [2023-07-21T17:09:19.880+0000] {dag.py:2742} INFO - Sync 1 DAGs
[2023-07-21T17:09:19.898+0000] {logging_mixin.py:150} INFO - [2023-07-21T17:09:19.898+0000] {dag.py:3508} INFO - Setting next_dagrun for my-first-dag to 2023-07-21T00:00:00+00:00, run_after=2023-07-22T00:00:00+00:00
[2023-07-21T17:09:19.913+0000] {processor.py:179} INFO - Processing /opt/airflow/dags/my_first_dag.py took 0.064 seconds
[2023-07-21T17:09:50.672+0000] {processor.py:157} INFO - Started process (PID=2748) to work on /opt/airflow/dags/my_first_dag.py
[2023-07-21T17:09:50.674+0000] {processor.py:826} INFO - Processing file /opt/airflow/dags/my_first_dag.py for tasks to queue
[2023-07-21T17:09:50.675+0000] {logging_mixin.py:150} INFO - [2023-07-21T17:09:50.675+0000] {dagbag.py:541} INFO - Filling up the DagBag from /opt/airflow/dags/my_first_dag.py
[2023-07-21T17:09:50.684+0000] {processor.py:836} INFO - DAG(s) dict_keys(['my-first-dag']) retrieved from /opt/airflow/dags/my_first_dag.py
[2023-07-21T17:09:50.703+0000] {logging_mixin.py:150} INFO - [2023-07-21T17:09:50.703+0000] {dag.py:2742} INFO - Sync 1 DAGs
[2023-07-21T17:09:50.721+0000] {logging_mixin.py:150} INFO - [2023-07-21T17:09:50.721+0000] {dag.py:3508} INFO - Setting next_dagrun for my-first-dag to 2023-07-21T00:00:00+00:00, run_after=2023-07-22T00:00:00+00:00
[2023-07-21T17:09:50.734+0000] {processor.py:179} INFO - Processing /opt/airflow/dags/my_first_dag.py took 0.067 seconds
[2023-07-21T17:10:21.558+0000] {processor.py:157} INFO - Started process (PID=2808) to work on /opt/airflow/dags/my_first_dag.py
[2023-07-21T17:10:21.560+0000] {processor.py:826} INFO - Processing file /opt/airflow/dags/my_first_dag.py for tasks to queue
[2023-07-21T17:10:21.561+0000] {logging_mixin.py:150} INFO - [2023-07-21T17:10:21.561+0000] {dagbag.py:541} INFO - Filling up the DagBag from /opt/airflow/dags/my_first_dag.py
[2023-07-21T17:10:21.568+0000] {processor.py:836} INFO - DAG(s) dict_keys(['my-first-dag']) retrieved from /opt/airflow/dags/my_first_dag.py
[2023-07-21T17:10:21.588+0000] {logging_mixin.py:150} INFO - [2023-07-21T17:10:21.588+0000] {dag.py:2742} INFO - Sync 1 DAGs
[2023-07-21T17:10:21.606+0000] {logging_mixin.py:150} INFO - [2023-07-21T17:10:21.606+0000] {dag.py:3508} INFO - Setting next_dagrun for my-first-dag to 2023-07-21T00:00:00+00:00, run_after=2023-07-22T00:00:00+00:00
[2023-07-21T17:10:21.619+0000] {processor.py:179} INFO - Processing /opt/airflow/dags/my_first_dag.py took 0.065 seconds
[2023-07-21T17:10:51.733+0000] {processor.py:157} INFO - Started process (PID=2868) to work on /opt/airflow/dags/my_first_dag.py
[2023-07-21T17:10:51.735+0000] {processor.py:826} INFO - Processing file /opt/airflow/dags/my_first_dag.py for tasks to queue
[2023-07-21T17:10:51.737+0000] {logging_mixin.py:150} INFO - [2023-07-21T17:10:51.736+0000] {dagbag.py:541} INFO - Filling up the DagBag from /opt/airflow/dags/my_first_dag.py
[2023-07-21T17:10:51.745+0000] {processor.py:836} INFO - DAG(s) dict_keys(['my-first-dag']) retrieved from /opt/airflow/dags/my_first_dag.py
[2023-07-21T17:10:51.766+0000] {logging_mixin.py:150} INFO - [2023-07-21T17:10:51.766+0000] {dag.py:2742} INFO - Sync 1 DAGs
[2023-07-21T17:10:51.786+0000] {logging_mixin.py:150} INFO - [2023-07-21T17:10:51.786+0000] {dag.py:3508} INFO - Setting next_dagrun for my-first-dag to 2023-07-21T00:00:00+00:00, run_after=2023-07-22T00:00:00+00:00
[2023-07-21T17:10:51.800+0000] {processor.py:179} INFO - Processing /opt/airflow/dags/my_first_dag.py took 0.072 seconds
[2023-07-21T17:11:22.468+0000] {processor.py:157} INFO - Started process (PID=2928) to work on /opt/airflow/dags/my_first_dag.py
[2023-07-21T17:11:22.469+0000] {processor.py:826} INFO - Processing file /opt/airflow/dags/my_first_dag.py for tasks to queue
[2023-07-21T17:11:22.470+0000] {logging_mixin.py:150} INFO - [2023-07-21T17:11:22.470+0000] {dagbag.py:541} INFO - Filling up the DagBag from /opt/airflow/dags/my_first_dag.py
[2023-07-21T17:11:22.477+0000] {processor.py:836} INFO - DAG(s) dict_keys(['my-first-dag']) retrieved from /opt/airflow/dags/my_first_dag.py
[2023-07-21T17:11:22.496+0000] {logging_mixin.py:150} INFO - [2023-07-21T17:11:22.496+0000] {dag.py:2742} INFO - Sync 1 DAGs
[2023-07-21T17:11:22.515+0000] {logging_mixin.py:150} INFO - [2023-07-21T17:11:22.514+0000] {dag.py:3508} INFO - Setting next_dagrun for my-first-dag to 2023-07-21T00:00:00+00:00, run_after=2023-07-22T00:00:00+00:00
[2023-07-21T17:11:22.528+0000] {processor.py:179} INFO - Processing /opt/airflow/dags/my_first_dag.py took 0.063 seconds
[2023-07-21T17:11:53.299+0000] {processor.py:157} INFO - Started process (PID=2988) to work on /opt/airflow/dags/my_first_dag.py
[2023-07-21T17:11:53.301+0000] {processor.py:826} INFO - Processing file /opt/airflow/dags/my_first_dag.py for tasks to queue
[2023-07-21T17:11:53.302+0000] {logging_mixin.py:150} INFO - [2023-07-21T17:11:53.301+0000] {dagbag.py:541} INFO - Filling up the DagBag from /opt/airflow/dags/my_first_dag.py
[2023-07-21T17:11:53.310+0000] {processor.py:836} INFO - DAG(s) dict_keys(['my-first-dag']) retrieved from /opt/airflow/dags/my_first_dag.py
[2023-07-21T17:11:53.331+0000] {logging_mixin.py:150} INFO - [2023-07-21T17:11:53.331+0000] {dag.py:2742} INFO - Sync 1 DAGs
[2023-07-21T17:11:53.350+0000] {logging_mixin.py:150} INFO - [2023-07-21T17:11:53.349+0000] {dag.py:3508} INFO - Setting next_dagrun for my-first-dag to 2023-07-21T00:00:00+00:00, run_after=2023-07-22T00:00:00+00:00
[2023-07-21T17:11:53.364+0000] {processor.py:179} INFO - Processing /opt/airflow/dags/my_first_dag.py took 0.069 seconds
[2023-07-21T17:12:23.986+0000] {processor.py:157} INFO - Started process (PID=3048) to work on /opt/airflow/dags/my_first_dag.py
[2023-07-21T17:12:23.987+0000] {processor.py:826} INFO - Processing file /opt/airflow/dags/my_first_dag.py for tasks to queue
[2023-07-21T17:12:23.989+0000] {logging_mixin.py:150} INFO - [2023-07-21T17:12:23.988+0000] {dagbag.py:541} INFO - Filling up the DagBag from /opt/airflow/dags/my_first_dag.py
[2023-07-21T17:12:23.999+0000] {processor.py:836} INFO - DAG(s) dict_keys(['my-first-dag']) retrieved from /opt/airflow/dags/my_first_dag.py
[2023-07-21T17:12:24.019+0000] {logging_mixin.py:150} INFO - [2023-07-21T17:12:24.018+0000] {dag.py:2742} INFO - Sync 1 DAGs
[2023-07-21T17:12:24.038+0000] {logging_mixin.py:150} INFO - [2023-07-21T17:12:24.037+0000] {dag.py:3508} INFO - Setting next_dagrun for my-first-dag to 2023-07-21T00:00:00+00:00, run_after=2023-07-22T00:00:00+00:00
[2023-07-21T17:12:24.050+0000] {processor.py:179} INFO - Processing /opt/airflow/dags/my_first_dag.py took 0.067 seconds
[2023-07-21T17:12:54.932+0000] {processor.py:157} INFO - Started process (PID=3107) to work on /opt/airflow/dags/my_first_dag.py
[2023-07-21T17:12:54.934+0000] {processor.py:826} INFO - Processing file /opt/airflow/dags/my_first_dag.py for tasks to queue
[2023-07-21T17:12:54.936+0000] {logging_mixin.py:150} INFO - [2023-07-21T17:12:54.935+0000] {dagbag.py:541} INFO - Filling up the DagBag from /opt/airflow/dags/my_first_dag.py
[2023-07-21T17:12:54.944+0000] {processor.py:836} INFO - DAG(s) dict_keys(['my-first-dag']) retrieved from /opt/airflow/dags/my_first_dag.py
[2023-07-21T17:12:54.966+0000] {logging_mixin.py:150} INFO - [2023-07-21T17:12:54.966+0000] {dag.py:2742} INFO - Sync 1 DAGs
[2023-07-21T17:12:54.984+0000] {logging_mixin.py:150} INFO - [2023-07-21T17:12:54.984+0000] {dag.py:3508} INFO - Setting next_dagrun for my-first-dag to 2023-07-21T00:00:00+00:00, run_after=2023-07-22T00:00:00+00:00
[2023-07-21T17:12:54.997+0000] {processor.py:179} INFO - Processing /opt/airflow/dags/my_first_dag.py took 0.069 seconds
[2023-07-21T17:13:25.740+0000] {processor.py:157} INFO - Started process (PID=3167) to work on /opt/airflow/dags/my_first_dag.py
[2023-07-21T17:13:25.741+0000] {processor.py:826} INFO - Processing file /opt/airflow/dags/my_first_dag.py for tasks to queue
[2023-07-21T17:13:25.742+0000] {logging_mixin.py:150} INFO - [2023-07-21T17:13:25.742+0000] {dagbag.py:541} INFO - Filling up the DagBag from /opt/airflow/dags/my_first_dag.py
[2023-07-21T17:13:25.751+0000] {processor.py:836} INFO - DAG(s) dict_keys(['my-first-dag']) retrieved from /opt/airflow/dags/my_first_dag.py
[2023-07-21T17:13:25.772+0000] {logging_mixin.py:150} INFO - [2023-07-21T17:13:25.772+0000] {dag.py:2742} INFO - Sync 1 DAGs
[2023-07-21T17:13:25.789+0000] {logging_mixin.py:150} INFO - [2023-07-21T17:13:25.789+0000] {dag.py:3508} INFO - Setting next_dagrun for my-first-dag to 2023-07-21T00:00:00+00:00, run_after=2023-07-22T00:00:00+00:00
[2023-07-21T17:13:25.802+0000] {processor.py:179} INFO - Processing /opt/airflow/dags/my_first_dag.py took 0.066 seconds
[2023-07-21T17:13:56.535+0000] {processor.py:157} INFO - Started process (PID=3227) to work on /opt/airflow/dags/my_first_dag.py
[2023-07-21T17:13:56.537+0000] {processor.py:826} INFO - Processing file /opt/airflow/dags/my_first_dag.py for tasks to queue
[2023-07-21T17:13:56.538+0000] {logging_mixin.py:150} INFO - [2023-07-21T17:13:56.538+0000] {dagbag.py:541} INFO - Filling up the DagBag from /opt/airflow/dags/my_first_dag.py
[2023-07-21T17:13:56.545+0000] {processor.py:836} INFO - DAG(s) dict_keys(['my-first-dag']) retrieved from /opt/airflow/dags/my_first_dag.py
[2023-07-21T17:13:56.567+0000] {logging_mixin.py:150} INFO - [2023-07-21T17:13:56.567+0000] {dag.py:2742} INFO - Sync 1 DAGs
[2023-07-21T17:13:56.586+0000] {logging_mixin.py:150} INFO - [2023-07-21T17:13:56.586+0000] {dag.py:3508} INFO - Setting next_dagrun for my-first-dag to 2023-07-21T00:00:00+00:00, run_after=2023-07-22T00:00:00+00:00
[2023-07-21T17:13:56.600+0000] {processor.py:179} INFO - Processing /opt/airflow/dags/my_first_dag.py took 0.068 seconds
[2023-07-21T17:14:27.210+0000] {processor.py:157} INFO - Started process (PID=3287) to work on /opt/airflow/dags/my_first_dag.py
[2023-07-21T17:14:27.212+0000] {processor.py:826} INFO - Processing file /opt/airflow/dags/my_first_dag.py for tasks to queue
[2023-07-21T17:14:27.213+0000] {logging_mixin.py:150} INFO - [2023-07-21T17:14:27.213+0000] {dagbag.py:541} INFO - Filling up the DagBag from /opt/airflow/dags/my_first_dag.py
[2023-07-21T17:14:27.223+0000] {processor.py:836} INFO - DAG(s) dict_keys(['my-first-dag']) retrieved from /opt/airflow/dags/my_first_dag.py
[2023-07-21T17:14:27.251+0000] {logging_mixin.py:150} INFO - [2023-07-21T17:14:27.250+0000] {dag.py:2742} INFO - Sync 1 DAGs
[2023-07-21T17:14:27.278+0000] {logging_mixin.py:150} INFO - [2023-07-21T17:14:27.278+0000] {dag.py:3508} INFO - Setting next_dagrun for my-first-dag to 2023-07-21T00:00:00+00:00, run_after=2023-07-22T00:00:00+00:00
[2023-07-21T17:14:27.296+0000] {processor.py:179} INFO - Processing /opt/airflow/dags/my_first_dag.py took 0.089 seconds
[2023-07-21T17:14:58.041+0000] {processor.py:157} INFO - Started process (PID=3347) to work on /opt/airflow/dags/my_first_dag.py
[2023-07-21T17:14:58.042+0000] {processor.py:826} INFO - Processing file /opt/airflow/dags/my_first_dag.py for tasks to queue
[2023-07-21T17:14:58.043+0000] {logging_mixin.py:150} INFO - [2023-07-21T17:14:58.043+0000] {dagbag.py:541} INFO - Filling up the DagBag from /opt/airflow/dags/my_first_dag.py
[2023-07-21T17:14:58.050+0000] {processor.py:836} INFO - DAG(s) dict_keys(['my-first-dag']) retrieved from /opt/airflow/dags/my_first_dag.py
[2023-07-21T17:14:58.070+0000] {logging_mixin.py:150} INFO - [2023-07-21T17:14:58.070+0000] {dag.py:2742} INFO - Sync 1 DAGs
[2023-07-21T17:14:58.089+0000] {logging_mixin.py:150} INFO - [2023-07-21T17:14:58.089+0000] {dag.py:3508} INFO - Setting next_dagrun for my-first-dag to 2023-07-21T00:00:00+00:00, run_after=2023-07-22T00:00:00+00:00
[2023-07-21T17:14:58.102+0000] {processor.py:179} INFO - Processing /opt/airflow/dags/my_first_dag.py took 0.064 seconds
[2023-07-21T17:15:28.840+0000] {processor.py:157} INFO - Started process (PID=3407) to work on /opt/airflow/dags/my_first_dag.py
[2023-07-21T17:15:28.842+0000] {processor.py:826} INFO - Processing file /opt/airflow/dags/my_first_dag.py for tasks to queue
[2023-07-21T17:15:28.843+0000] {logging_mixin.py:150} INFO - [2023-07-21T17:15:28.843+0000] {dagbag.py:541} INFO - Filling up the DagBag from /opt/airflow/dags/my_first_dag.py
[2023-07-21T17:15:28.851+0000] {processor.py:836} INFO - DAG(s) dict_keys(['my-first-dag']) retrieved from /opt/airflow/dags/my_first_dag.py
[2023-07-21T17:15:28.873+0000] {logging_mixin.py:150} INFO - [2023-07-21T17:15:28.872+0000] {dag.py:2742} INFO - Sync 1 DAGs
[2023-07-21T17:15:28.892+0000] {logging_mixin.py:150} INFO - [2023-07-21T17:15:28.892+0000] {dag.py:3508} INFO - Setting next_dagrun for my-first-dag to 2023-07-21T00:00:00+00:00, run_after=2023-07-22T00:00:00+00:00
[2023-07-21T17:15:28.905+0000] {processor.py:179} INFO - Processing /opt/airflow/dags/my_first_dag.py took 0.070 seconds
[2023-07-21T17:15:59.518+0000] {processor.py:157} INFO - Started process (PID=3467) to work on /opt/airflow/dags/my_first_dag.py
[2023-07-21T17:15:59.519+0000] {processor.py:826} INFO - Processing file /opt/airflow/dags/my_first_dag.py for tasks to queue
[2023-07-21T17:15:59.520+0000] {logging_mixin.py:150} INFO - [2023-07-21T17:15:59.520+0000] {dagbag.py:541} INFO - Filling up the DagBag from /opt/airflow/dags/my_first_dag.py
[2023-07-21T17:15:59.528+0000] {processor.py:836} INFO - DAG(s) dict_keys(['my-first-dag']) retrieved from /opt/airflow/dags/my_first_dag.py
[2023-07-21T17:15:59.548+0000] {logging_mixin.py:150} INFO - [2023-07-21T17:15:59.548+0000] {dag.py:2742} INFO - Sync 1 DAGs
[2023-07-21T17:15:59.567+0000] {logging_mixin.py:150} INFO - [2023-07-21T17:15:59.567+0000] {dag.py:3508} INFO - Setting next_dagrun for my-first-dag to 2023-07-21T00:00:00+00:00, run_after=2023-07-22T00:00:00+00:00
[2023-07-21T17:15:59.581+0000] {processor.py:179} INFO - Processing /opt/airflow/dags/my_first_dag.py took 0.066 seconds
[2023-07-21T17:16:30.351+0000] {processor.py:157} INFO - Started process (PID=3527) to work on /opt/airflow/dags/my_first_dag.py
[2023-07-21T17:16:30.353+0000] {processor.py:826} INFO - Processing file /opt/airflow/dags/my_first_dag.py for tasks to queue
[2023-07-21T17:16:30.354+0000] {logging_mixin.py:150} INFO - [2023-07-21T17:16:30.353+0000] {dagbag.py:541} INFO - Filling up the DagBag from /opt/airflow/dags/my_first_dag.py
[2023-07-21T17:16:30.361+0000] {processor.py:836} INFO - DAG(s) dict_keys(['my-first-dag']) retrieved from /opt/airflow/dags/my_first_dag.py
[2023-07-21T17:16:30.382+0000] {logging_mixin.py:150} INFO - [2023-07-21T17:16:30.382+0000] {dag.py:2742} INFO - Sync 1 DAGs
[2023-07-21T17:16:30.402+0000] {logging_mixin.py:150} INFO - [2023-07-21T17:16:30.402+0000] {dag.py:3508} INFO - Setting next_dagrun for my-first-dag to 2023-07-21T00:00:00+00:00, run_after=2023-07-22T00:00:00+00:00
[2023-07-21T17:16:30.419+0000] {processor.py:179} INFO - Processing /opt/airflow/dags/my_first_dag.py took 0.070 seconds
[2023-07-21T17:17:01.191+0000] {processor.py:157} INFO - Started process (PID=3587) to work on /opt/airflow/dags/my_first_dag.py
[2023-07-21T17:17:01.192+0000] {processor.py:826} INFO - Processing file /opt/airflow/dags/my_first_dag.py for tasks to queue
[2023-07-21T17:17:01.193+0000] {logging_mixin.py:150} INFO - [2023-07-21T17:17:01.193+0000] {dagbag.py:541} INFO - Filling up the DagBag from /opt/airflow/dags/my_first_dag.py
[2023-07-21T17:17:01.200+0000] {processor.py:836} INFO - DAG(s) dict_keys(['my-first-dag']) retrieved from /opt/airflow/dags/my_first_dag.py
[2023-07-21T17:17:01.221+0000] {logging_mixin.py:150} INFO - [2023-07-21T17:17:01.221+0000] {dag.py:2742} INFO - Sync 1 DAGs
[2023-07-21T17:17:01.239+0000] {logging_mixin.py:150} INFO - [2023-07-21T17:17:01.239+0000] {dag.py:3508} INFO - Setting next_dagrun for my-first-dag to 2023-07-21T00:00:00+00:00, run_after=2023-07-22T00:00:00+00:00
[2023-07-21T17:17:01.252+0000] {processor.py:179} INFO - Processing /opt/airflow/dags/my_first_dag.py took 0.064 seconds
[2023-07-21T17:17:31.830+0000] {processor.py:157} INFO - Started process (PID=3647) to work on /opt/airflow/dags/my_first_dag.py
[2023-07-21T17:17:31.831+0000] {processor.py:826} INFO - Processing file /opt/airflow/dags/my_first_dag.py for tasks to queue
[2023-07-21T17:17:31.832+0000] {logging_mixin.py:150} INFO - [2023-07-21T17:17:31.832+0000] {dagbag.py:541} INFO - Filling up the DagBag from /opt/airflow/dags/my_first_dag.py
[2023-07-21T17:17:31.839+0000] {processor.py:836} INFO - DAG(s) dict_keys(['my-first-dag']) retrieved from /opt/airflow/dags/my_first_dag.py
[2023-07-21T17:17:31.859+0000] {logging_mixin.py:150} INFO - [2023-07-21T17:17:31.859+0000] {dag.py:2742} INFO - Sync 1 DAGs
[2023-07-21T17:17:31.877+0000] {logging_mixin.py:150} INFO - [2023-07-21T17:17:31.877+0000] {dag.py:3508} INFO - Setting next_dagrun for my-first-dag to 2023-07-21T00:00:00+00:00, run_after=2023-07-22T00:00:00+00:00
[2023-07-21T17:17:31.893+0000] {processor.py:179} INFO - Processing /opt/airflow/dags/my_first_dag.py took 0.067 seconds
[2023-07-21T17:18:02.561+0000] {processor.py:157} INFO - Started process (PID=3708) to work on /opt/airflow/dags/my_first_dag.py
[2023-07-21T17:18:02.562+0000] {processor.py:826} INFO - Processing file /opt/airflow/dags/my_first_dag.py for tasks to queue
[2023-07-21T17:18:02.563+0000] {logging_mixin.py:150} INFO - [2023-07-21T17:18:02.563+0000] {dagbag.py:541} INFO - Filling up the DagBag from /opt/airflow/dags/my_first_dag.py
[2023-07-21T17:18:02.570+0000] {processor.py:836} INFO - DAG(s) dict_keys(['my-first-dag']) retrieved from /opt/airflow/dags/my_first_dag.py
[2023-07-21T17:18:02.591+0000] {logging_mixin.py:150} INFO - [2023-07-21T17:18:02.590+0000] {dag.py:2742} INFO - Sync 1 DAGs
[2023-07-21T17:18:02.609+0000] {logging_mixin.py:150} INFO - [2023-07-21T17:18:02.609+0000] {dag.py:3508} INFO - Setting next_dagrun for my-first-dag to 2023-07-21T00:00:00+00:00, run_after=2023-07-22T00:00:00+00:00
[2023-07-21T17:18:02.622+0000] {processor.py:179} INFO - Processing /opt/airflow/dags/my_first_dag.py took 0.064 seconds
[2023-07-21T17:18:33.235+0000] {processor.py:157} INFO - Started process (PID=3768) to work on /opt/airflow/dags/my_first_dag.py
[2023-07-21T17:18:33.236+0000] {processor.py:826} INFO - Processing file /opt/airflow/dags/my_first_dag.py for tasks to queue
[2023-07-21T17:18:33.237+0000] {logging_mixin.py:150} INFO - [2023-07-21T17:18:33.236+0000] {dagbag.py:541} INFO - Filling up the DagBag from /opt/airflow/dags/my_first_dag.py
[2023-07-21T17:18:33.246+0000] {processor.py:836} INFO - DAG(s) dict_keys(['my-first-dag']) retrieved from /opt/airflow/dags/my_first_dag.py
[2023-07-21T17:18:33.266+0000] {logging_mixin.py:150} INFO - [2023-07-21T17:18:33.266+0000] {dag.py:2742} INFO - Sync 1 DAGs
[2023-07-21T17:18:33.285+0000] {logging_mixin.py:150} INFO - [2023-07-21T17:18:33.285+0000] {dag.py:3508} INFO - Setting next_dagrun for my-first-dag to 2023-07-21T00:00:00+00:00, run_after=2023-07-22T00:00:00+00:00
[2023-07-21T17:18:33.299+0000] {processor.py:179} INFO - Processing /opt/airflow/dags/my_first_dag.py took 0.067 seconds
[2023-07-21T17:19:04.133+0000] {processor.py:157} INFO - Started process (PID=3828) to work on /opt/airflow/dags/my_first_dag.py
[2023-07-21T17:19:04.134+0000] {processor.py:826} INFO - Processing file /opt/airflow/dags/my_first_dag.py for tasks to queue
[2023-07-21T17:19:04.135+0000] {logging_mixin.py:150} INFO - [2023-07-21T17:19:04.135+0000] {dagbag.py:541} INFO - Filling up the DagBag from /opt/airflow/dags/my_first_dag.py
[2023-07-21T17:19:04.144+0000] {processor.py:836} INFO - DAG(s) dict_keys(['my-first-dag']) retrieved from /opt/airflow/dags/my_first_dag.py
[2023-07-21T17:19:04.165+0000] {logging_mixin.py:150} INFO - [2023-07-21T17:19:04.165+0000] {dag.py:2742} INFO - Sync 1 DAGs
[2023-07-21T17:19:04.184+0000] {logging_mixin.py:150} INFO - [2023-07-21T17:19:04.184+0000] {dag.py:3508} INFO - Setting next_dagrun for my-first-dag to 2023-07-21T00:00:00+00:00, run_after=2023-07-22T00:00:00+00:00
[2023-07-21T17:19:04.202+0000] {processor.py:179} INFO - Processing /opt/airflow/dags/my_first_dag.py took 0.072 seconds
[2023-07-21T17:19:34.977+0000] {processor.py:157} INFO - Started process (PID=3888) to work on /opt/airflow/dags/my_first_dag.py
[2023-07-21T17:19:34.978+0000] {processor.py:826} INFO - Processing file /opt/airflow/dags/my_first_dag.py for tasks to queue
[2023-07-21T17:19:34.979+0000] {logging_mixin.py:150} INFO - [2023-07-21T17:19:34.979+0000] {dagbag.py:541} INFO - Filling up the DagBag from /opt/airflow/dags/my_first_dag.py
[2023-07-21T17:19:34.986+0000] {processor.py:836} INFO - DAG(s) dict_keys(['my-first-dag']) retrieved from /opt/airflow/dags/my_first_dag.py
[2023-07-21T17:19:35.006+0000] {logging_mixin.py:150} INFO - [2023-07-21T17:19:35.006+0000] {dag.py:2742} INFO - Sync 1 DAGs
[2023-07-21T17:19:35.024+0000] {logging_mixin.py:150} INFO - [2023-07-21T17:19:35.024+0000] {dag.py:3508} INFO - Setting next_dagrun for my-first-dag to 2023-07-21T00:00:00+00:00, run_after=2023-07-22T00:00:00+00:00
[2023-07-21T17:19:35.039+0000] {processor.py:179} INFO - Processing /opt/airflow/dags/my_first_dag.py took 0.065 seconds
[2023-07-21T17:20:05.854+0000] {processor.py:157} INFO - Started process (PID=3948) to work on /opt/airflow/dags/my_first_dag.py
[2023-07-21T17:20:05.855+0000] {processor.py:826} INFO - Processing file /opt/airflow/dags/my_first_dag.py for tasks to queue
[2023-07-21T17:20:05.856+0000] {logging_mixin.py:150} INFO - [2023-07-21T17:20:05.856+0000] {dagbag.py:541} INFO - Filling up the DagBag from /opt/airflow/dags/my_first_dag.py
[2023-07-21T17:20:05.863+0000] {processor.py:836} INFO - DAG(s) dict_keys(['my-first-dag']) retrieved from /opt/airflow/dags/my_first_dag.py
[2023-07-21T17:20:05.884+0000] {logging_mixin.py:150} INFO - [2023-07-21T17:20:05.884+0000] {dag.py:2742} INFO - Sync 1 DAGs
[2023-07-21T17:20:05.903+0000] {logging_mixin.py:150} INFO - [2023-07-21T17:20:05.903+0000] {dag.py:3508} INFO - Setting next_dagrun for my-first-dag to 2023-07-21T00:00:00+00:00, run_after=2023-07-22T00:00:00+00:00
[2023-07-21T17:20:05.915+0000] {processor.py:179} INFO - Processing /opt/airflow/dags/my_first_dag.py took 0.064 seconds
[2023-07-21T17:20:36.563+0000] {processor.py:157} INFO - Started process (PID=4009) to work on /opt/airflow/dags/my_first_dag.py
[2023-07-21T17:20:36.565+0000] {processor.py:826} INFO - Processing file /opt/airflow/dags/my_first_dag.py for tasks to queue
[2023-07-21T17:20:36.566+0000] {logging_mixin.py:150} INFO - [2023-07-21T17:20:36.566+0000] {dagbag.py:541} INFO - Filling up the DagBag from /opt/airflow/dags/my_first_dag.py
[2023-07-21T17:20:36.573+0000] {processor.py:836} INFO - DAG(s) dict_keys(['my-first-dag']) retrieved from /opt/airflow/dags/my_first_dag.py
[2023-07-21T17:20:36.595+0000] {logging_mixin.py:150} INFO - [2023-07-21T17:20:36.595+0000] {dag.py:2742} INFO - Sync 1 DAGs
[2023-07-21T17:20:36.615+0000] {logging_mixin.py:150} INFO - [2023-07-21T17:20:36.615+0000] {dag.py:3508} INFO - Setting next_dagrun for my-first-dag to 2023-07-21T00:00:00+00:00, run_after=2023-07-22T00:00:00+00:00
[2023-07-21T17:20:36.630+0000] {processor.py:179} INFO - Processing /opt/airflow/dags/my_first_dag.py took 0.071 seconds
[2023-07-21T17:21:07.423+0000] {processor.py:157} INFO - Started process (PID=4069) to work on /opt/airflow/dags/my_first_dag.py
[2023-07-21T17:21:07.424+0000] {processor.py:826} INFO - Processing file /opt/airflow/dags/my_first_dag.py for tasks to queue
[2023-07-21T17:21:07.426+0000] {logging_mixin.py:150} INFO - [2023-07-21T17:21:07.425+0000] {dagbag.py:541} INFO - Filling up the DagBag from /opt/airflow/dags/my_first_dag.py
[2023-07-21T17:21:07.435+0000] {processor.py:836} INFO - DAG(s) dict_keys(['my-first-dag']) retrieved from /opt/airflow/dags/my_first_dag.py
[2023-07-21T17:21:07.457+0000] {logging_mixin.py:150} INFO - [2023-07-21T17:21:07.457+0000] {dag.py:2742} INFO - Sync 1 DAGs
[2023-07-21T17:21:07.475+0000] {logging_mixin.py:150} INFO - [2023-07-21T17:21:07.475+0000] {dag.py:3508} INFO - Setting next_dagrun for my-first-dag to 2023-07-21T00:00:00+00:00, run_after=2023-07-22T00:00:00+00:00
[2023-07-21T17:21:07.489+0000] {processor.py:179} INFO - Processing /opt/airflow/dags/my_first_dag.py took 0.071 seconds
[2023-07-21T17:21:38.200+0000] {processor.py:157} INFO - Started process (PID=4128) to work on /opt/airflow/dags/my_first_dag.py
[2023-07-21T17:21:38.201+0000] {processor.py:826} INFO - Processing file /opt/airflow/dags/my_first_dag.py for tasks to queue
[2023-07-21T17:21:38.203+0000] {logging_mixin.py:150} INFO - [2023-07-21T17:21:38.202+0000] {dagbag.py:541} INFO - Filling up the DagBag from /opt/airflow/dags/my_first_dag.py
[2023-07-21T17:21:38.209+0000] {processor.py:836} INFO - DAG(s) dict_keys(['my-first-dag']) retrieved from /opt/airflow/dags/my_first_dag.py
[2023-07-21T17:21:38.230+0000] {logging_mixin.py:150} INFO - [2023-07-21T17:21:38.230+0000] {dag.py:2742} INFO - Sync 1 DAGs
[2023-07-21T17:21:38.248+0000] {logging_mixin.py:150} INFO - [2023-07-21T17:21:38.248+0000] {dag.py:3508} INFO - Setting next_dagrun for my-first-dag to 2023-07-21T00:00:00+00:00, run_after=2023-07-22T00:00:00+00:00
[2023-07-21T17:21:38.262+0000] {processor.py:179} INFO - Processing /opt/airflow/dags/my_first_dag.py took 0.064 seconds
[2023-07-21T17:22:08.399+0000] {processor.py:157} INFO - Started process (PID=4188) to work on /opt/airflow/dags/my_first_dag.py
[2023-07-21T17:22:08.400+0000] {processor.py:826} INFO - Processing file /opt/airflow/dags/my_first_dag.py for tasks to queue
[2023-07-21T17:22:08.401+0000] {logging_mixin.py:150} INFO - [2023-07-21T17:22:08.401+0000] {dagbag.py:541} INFO - Filling up the DagBag from /opt/airflow/dags/my_first_dag.py
[2023-07-21T17:22:08.409+0000] {processor.py:836} INFO - DAG(s) dict_keys(['my-first-dag']) retrieved from /opt/airflow/dags/my_first_dag.py
[2023-07-21T17:22:08.428+0000] {logging_mixin.py:150} INFO - [2023-07-21T17:22:08.428+0000] {dag.py:2742} INFO - Sync 1 DAGs
[2023-07-21T17:22:08.446+0000] {logging_mixin.py:150} INFO - [2023-07-21T17:22:08.446+0000] {dag.py:3508} INFO - Setting next_dagrun for my-first-dag to 2023-07-21T00:00:00+00:00, run_after=2023-07-22T00:00:00+00:00
[2023-07-21T17:22:08.460+0000] {processor.py:179} INFO - Processing /opt/airflow/dags/my_first_dag.py took 0.064 seconds
[2023-07-21T17:22:38.638+0000] {processor.py:157} INFO - Started process (PID=4247) to work on /opt/airflow/dags/my_first_dag.py
[2023-07-21T17:22:38.639+0000] {processor.py:826} INFO - Processing file /opt/airflow/dags/my_first_dag.py for tasks to queue
[2023-07-21T17:22:38.640+0000] {logging_mixin.py:150} INFO - [2023-07-21T17:22:38.640+0000] {dagbag.py:541} INFO - Filling up the DagBag from /opt/airflow/dags/my_first_dag.py
[2023-07-21T17:22:38.648+0000] {processor.py:836} INFO - DAG(s) dict_keys(['my-first-dag']) retrieved from /opt/airflow/dags/my_first_dag.py
[2023-07-21T17:22:38.669+0000] {logging_mixin.py:150} INFO - [2023-07-21T17:22:38.669+0000] {dag.py:2742} INFO - Sync 1 DAGs
[2023-07-21T17:22:38.689+0000] {logging_mixin.py:150} INFO - [2023-07-21T17:22:38.689+0000] {dag.py:3508} INFO - Setting next_dagrun for my-first-dag to 2023-07-21T00:00:00+00:00, run_after=2023-07-22T00:00:00+00:00
[2023-07-21T17:22:38.702+0000] {processor.py:179} INFO - Processing /opt/airflow/dags/my_first_dag.py took 0.067 seconds
[2023-07-21T17:23:08.822+0000] {processor.py:157} INFO - Started process (PID=4308) to work on /opt/airflow/dags/my_first_dag.py
[2023-07-21T17:23:08.823+0000] {processor.py:826} INFO - Processing file /opt/airflow/dags/my_first_dag.py for tasks to queue
[2023-07-21T17:23:08.825+0000] {logging_mixin.py:150} INFO - [2023-07-21T17:23:08.825+0000] {dagbag.py:541} INFO - Filling up the DagBag from /opt/airflow/dags/my_first_dag.py
[2023-07-21T17:23:08.833+0000] {processor.py:836} INFO - DAG(s) dict_keys(['my-first-dag']) retrieved from /opt/airflow/dags/my_first_dag.py
[2023-07-21T17:23:08.852+0000] {logging_mixin.py:150} INFO - [2023-07-21T17:23:08.852+0000] {dag.py:2742} INFO - Sync 1 DAGs
[2023-07-21T17:23:08.871+0000] {logging_mixin.py:150} INFO - [2023-07-21T17:23:08.871+0000] {dag.py:3508} INFO - Setting next_dagrun for my-first-dag to 2023-07-21T00:00:00+00:00, run_after=2023-07-22T00:00:00+00:00
[2023-07-21T17:23:08.884+0000] {processor.py:179} INFO - Processing /opt/airflow/dags/my_first_dag.py took 0.066 seconds
[2023-07-21T17:23:39.070+0000] {processor.py:157} INFO - Started process (PID=4368) to work on /opt/airflow/dags/my_first_dag.py
[2023-07-21T17:23:39.071+0000] {processor.py:826} INFO - Processing file /opt/airflow/dags/my_first_dag.py for tasks to queue
[2023-07-21T17:23:39.072+0000] {logging_mixin.py:150} INFO - [2023-07-21T17:23:39.071+0000] {dagbag.py:541} INFO - Filling up the DagBag from /opt/airflow/dags/my_first_dag.py
[2023-07-21T17:23:39.079+0000] {processor.py:836} INFO - DAG(s) dict_keys(['my-first-dag']) retrieved from /opt/airflow/dags/my_first_dag.py
[2023-07-21T17:23:39.103+0000] {logging_mixin.py:150} INFO - [2023-07-21T17:23:39.103+0000] {dag.py:2742} INFO - Sync 1 DAGs
[2023-07-21T17:23:39.121+0000] {logging_mixin.py:150} INFO - [2023-07-21T17:23:39.121+0000] {dag.py:3508} INFO - Setting next_dagrun for my-first-dag to 2023-07-21T00:00:00+00:00, run_after=2023-07-22T00:00:00+00:00
[2023-07-21T17:23:39.136+0000] {processor.py:179} INFO - Processing /opt/airflow/dags/my_first_dag.py took 0.070 seconds
[2023-07-21T17:24:09.270+0000] {processor.py:157} INFO - Started process (PID=4428) to work on /opt/airflow/dags/my_first_dag.py
[2023-07-21T17:24:09.272+0000] {processor.py:826} INFO - Processing file /opt/airflow/dags/my_first_dag.py for tasks to queue
[2023-07-21T17:24:09.273+0000] {logging_mixin.py:150} INFO - [2023-07-21T17:24:09.273+0000] {dagbag.py:541} INFO - Filling up the DagBag from /opt/airflow/dags/my_first_dag.py
[2023-07-21T17:24:09.281+0000] {processor.py:836} INFO - DAG(s) dict_keys(['my-first-dag']) retrieved from /opt/airflow/dags/my_first_dag.py
[2023-07-21T17:24:09.307+0000] {logging_mixin.py:150} INFO - [2023-07-21T17:24:09.307+0000] {dag.py:2742} INFO - Sync 1 DAGs
[2023-07-21T17:24:09.325+0000] {logging_mixin.py:150} INFO - [2023-07-21T17:24:09.325+0000] {dag.py:3508} INFO - Setting next_dagrun for my-first-dag to 2023-07-21T00:00:00+00:00, run_after=2023-07-22T00:00:00+00:00
[2023-07-21T17:24:09.339+0000] {processor.py:179} INFO - Processing /opt/airflow/dags/my_first_dag.py took 0.072 seconds
[2023-07-21T17:24:39.410+0000] {processor.py:157} INFO - Started process (PID=4488) to work on /opt/airflow/dags/my_first_dag.py
[2023-07-21T17:24:39.412+0000] {processor.py:826} INFO - Processing file /opt/airflow/dags/my_first_dag.py for tasks to queue
[2023-07-21T17:24:39.413+0000] {logging_mixin.py:150} INFO - [2023-07-21T17:24:39.413+0000] {dagbag.py:541} INFO - Filling up the DagBag from /opt/airflow/dags/my_first_dag.py
[2023-07-21T17:24:39.422+0000] {processor.py:836} INFO - DAG(s) dict_keys(['my-first-dag']) retrieved from /opt/airflow/dags/my_first_dag.py
[2023-07-21T17:24:39.443+0000] {logging_mixin.py:150} INFO - [2023-07-21T17:24:39.442+0000] {dag.py:2742} INFO - Sync 1 DAGs
[2023-07-21T17:24:39.462+0000] {logging_mixin.py:150} INFO - [2023-07-21T17:24:39.462+0000] {dag.py:3508} INFO - Setting next_dagrun for my-first-dag to 2023-07-21T00:00:00+00:00, run_after=2023-07-22T00:00:00+00:00
[2023-07-21T17:24:39.476+0000] {processor.py:179} INFO - Processing /opt/airflow/dags/my_first_dag.py took 0.071 seconds
[2023-07-21T17:25:09.765+0000] {processor.py:157} INFO - Started process (PID=4548) to work on /opt/airflow/dags/my_first_dag.py
[2023-07-21T17:25:09.767+0000] {processor.py:826} INFO - Processing file /opt/airflow/dags/my_first_dag.py for tasks to queue
[2023-07-21T17:25:09.769+0000] {logging_mixin.py:150} INFO - [2023-07-21T17:25:09.768+0000] {dagbag.py:541} INFO - Filling up the DagBag from /opt/airflow/dags/my_first_dag.py
[2023-07-21T17:25:09.778+0000] {processor.py:836} INFO - DAG(s) dict_keys(['my-first-dag']) retrieved from /opt/airflow/dags/my_first_dag.py
[2023-07-21T17:25:09.799+0000] {logging_mixin.py:150} INFO - [2023-07-21T17:25:09.799+0000] {dag.py:2742} INFO - Sync 1 DAGs
[2023-07-21T17:25:09.820+0000] {logging_mixin.py:150} INFO - [2023-07-21T17:25:09.820+0000] {dag.py:3508} INFO - Setting next_dagrun for my-first-dag to 2023-07-21T00:00:00+00:00, run_after=2023-07-22T00:00:00+00:00
[2023-07-21T17:25:09.837+0000] {processor.py:179} INFO - Processing /opt/airflow/dags/my_first_dag.py took 0.076 seconds
[2023-07-21T17:25:40.048+0000] {processor.py:157} INFO - Started process (PID=4607) to work on /opt/airflow/dags/my_first_dag.py
[2023-07-21T17:25:40.049+0000] {processor.py:826} INFO - Processing file /opt/airflow/dags/my_first_dag.py for tasks to queue
[2023-07-21T17:25:40.050+0000] {logging_mixin.py:150} INFO - [2023-07-21T17:25:40.050+0000] {dagbag.py:541} INFO - Filling up the DagBag from /opt/airflow/dags/my_first_dag.py
[2023-07-21T17:25:40.058+0000] {processor.py:836} INFO - DAG(s) dict_keys(['my-first-dag']) retrieved from /opt/airflow/dags/my_first_dag.py
[2023-07-21T17:25:40.080+0000] {logging_mixin.py:150} INFO - [2023-07-21T17:25:40.080+0000] {dag.py:2742} INFO - Sync 1 DAGs
[2023-07-21T17:25:40.100+0000] {logging_mixin.py:150} INFO - [2023-07-21T17:25:40.100+0000] {dag.py:3508} INFO - Setting next_dagrun for my-first-dag to 2023-07-21T00:00:00+00:00, run_after=2023-07-22T00:00:00+00:00
[2023-07-21T17:25:40.115+0000] {processor.py:179} INFO - Processing /opt/airflow/dags/my_first_dag.py took 0.070 seconds
[2023-07-21T17:26:10.388+0000] {processor.py:157} INFO - Started process (PID=4667) to work on /opt/airflow/dags/my_first_dag.py
[2023-07-21T17:26:10.390+0000] {processor.py:826} INFO - Processing file /opt/airflow/dags/my_first_dag.py for tasks to queue
[2023-07-21T17:26:10.391+0000] {logging_mixin.py:150} INFO - [2023-07-21T17:26:10.391+0000] {dagbag.py:541} INFO - Filling up the DagBag from /opt/airflow/dags/my_first_dag.py
[2023-07-21T17:26:10.404+0000] {processor.py:836} INFO - DAG(s) dict_keys(['my-first-dag']) retrieved from /opt/airflow/dags/my_first_dag.py
[2023-07-21T17:26:10.427+0000] {logging_mixin.py:150} INFO - [2023-07-21T17:26:10.427+0000] {dag.py:2742} INFO - Sync 1 DAGs
[2023-07-21T17:26:10.447+0000] {logging_mixin.py:150} INFO - [2023-07-21T17:26:10.446+0000] {dag.py:3508} INFO - Setting next_dagrun for my-first-dag to 2023-07-21T00:00:00+00:00, run_after=2023-07-22T00:00:00+00:00
[2023-07-21T17:26:10.460+0000] {processor.py:179} INFO - Processing /opt/airflow/dags/my_first_dag.py took 0.075 seconds
[2023-07-21T17:26:40.609+0000] {processor.py:157} INFO - Started process (PID=4728) to work on /opt/airflow/dags/my_first_dag.py
[2023-07-21T17:26:40.610+0000] {processor.py:826} INFO - Processing file /opt/airflow/dags/my_first_dag.py for tasks to queue
[2023-07-21T17:26:40.611+0000] {logging_mixin.py:150} INFO - [2023-07-21T17:26:40.611+0000] {dagbag.py:541} INFO - Filling up the DagBag from /opt/airflow/dags/my_first_dag.py
[2023-07-21T17:26:40.618+0000] {processor.py:836} INFO - DAG(s) dict_keys(['my-first-dag']) retrieved from /opt/airflow/dags/my_first_dag.py
[2023-07-21T17:26:40.642+0000] {logging_mixin.py:150} INFO - [2023-07-21T17:26:40.641+0000] {dag.py:2742} INFO - Sync 1 DAGs
[2023-07-21T17:26:40.661+0000] {logging_mixin.py:150} INFO - [2023-07-21T17:26:40.661+0000] {dag.py:3508} INFO - Setting next_dagrun for my-first-dag to 2023-07-21T00:00:00+00:00, run_after=2023-07-22T00:00:00+00:00
[2023-07-21T17:26:40.674+0000] {processor.py:179} INFO - Processing /opt/airflow/dags/my_first_dag.py took 0.069 seconds
[2023-07-21T17:27:10.911+0000] {processor.py:157} INFO - Started process (PID=4788) to work on /opt/airflow/dags/my_first_dag.py
[2023-07-21T17:27:10.912+0000] {processor.py:826} INFO - Processing file /opt/airflow/dags/my_first_dag.py for tasks to queue
[2023-07-21T17:27:10.914+0000] {logging_mixin.py:150} INFO - [2023-07-21T17:27:10.914+0000] {dagbag.py:541} INFO - Filling up the DagBag from /opt/airflow/dags/my_first_dag.py
[2023-07-21T17:27:10.923+0000] {processor.py:836} INFO - DAG(s) dict_keys(['my-first-dag']) retrieved from /opt/airflow/dags/my_first_dag.py
[2023-07-21T17:27:10.946+0000] {logging_mixin.py:150} INFO - [2023-07-21T17:27:10.946+0000] {dag.py:2742} INFO - Sync 1 DAGs
[2023-07-21T17:27:10.965+0000] {logging_mixin.py:150} INFO - [2023-07-21T17:27:10.964+0000] {dag.py:3508} INFO - Setting next_dagrun for my-first-dag to 2023-07-21T00:00:00+00:00, run_after=2023-07-22T00:00:00+00:00
[2023-07-21T17:27:10.980+0000] {processor.py:179} INFO - Processing /opt/airflow/dags/my_first_dag.py took 0.072 seconds
[2023-07-21T18:44:54.326+0000] {processor.py:157} INFO - Started process (PID=4847) to work on /opt/airflow/dags/my_first_dag.py
[2023-07-21T18:44:54.329+0000] {processor.py:826} INFO - Processing file /opt/airflow/dags/my_first_dag.py for tasks to queue
[2023-07-21T18:44:54.332+0000] {logging_mixin.py:150} INFO - [2023-07-21T18:44:54.331+0000] {dagbag.py:541} INFO - Filling up the DagBag from /opt/airflow/dags/my_first_dag.py
[2023-07-21T18:44:54.359+0000] {processor.py:836} INFO - DAG(s) dict_keys(['my-first-dag']) retrieved from /opt/airflow/dags/my_first_dag.py
[2023-07-21T18:44:54.447+0000] {logging_mixin.py:150} INFO - [2023-07-21T18:44:54.447+0000] {dag.py:2742} INFO - Sync 1 DAGs
[2023-07-21T18:44:54.535+0000] {logging_mixin.py:150} INFO - [2023-07-21T18:44:54.535+0000] {dag.py:3508} INFO - Setting next_dagrun for my-first-dag to 2023-07-21T00:00:00+00:00, run_after=2023-07-22T00:00:00+00:00
[2023-07-21T18:44:54.656+0000] {processor.py:179} INFO - Processing /opt/airflow/dags/my_first_dag.py took 0.341 seconds
[2023-07-21T20:10:35.689+0000] {processor.py:157} INFO - Started process (PID=4907) to work on /opt/airflow/dags/my_first_dag.py
[2023-07-21T20:10:35.702+0000] {processor.py:826} INFO - Processing file /opt/airflow/dags/my_first_dag.py for tasks to queue
[2023-07-21T20:10:35.704+0000] {logging_mixin.py:150} INFO - [2023-07-21T20:10:35.703+0000] {dagbag.py:541} INFO - Filling up the DagBag from /opt/airflow/dags/my_first_dag.py
[2023-07-21T20:10:35.718+0000] {processor.py:836} INFO - DAG(s) dict_keys(['my-first-dag']) retrieved from /opt/airflow/dags/my_first_dag.py
[2023-07-21T20:10:35.764+0000] {logging_mixin.py:150} INFO - [2023-07-21T20:10:35.764+0000] {dag.py:2742} INFO - Sync 1 DAGs
[2023-07-21T20:10:35.801+0000] {logging_mixin.py:150} INFO - [2023-07-21T20:10:35.801+0000] {dag.py:3508} INFO - Setting next_dagrun for my-first-dag to 2023-07-21T00:00:00+00:00, run_after=2023-07-22T00:00:00+00:00
[2023-07-21T20:10:35.831+0000] {processor.py:179} INFO - Processing /opt/airflow/dags/my_first_dag.py took 0.144 seconds
[2023-07-21T21:54:34.419+0000] {processor.py:157} INFO - Started process (PID=4967) to work on /opt/airflow/dags/my_first_dag.py
[2023-07-21T21:54:34.420+0000] {processor.py:826} INFO - Processing file /opt/airflow/dags/my_first_dag.py for tasks to queue
[2023-07-21T21:54:34.421+0000] {logging_mixin.py:150} INFO - [2023-07-21T21:54:34.421+0000] {dagbag.py:541} INFO - Filling up the DagBag from /opt/airflow/dags/my_first_dag.py
[2023-07-21T21:54:34.428+0000] {processor.py:836} INFO - DAG(s) dict_keys(['my-first-dag']) retrieved from /opt/airflow/dags/my_first_dag.py
[2023-07-21T21:54:34.449+0000] {logging_mixin.py:150} INFO - [2023-07-21T21:54:34.449+0000] {dag.py:2742} INFO - Sync 1 DAGs
[2023-07-21T21:54:34.467+0000] {logging_mixin.py:150} INFO - [2023-07-21T21:54:34.467+0000] {dag.py:3508} INFO - Setting next_dagrun for my-first-dag to 2023-07-21T00:00:00+00:00, run_after=2023-07-22T00:00:00+00:00
[2023-07-21T21:54:34.480+0000] {processor.py:179} INFO - Processing /opt/airflow/dags/my_first_dag.py took 0.064 seconds
[2023-07-21T23:25:57.855+0000] {processor.py:157} INFO - Started process (PID=5027) to work on /opt/airflow/dags/my_first_dag.py
[2023-07-21T23:25:57.857+0000] {processor.py:826} INFO - Processing file /opt/airflow/dags/my_first_dag.py for tasks to queue
[2023-07-21T23:25:57.859+0000] {logging_mixin.py:150} INFO - [2023-07-21T23:25:57.859+0000] {dagbag.py:541} INFO - Filling up the DagBag from /opt/airflow/dags/my_first_dag.py
[2023-07-21T23:25:57.872+0000] {processor.py:836} INFO - DAG(s) dict_keys(['my-first-dag']) retrieved from /opt/airflow/dags/my_first_dag.py
[2023-07-21T23:25:57.927+0000] {logging_mixin.py:150} INFO - [2023-07-21T23:25:57.926+0000] {dag.py:2742} INFO - Sync 1 DAGs
[2023-07-21T23:25:57.957+0000] {logging_mixin.py:150} INFO - [2023-07-21T23:25:57.957+0000] {dag.py:3508} INFO - Setting next_dagrun for my-first-dag to 2023-07-21T00:00:00+00:00, run_after=2023-07-22T00:00:00+00:00
[2023-07-21T23:25:57.972+0000] {processor.py:179} INFO - Processing /opt/airflow/dags/my_first_dag.py took 0.121 seconds
