[2023-07-19T14:23:10.248+0000] {processor.py:157} INFO - Started process (PID=50) to work on /home/airflow/.local/lib/python3.7/site-packages/airflow/example_dags/example_bash_operator.py
[2023-07-19T14:23:10.249+0000] {processor.py:826} INFO - Processing file /home/airflow/.local/lib/python3.7/site-packages/airflow/example_dags/example_bash_operator.py for tasks to queue
[2023-07-19T14:23:10.251+0000] {logging_mixin.py:150} INFO - [2023-07-19T14:23:10.250+0000] {dagbag.py:541} INFO - Filling up the DagBag from /home/airflow/.local/lib/python3.7/site-packages/airflow/example_dags/example_bash_operator.py
[2023-07-19T14:23:10.262+0000] {processor.py:836} INFO - DAG(s) dict_keys(['example_bash_operator']) retrieved from /home/airflow/.local/lib/python3.7/site-packages/airflow/example_dags/example_bash_operator.py
[2023-07-19T14:23:10.661+0000] {logging_mixin.py:150} INFO - [2023-07-19T14:23:10.661+0000] {process_utils.py:258} INFO - Waiting up to 5 seconds for processes to exit...
[2023-07-19T14:23:10.662+0000] {logging_mixin.py:150} WARNING - Exception ignored in: <function WeakKeyDictionary.__init__.<locals>.remove at 0xffffb33a4dd0>
[2023-07-19T14:23:10.662+0000] {logging_mixin.py:150} WARNING - Traceback (most recent call last):
[2023-07-19T14:23:10.663+0000] {logging_mixin.py:150} WARNING -   File "/usr/local/lib/python3.7/weakref.py", line 358, in remove
[2023-07-19T14:23:10.663+0000] {logging_mixin.py:150} WARNING -     def remove(k, selfref=ref(self)):
[2023-07-19T14:23:10.664+0000] {logging_mixin.py:150} WARNING -   File "/home/airflow/.local/lib/python3.7/site-packages/airflow/dag_processing/manager.py", line 473, in _exit_gracefully
[2023-07-19T14:23:10.664+0000] {logging_mixin.py:150} WARNING -     self.end()
[2023-07-19T14:23:10.665+0000] {logging_mixin.py:150} WARNING -   File "/home/airflow/.local/lib/python3.7/site-packages/airflow/dag_processing/manager.py", line 1267, in end
[2023-07-19T14:23:10.665+0000] {logging_mixin.py:150} WARNING -     kill_child_processes_by_pids(pids_to_kill)
[2023-07-19T14:23:10.666+0000] {logging_mixin.py:150} WARNING -   File "/home/airflow/.local/lib/python3.7/site-packages/airflow/utils/process_utils.py", line 245, in kill_child_processes_by_pids
[2023-07-19T14:23:10.666+0000] {logging_mixin.py:150} WARNING -     this_process = psutil.Process(os.getpid())
[2023-07-19T14:23:10.666+0000] {logging_mixin.py:150} WARNING -   File "/home/airflow/.local/lib/python3.7/site-packages/psutil/__init__.py", line 332, in __init__
[2023-07-19T14:23:10.667+0000] {logging_mixin.py:150} WARNING -     self._init(pid)
[2023-07-19T14:23:10.667+0000] {logging_mixin.py:150} WARNING -   File "/home/airflow/.local/lib/python3.7/site-packages/psutil/__init__.py", line 361, in _init
[2023-07-19T14:23:10.668+0000] {logging_mixin.py:150} WARNING -     self.create_time()
[2023-07-19T14:23:10.668+0000] {logging_mixin.py:150} WARNING -   File "/home/airflow/.local/lib/python3.7/site-packages/psutil/__init__.py", line 719, in create_time
[2023-07-19T14:23:10.669+0000] {logging_mixin.py:150} WARNING -     self._create_time = self._proc.create_time()
[2023-07-19T14:23:10.669+0000] {logging_mixin.py:150} WARNING -   File "/home/airflow/.local/lib/python3.7/site-packages/psutil/_pslinux.py", line 1653, in wrapper
[2023-07-19T14:23:10.670+0000] {logging_mixin.py:150} WARNING -     return fun(self, *args, **kwargs)
[2023-07-19T14:23:10.670+0000] {logging_mixin.py:150} WARNING -   File "/home/airflow/.local/lib/python3.7/site-packages/psutil/_pslinux.py", line 1863, in create_time
[2023-07-19T14:23:10.671+0000] {logging_mixin.py:150} WARNING -     ctime = float(self._parse_stat_file()['create_time'])
[2023-07-19T14:23:10.671+0000] {logging_mixin.py:150} WARNING -   File "/home/airflow/.local/lib/python3.7/site-packages/psutil/_pslinux.py", line 1653, in wrapper
[2023-07-19T14:23:10.672+0000] {logging_mixin.py:150} WARNING -     return fun(self, *args, **kwargs)
[2023-07-19T14:23:10.672+0000] {logging_mixin.py:150} WARNING -   File "/home/airflow/.local/lib/python3.7/site-packages/psutil/_common.py", line 478, in wrapper
[2023-07-19T14:23:10.673+0000] {logging_mixin.py:150} WARNING -     return fun(self)
[2023-07-19T14:23:10.673+0000] {logging_mixin.py:150} WARNING -   File "/home/airflow/.local/lib/python3.7/site-packages/psutil/_pslinux.py", line 1695, in _parse_stat_file
[2023-07-19T14:23:10.674+0000] {logging_mixin.py:150} WARNING -     data = bcat("%s/%s/stat" % (self._procfs_path, self.pid))
[2023-07-19T14:23:10.674+0000] {logging_mixin.py:150} WARNING -   File "/home/airflow/.local/lib/python3.7/site-packages/airflow/dag_processing/manager.py", line 475, in _exit_gracefully
[2023-07-19T14:23:10.675+0000] {logging_mixin.py:150} WARNING -     sys.exit(os.EX_OK)
[2023-07-19T14:23:10.675+0000] {logging_mixin.py:150} WARNING - SystemExit: 0
[2023-07-19T14:23:10.690+0000] {logging_mixin.py:150} INFO - [2023-07-19T14:23:10.689+0000] {dag.py:2742} INFO - Sync 1 DAGs
[2023-07-19T14:23:10.704+0000] {logging_mixin.py:150} INFO - [2023-07-19T14:23:10.704+0000] {dag.py:3508} INFO - Setting next_dagrun for example_bash_operator to 2023-07-18T00:00:00+00:00, run_after=2023-07-19T00:00:00+00:00
[2023-07-19T14:23:10.716+0000] {processor.py:179} INFO - Processing /home/airflow/.local/lib/python3.7/site-packages/airflow/example_dags/example_bash_operator.py took 0.470 seconds
